[INFO] Error stacktraces are turned on.
[INFO] Scanning for projects...
[INFO] 
[INFO] ------------------------------------------------------------------------
[INFO] Building Calendar 1.0-SNAPSHOT
[INFO] ------------------------------------------------------------------------
[INFO] 
[INFO] --- maven-resources-plugin:2.6:resources (default-resources) @ Calendar ---
[INFO] Using 'UTF-8' encoding to copy filtered resources.
[INFO] skip non existing resourceDirectory /Users/Matt/OSU/CS362/CS362-001-W2018/projects/bakermat/assignment-5/ayalal/Calendar/src/main/resources
[INFO] 
[INFO] --- maven-compiler-plugin:3.1:compile (default-compile) @ Calendar ---
[INFO] Nothing to compile - all classes are up to date
[INFO] 
[INFO] --- maven-resources-plugin:2.6:testResources (default-testResources) @ Calendar ---
[INFO] Using 'UTF-8' encoding to copy filtered resources.
[INFO] skip non existing resourceDirectory /Users/Matt/OSU/CS362/CS362-001-W2018/projects/bakermat/assignment-5/ayalal/Calendar/src/test/resources
[INFO] 
[INFO] --- maven-compiler-plugin:3.1:testCompile (default-testCompile) @ Calendar ---
[INFO] Nothing to compile - all classes are up to date
[INFO] 
[INFO] --- maven-surefire-plugin:2.12.4:test (default-test) @ Calendar ---
[INFO] Surefire report directory: /Users/Matt/OSU/CS362/CS362-001-W2018/projects/bakermat/assignment-5/ayalal/Calendar/target/surefire-reports

-------------------------------------------------------
 T E S T S
-------------------------------------------------------
Running calendar.ApptRandomTest
Start testing...
elapsed time: 138 of 5000
elapsed time: 151 of 5000
elapsed time: 208 of 5000
elapsed time: 278 of 5000
elapsed time: 363 of 5000
elapsed time: 443 of 5000
elapsed time: 521 of 5000
elapsed time: 710 of 5000
elapsed time: 801 of 5000
elapsed time: 972 of 5000
elapsed time: 1063 of 5000
elapsed time: 1463 of 5000
elapsed time: 1837 of 5000
elapsed time: 2062 of 5000
elapsed time: 2281 of 5000
elapsed time: 3383 of 5000
elapsed time: 3408 of 5000
elapsed time: 3963 of 5000
elapsed time: 4037 of 5000
elapsed time: 4065 of 5000
elapsed time: 4087 of 5000
elapsed time: 4234 of 5000
Done testing...
Start testing...
elapsed time: 170 of 5000
elapsed time: 336 of 5000
elapsed time: 487 of 5000
elapsed time: 642 of 5000
elapsed time: 793 of 5000
elapsed time: 944 of 5000
elapsed time: 1094 of 5000
elapsed time: 1247 of 5000
elapsed time: 1399 of 5000
elapsed time: 1555 of 5000
elapsed time: 1706 of 5000
elapsed time: 1858 of 5000
elapsed time: 2011 of 5000
elapsed time: 3177 of 5000
elapsed time: 3635 of 5000
elapsed time: 3787 of 5000
elapsed time: 3938 of 5000
elapsed time: 4093 of 5000
Done testing...
Start testing...
elapsed time: 34 of 5000
elapsed time: 114 of 5000
elapsed time: 485 of 5000
elapsed time: 554 of 5000
elapsed time: 568 of 5000
elapsed time: 1224 of 5000
elapsed time: 1251 of 5000
elapsed time: 1262 of 5000
elapsed time: 2069 of 5000
elapsed time: 2660 of 5000
elapsed time: 2887 of 5000
elapsed time: 3267 of 5000
elapsed time: 3280 of 5000
elapsed time: 3485 of 5000
elapsed time: 3684 of 5000
elapsed time: 3915 of 5000
elapsed time: 4458 of 5000
Done testing...
Start testing...
elapsed time: 611 of 5000
elapsed time: 697 of 5000
elapsed time: 1656 of 5000
elapsed time: 1939 of 5000
elapsed time: 2308 of 5000
elapsed time: 2355 of 5000
elapsed time: 2598 of 5000
elapsed time: 3247 of 5000
elapsed time: 3377 of 5000
elapsed time: 3649 of 5000
elapsed time: 3661 of 5000
elapsed time: 3954 of 5000
elapsed time: 3988 of 5000
elapsed time: 4191 of 5000
elapsed time: 4219 of 5000
elapsed time: 4232 of 5000
elapsed time: 4256 of 5000
elapsed time: 4802 of 5000
Done testing...
Start testing...
elapsed time: 946 of 5000
elapsed time: 1042 of 5000
elapsed time: 1349 of 5000
elapsed time: 1675 of 5000
elapsed time: 2359 of 5000
elapsed time: 2464 of 5000
elapsed time: 2908 of 5000
elapsed time: 3368 of 5000
elapsed time: 3736 of 5000
elapsed time: 4494 of 5000
elapsed time: 4612 of 5000
Done testing...
Start testing...
elapsed time: 355 of 5000
elapsed time: 717 of 5000
elapsed time: 1058 of 5000
elapsed time: 1422 of 5000
elapsed time: 1628 of 5000
elapsed time: 1972 of 5000
elapsed time: 2847 of 5000
elapsed time: 3224 of 5000
elapsed time: 3397 of 5000
elapsed time: 3433 of 5000
elapsed time: 3444 of 5000
elapsed time: 3618 of 5000
Done testing...
Start testing...
elapsed time: 33 of 5000
elapsed time: 69 of 5000
elapsed time: 92 of 5000
elapsed time: 121 of 5000
elapsed time: 137 of 5000
elapsed time: 152 of 5000
elapsed time: 166 of 5000
elapsed time: 168 of 5000
elapsed time: 181 of 5000
elapsed time: 186 of 5000
elapsed time: 188 of 5000
elapsed time: 191 of 5000
elapsed time: 202 of 5000
elapsed time: 211 of 5000
elapsed time: 222 of 5000
elapsed time: 233 of 5000
elapsed time: 241 of 5000
elapsed time: 244 of 5000
elapsed time: 259 of 5000
elapsed time: 262 of 5000
elapsed time: 264 of 5000
elapsed time: 269 of 5000
elapsed time: 300 of 5000
elapsed time: 303 of 5000
elapsed time: 306 of 5000
elapsed time: 308 of 5000
elapsed time: 313 of 5000
elapsed time: 315 of 5000
elapsed time: 323 of 5000
elapsed time: 334 of 5000
elapsed time: 343 of 5000
elapsed time: 354 of 5000
elapsed time: 366 of 5000
elapsed time: 375 of 5000
elapsed time: 389 of 5000
elapsed time: 391 of 5000
elapsed time: 400 of 5000
elapsed time: 409 of 5000
elapsed time: 435 of 5000
elapsed time: 438 of 5000
elapsed time: 445 of 5000
elapsed time: 453 of 5000
elapsed time: 456 of 5000
elapsed time: 490 of 5000
elapsed time: 492 of 5000
elapsed time: 495 of 5000
elapsed time: 511 of 5000
elapsed time: 514 of 5000
elapsed time: 536 of 5000
elapsed time: 549 of 5000
elapsed time: 551 of 5000
elapsed time: 570 of 5000
elapsed time: 585 of 5000
elapsed time: 587 of 5000
elapsed time: 594 of 5000
elapsed time: 596 of 5000
elapsed time: 605 of 5000
elapsed time: 619 of 5000
elapsed time: 622 of 5000
elapsed time: 625 of 5000
elapsed time: 648 of 5000
elapsed time: 668 of 5000
elapsed time: 681 of 5000
elapsed time: 684 of 5000
elapsed time: 692 of 5000
elapsed time: 702 of 5000
elapsed time: 705 of 5000
elapsed time: 708 of 5000
elapsed time: 726 of 5000
elapsed time: 737 of 5000
elapsed time: 757 of 5000
elapsed time: 760 of 5000
elapsed time: 768 of 5000
elapsed time: 773 of 5000
elapsed time: 775 of 5000
elapsed time: 793 of 5000
elapsed time: 819 of 5000
elapsed time: 822 of 5000
elapsed time: 824 of 5000
elapsed time: 838 of 5000
elapsed time: 840 of 5000
elapsed time: 859 of 5000
elapsed time: 870 of 5000
elapsed time: 879 of 5000
elapsed time: 891 of 5000
elapsed time: 900 of 5000
elapsed time: 907 of 5000
elapsed time: 910 of 5000
elapsed time: 913 of 5000
elapsed time: 915 of 5000
elapsed time: 925 of 5000
elapsed time: 931 of 5000
elapsed time: 936 of 5000
elapsed time: 949 of 5000
elapsed time: 960 of 5000
elapsed time: 971 of 5000
elapsed time: 978 of 5000
elapsed time: 990 of 5000
elapsed time: 1000 of 5000
elapsed time: 1034 of 5000
elapsed time: 1041 of 5000
elapsed time: 1044 of 5000
elapsed time: 1077 of 5000
elapsed time: 1079 of 5000
elapsed time: 1098 of 5000
elapsed time: 1118 of 5000
elapsed time: 1120 of 5000
elapsed time: 1154 of 5000
elapsed time: 1165 of 5000
elapsed time: 1173 of 5000
elapsed time: 1200 of 5000
elapsed time: 1227 of 5000
elapsed time: 1230 of 5000
elapsed time: 1233 of 5000
elapsed time: 1252 of 5000
elapsed time: 1262 of 5000
elapsed time: 1265 of 5000
elapsed time: 1285 of 5000
elapsed time: 1288 of 5000
elapsed time: 1308 of 5000
elapsed time: 1311 of 5000
elapsed time: 1323 of 5000
elapsed time: 1330 of 5000
elapsed time: 1341 of 5000
elapsed time: 1352 of 5000
elapsed time: 1365 of 5000
elapsed time: 1384 of 5000
elapsed time: 1389 of 5000
elapsed time: 1392 of 5000
elapsed time: 1399 of 5000
elapsed time: 1402 of 5000
elapsed time: 1420 of 5000
elapsed time: 1438 of 5000
elapsed time: 1443 of 5000
elapsed time: 1454 of 5000
elapsed time: 1463 of 5000
elapsed time: 1497 of 5000
elapsed time: 1499 of 5000
elapsed time: 1505 of 5000
elapsed time: 1507 of 5000
elapsed time: 1517 of 5000
elapsed time: 1526 of 5000
elapsed time: 1554 of 5000
elapsed time: 1561 of 5000
elapsed time: 1563 of 5000
elapsed time: 1566 of 5000
elapsed time: 1570 of 5000
elapsed time: 1572 of 5000
elapsed time: 1585 of 5000
elapsed time: 1592 of 5000
elapsed time: 1606 of 5000
elapsed time: 1615 of 5000
elapsed time: 1626 of 5000
elapsed time: 1637 of 5000
elapsed time: 1647 of 5000
elapsed time: 1663 of 5000
elapsed time: 1683 of 5000
elapsed time: 1704 of 5000
elapsed time: 1717 of 5000
elapsed time: 1728 of 5000
elapsed time: 1739 of 5000
elapsed time: 1746 of 5000
elapsed time: 1757 of 5000
elapsed time: 1760 of 5000
elapsed time: 1770 of 5000
elapsed time: 1778 of 5000
elapsed time: 1790 of 5000
elapsed time: 1800 of 5000
elapsed time: 1805 of 5000
elapsed time: 1824 of 5000
elapsed time: 1834 of 5000
elapsed time: 1836 of 5000
elapsed time: 1839 of 5000
elapsed time: 1842 of 5000
elapsed time: 1849 of 5000
elapsed time: 1851 of 5000
elapsed time: 1854 of 5000
elapsed time: 1858 of 5000
elapsed time: 1870 of 5000
elapsed time: 1890 of 5000
elapsed time: 1892 of 5000
elapsed time: 1901 of 5000
elapsed time: 1911 of 5000
elapsed time: 1925 of 5000
elapsed time: 1936 of 5000
elapsed time: 1947 of 5000
elapsed time: 1951 of 5000
elapsed time: 1954 of 5000
elapsed time: 1961 of 5000
elapsed time: 1976 of 5000
elapsed time: 1981 of 5000
elapsed time: 1990 of 5000
elapsed time: 2018 of 5000
elapsed time: 2020 of 5000
elapsed time: 2040 of 5000
elapsed time: 2056 of 5000
elapsed time: 2075 of 5000
elapsed time: 2091 of 5000
elapsed time: 2098 of 5000
elapsed time: 2109 of 5000
elapsed time: 2120 of 5000
elapsed time: 2140 of 5000
elapsed time: 2145 of 5000
elapsed time: 2147 of 5000
elapsed time: 2150 of 5000
elapsed time: 2157 of 5000
elapsed time: 2165 of 5000
elapsed time: 2172 of 5000
elapsed time: 2176 of 5000
elapsed time: 2187 of 5000
elapsed time: 2211 of 5000
elapsed time: 2221 of 5000
elapsed time: 2231 of 5000
elapsed time: 2247 of 5000
elapsed time: 2250 of 5000
elapsed time: 2255 of 5000
elapsed time: 2277 of 5000
elapsed time: 2318 of 5000
elapsed time: 2321 of 5000
elapsed time: 2323 of 5000
elapsed time: 2342 of 5000
elapsed time: 2361 of 5000
elapsed time: 2364 of 5000
elapsed time: 2367 of 5000
elapsed time: 2377 of 5000
elapsed time: 2387 of 5000
elapsed time: 2397 of 5000
elapsed time: 2399 of 5000
elapsed time: 2404 of 5000
elapsed time: 2414 of 5000
elapsed time: 2417 of 5000
elapsed time: 2419 of 5000
elapsed time: 2440 of 5000
elapsed time: 2458 of 5000
elapsed time: 2460 of 5000
elapsed time: 2463 of 5000
elapsed time: 2474 of 5000
elapsed time: 2497 of 5000
elapsed time: 2499 of 5000
elapsed time: 2518 of 5000
elapsed time: 2544 of 5000
elapsed time: 2551 of 5000
elapsed time: 2554 of 5000
elapsed time: 2570 of 5000
elapsed time: 2572 of 5000
elapsed time: 2579 of 5000
elapsed time: 2590 of 5000
elapsed time: 2593 of 5000
elapsed time: 2595 of 5000
elapsed time: 2614 of 5000
elapsed time: 2636 of 5000
elapsed time: 2639 of 5000
elapsed time: 2642 of 5000
elapsed time: 2649 of 5000
elapsed time: 2651 of 5000
elapsed time: 2654 of 5000
elapsed time: 2661 of 5000
elapsed time: 2663 of 5000
elapsed time: 2666 of 5000
elapsed time: 2686 of 5000
elapsed time: 2689 of 5000
elapsed time: 2692 of 5000
elapsed time: 2701 of 5000
elapsed time: 2710 of 5000
elapsed time: 2712 of 5000
elapsed time: 2736 of 5000
elapsed time: 2747 of 5000
elapsed time: 2776 of 5000
elapsed time: 2786 of 5000
elapsed time: 2788 of 5000
elapsed time: 2795 of 5000
elapsed time: 2798 of 5000
elapsed time: 2801 of 5000
elapsed time: 2823 of 5000
elapsed time: 2832 of 5000
elapsed time: 2842 of 5000
elapsed time: 2844 of 5000
elapsed time: 2859 of 5000
elapsed time: 2866 of 5000
elapsed time: 2877 of 5000
elapsed time: 2888 of 5000
elapsed time: 2901 of 5000
elapsed time: 2915 of 5000
elapsed time: 2944 of 5000
elapsed time: 2971 of 5000
elapsed time: 2974 of 5000
elapsed time: 2977 of 5000
elapsed time: 2980 of 5000
elapsed time: 2989 of 5000
elapsed time: 2999 of 5000
elapsed time: 3023 of 5000
elapsed time: 3034 of 5000
elapsed time: 3041 of 5000
elapsed time: 3044 of 5000
elapsed time: 3053 of 5000
elapsed time: 3061 of 5000
elapsed time: 3064 of 5000
elapsed time: 3084 of 5000
elapsed time: 3087 of 5000
elapsed time: 3118 of 5000
elapsed time: 3121 of 5000
elapsed time: 3142 of 5000
elapsed time: 3162 of 5000
elapsed time: 3173 of 5000
elapsed time: 3176 of 5000
elapsed time: 3184 of 5000
elapsed time: 3193 of 5000
elapsed time: 3196 of 5000
elapsed time: 3199 of 5000
elapsed time: 3218 of 5000
elapsed time: 3235 of 5000
elapsed time: 3238 of 5000
elapsed time: 3245 of 5000
elapsed time: 3260 of 5000
elapsed time: 3263 of 5000
elapsed time: 3274 of 5000
elapsed time: 3295 of 5000
elapsed time: 3306 of 5000
elapsed time: 3325 of 5000
elapsed time: 3351 of 5000
elapsed time: 3372 of 5000
elapsed time: 3375 of 5000
elapsed time: 3380 of 5000
elapsed time: 3387 of 5000
elapsed time: 3390 of 5000
elapsed time: 3394 of 5000
elapsed time: 3416 of 5000
elapsed time: 3428 of 5000
elapsed time: 3437 of 5000
elapsed time: 3446 of 5000
elapsed time: 3461 of 5000
elapsed time: 3464 of 5000
elapsed time: 3472 of 5000
elapsed time: 3481 of 5000
elapsed time: 3483 of 5000
elapsed time: 3507 of 5000
elapsed time: 3517 of 5000
elapsed time: 3521 of 5000
elapsed time: 3523 of 5000
elapsed time: 3526 of 5000
elapsed time: 3548 of 5000
elapsed time: 3551 of 5000
elapsed time: 3554 of 5000
elapsed time: 3556 of 5000
elapsed time: 3571 of 5000
elapsed time: 3574 of 5000
elapsed time: 3589 of 5000
elapsed time: 3592 of 5000
elapsed time: 3615 of 5000
elapsed time: 3635 of 5000
elapsed time: 3649 of 5000
elapsed time: 3651 of 5000
elapsed time: 3654 of 5000
elapsed time: 3661 of 5000
elapsed time: 3688 of 5000
elapsed time: 3701 of 5000
elapsed time: 3724 of 5000
elapsed time: 3727 of 5000
elapsed time: 3730 of 5000
elapsed time: 3737 of 5000
elapsed time: 3742 of 5000
elapsed time: 3745 of 5000
elapsed time: 3748 of 5000
elapsed time: 3765 of 5000
elapsed time: 3768 of 5000
elapsed time: 3781 of 5000
elapsed time: 3783 of 5000
elapsed time: 3788 of 5000
elapsed time: 3791 of 5000
elapsed time: 3820 of 5000
elapsed time: 3823 of 5000
elapsed time: 3833 of 5000
elapsed time: 3839 of 5000
elapsed time: 3842 of 5000
elapsed time: 3862 of 5000
elapsed time: 3864 of 5000
elapsed time: 3869 of 5000
elapsed time: 3879 of 5000
elapsed time: 3898 of 5000
elapsed time: 3915 of 5000
elapsed time: 3922 of 5000
elapsed time: 3934 of 5000
elapsed time: 3947 of 5000
elapsed time: 3954 of 5000
elapsed time: 3965 of 5000
elapsed time: 3969 of 5000
elapsed time: 3971 of 5000
elapsed time: 3974 of 5000
elapsed time: 3989 of 5000
elapsed time: 4010 of 5000
elapsed time: 4018 of 5000
elapsed time: 4020 of 5000
elapsed time: 4036 of 5000
elapsed time: 4055 of 5000
elapsed time: 4063 of 5000
elapsed time: 4074 of 5000
elapsed time: 4084 of 5000
elapsed time: 4094 of 5000
elapsed time: 4097 of 5000
elapsed time: 4099 of 5000
elapsed time: 4118 of 5000
elapsed time: 4128 of 5000
elapsed time: 4135 of 5000
elapsed time: 4138 of 5000
elapsed time: 4140 of 5000
elapsed time: 4164 of 5000
elapsed time: 4184 of 5000
elapsed time: 4193 of 5000
elapsed time: 4196 of 5000
elapsed time: 4206 of 5000
elapsed time: 4214 of 5000
elapsed time: 4249 of 5000
elapsed time: 4252 of 5000
elapsed time: 4255 of 5000
elapsed time: 4258 of 5000
elapsed time: 4260 of 5000
elapsed time: 4265 of 5000
elapsed time: 4267 of 5000
elapsed time: 4270 of 5000
elapsed time: 4273 of 5000
elapsed time: 4280 of 5000
elapsed time: 4285 of 5000
elapsed time: 4289 of 5000
elapsed time: 4296 of 5000
elapsed time: 4309 of 5000
elapsed time: 4328 of 5000
elapsed time: 4346 of 5000
elapsed time: 4348 of 5000
elapsed time: 4362 of 5000
elapsed time: 4371 of 5000
elapsed time: 4382 of 5000
elapsed time: 4385 of 5000
elapsed time: 4392 of 5000
elapsed time: 4397 of 5000
elapsed time: 4416 of 5000
elapsed time: 4428 of 5000
elapsed time: 4436 of 5000
elapsed time: 4443 of 5000
elapsed time: 4458 of 5000
elapsed time: 4482 of 5000
elapsed time: 4484 of 5000
elapsed time: 4493 of 5000
elapsed time: 4503 of 5000
elapsed time: 4517 of 5000
elapsed time: 4528 of 5000
elapsed time: 4568 of 5000
elapsed time: 4578 of 5000
elapsed time: 4589 of 5000
elapsed time: 4598 of 5000
elapsed time: 4613 of 5000
elapsed time: 4615 of 5000
elapsed time: 4618 of 5000
elapsed time: 4633 of 5000
elapsed time: 4642 of 5000
elapsed time: 4649 of 5000
elapsed time: 4657 of 5000
elapsed time: 4659 of 5000
elapsed time: 4662 of 5000
elapsed time: 4669 of 5000
elapsed time: 4678 of 5000
elapsed time: 4688 of 5000
elapsed time: 4700 of 5000
elapsed time: 4711 of 5000
elapsed time: 4731 of 5000
elapsed time: 4755 of 5000
elapsed time: 4765 of 5000
elapsed time: 4796 of 5000
elapsed time: 4800 of 5000
elapsed time: 4810 of 5000
elapsed time: 4820 of 5000
elapsed time: 4843 of 5000
elapsed time: 4850 of 5000
elapsed time: 4866 of 5000
elapsed time: 4877 of 5000
elapsed time: 4887 of 5000
elapsed time: 4906 of 5000
elapsed time: 4908 of 5000
elapsed time: 4911 of 5000
elapsed time: 4921 of 5000
elapsed time: 4930 of 5000
elapsed time: 4942 of 5000
elapsed time: 4945 of 5000
elapsed time: 4984 of 5000
elapsed time: 4999 of 5000
Done testing...
Tests run: 7, Failures: 0, Errors: 0, Skipped: 0, Time elapsed: 37.6 sec
Running calendar.ApptTest
Tests run: 4, Failures: 2, Errors: 0, Skipped: 0, Time elapsed: 0.001 sec <<< FAILURE!
test02(calendar.ApptTest)  Time elapsed: 0.001 sec  <<< FAILURE!
java.lang.AssertionError: expected:<null> but was:<[I@6e2c9341>
	at org.junit.Assert.fail(Assert.java:88)
	at org.junit.Assert.failNotEquals(Assert.java:834)
	at org.junit.Assert.assertEquals(Assert.java:118)
	at org.junit.Assert.assertEquals(Assert.java:144)
	at calendar.ApptTest.test02(ApptTest.java:99)
	at java.base/jdk.internal.reflect.NativeMethodAccessorImpl.invoke0(Native Method)
	at java.base/jdk.internal.reflect.NativeMethodAccessorImpl.invoke(NativeMethodAccessorImpl.java:62)
	at java.base/jdk.internal.reflect.DelegatingMethodAccessorImpl.invoke(DelegatingMethodAccessorImpl.java:43)
	at java.base/java.lang.reflect.Method.invoke(Method.java:564)
	at org.junit.runners.model.FrameworkMethod$1.runReflectiveCall(FrameworkMethod.java:50)
	at org.junit.internal.runners.model.ReflectiveCallable.run(ReflectiveCallable.java:12)
	at org.junit.runners.model.FrameworkMethod.invokeExplosively(FrameworkMethod.java:47)
	at org.junit.internal.runners.statements.InvokeMethod.evaluate(InvokeMethod.java:17)
	at org.junit.runners.ParentRunner.runLeaf(ParentRunner.java:325)
	at org.junit.runners.BlockJUnit4ClassRunner.runChild(BlockJUnit4ClassRunner.java:78)
	at org.junit.runners.BlockJUnit4ClassRunner.runChild(BlockJUnit4ClassRunner.java:57)
	at org.junit.runners.ParentRunner$3.run(ParentRunner.java:290)
	at org.junit.runners.ParentRunner$1.schedule(ParentRunner.java:71)
	at org.junit.runners.ParentRunner.runChildren(ParentRunner.java:288)
	at org.junit.runners.ParentRunner.access$000(ParentRunner.java:58)
	at org.junit.runners.ParentRunner$2.evaluate(ParentRunner.java:268)
	at org.junit.runners.ParentRunner.run(ParentRunner.java:363)
	at org.apache.maven.surefire.junit4.JUnit4Provider.execute(JUnit4Provider.java:252)
	at org.apache.maven.surefire.junit4.JUnit4Provider.executeTestSet(JUnit4Provider.java:141)
	at org.apache.maven.surefire.junit4.JUnit4Provider.invoke(JUnit4Provider.java:112)
	at java.base/jdk.internal.reflect.NativeMethodAccessorImpl.invoke0(Native Method)
	at java.base/jdk.internal.reflect.NativeMethodAccessorImpl.invoke(NativeMethodAccessorImpl.java:62)
	at java.base/jdk.internal.reflect.DelegatingMethodAccessorImpl.invoke(DelegatingMethodAccessorImpl.java:43)
	at java.base/java.lang.reflect.Method.invoke(Method.java:564)
	at org.apache.maven.surefire.util.ReflectionUtils.invokeMethodWithArray(ReflectionUtils.java:189)
	at org.apache.maven.surefire.booter.ProviderFactory$ProviderProxy.invoke(ProviderFactory.java:165)
	at org.apache.maven.surefire.booter.ProviderFactory.invokeProvider(ProviderFactory.java:85)
	at org.apache.maven.surefire.booter.ForkedBooter.runSuitesInProcess(ForkedBooter.java:115)
	at org.apache.maven.surefire.booter.ForkedBooter.main(ForkedBooter.java:75)

test03(calendar.ApptTest)  Time elapsed: 0 sec  <<< FAILURE!
java.lang.AssertionError
	at org.junit.Assert.fail(Assert.java:86)
	at org.junit.Assert.assertTrue(Assert.java:41)
	at org.junit.Assert.assertFalse(Assert.java:64)
	at org.junit.Assert.assertFalse(Assert.java:74)
	at calendar.ApptTest.test03(ApptTest.java:156)
	at java.base/jdk.internal.reflect.NativeMethodAccessorImpl.invoke0(Native Method)
	at java.base/jdk.internal.reflect.NativeMethodAccessorImpl.invoke(NativeMethodAccessorImpl.java:62)
	at java.base/jdk.internal.reflect.DelegatingMethodAccessorImpl.invoke(DelegatingMethodAccessorImpl.java:43)
	at java.base/java.lang.reflect.Method.invoke(Method.java:564)
	at org.junit.runners.model.FrameworkMethod$1.runReflectiveCall(FrameworkMethod.java:50)
	at org.junit.internal.runners.model.ReflectiveCallable.run(ReflectiveCallable.java:12)
	at org.junit.runners.model.FrameworkMethod.invokeExplosively(FrameworkMethod.java:47)
	at org.junit.internal.runners.statements.InvokeMethod.evaluate(InvokeMethod.java:17)
	at org.junit.runners.ParentRunner.runLeaf(ParentRunner.java:325)
	at org.junit.runners.BlockJUnit4ClassRunner.runChild(BlockJUnit4ClassRunner.java:78)
	at org.junit.runners.BlockJUnit4ClassRunner.runChild(BlockJUnit4ClassRunner.java:57)
	at org.junit.runners.ParentRunner$3.run(ParentRunner.java:290)
	at org.junit.runners.ParentRunner$1.schedule(ParentRunner.java:71)
	at org.junit.runners.ParentRunner.runChildren(ParentRunner.java:288)
	at org.junit.runners.ParentRunner.access$000(ParentRunner.java:58)
	at org.junit.runners.ParentRunner$2.evaluate(ParentRunner.java:268)
	at org.junit.runners.ParentRunner.run(ParentRunner.java:363)
	at org.apache.maven.surefire.junit4.JUnit4Provider.execute(JUnit4Provider.java:252)
	at org.apache.maven.surefire.junit4.JUnit4Provider.executeTestSet(JUnit4Provider.java:141)
	at org.apache.maven.surefire.junit4.JUnit4Provider.invoke(JUnit4Provider.java:112)
	at java.base/jdk.internal.reflect.NativeMethodAccessorImpl.invoke0(Native Method)
	at java.base/jdk.internal.reflect.NativeMethodAccessorImpl.invoke(NativeMethodAccessorImpl.java:62)
	at java.base/jdk.internal.reflect.DelegatingMethodAccessorImpl.invoke(DelegatingMethodAccessorImpl.java:43)
	at java.base/java.lang.reflect.Method.invoke(Method.java:564)
	at org.apache.maven.surefire.util.ReflectionUtils.invokeMethodWithArray(ReflectionUtils.java:189)
	at org.apache.maven.surefire.booter.ProviderFactory$ProviderProxy.invoke(ProviderFactory.java:165)
	at org.apache.maven.surefire.booter.ProviderFactory.invokeProvider(ProviderFactory.java:85)
	at org.apache.maven.surefire.booter.ForkedBooter.runSuitesInProcess(ForkedBooter.java:115)
	at org.apache.maven.surefire.booter.ForkedBooter.main(ForkedBooter.java:75)

Running calendar.CalDayRandomTest
Start testing...
elapsed time: 240 of 15000
elapsed time: 430 of 15000
elapsed time: 607 of 15000
elapsed time: 802 of 15000
elapsed time: 972 of 15000
elapsed time: 1129 of 15000
elapsed time: 1287 of 15000
elapsed time: 1451 of 15000
elapsed time: 1617 of 15000
elapsed time: 1774 of 15000
elapsed time: 1929 of 15000
elapsed time: 2086 of 15000
elapsed time: 2243 of 15000
elapsed time: 2401 of 15000
elapsed time: 2555 of 15000
elapsed time: 2709 of 15000
elapsed time: 2866 of 15000
elapsed time: 3022 of 15000
elapsed time: 3178 of 15000
elapsed time: 3340 of 15000
elapsed time: 3495 of 15000
elapsed time: 3654 of 15000
elapsed time: 3810 of 15000
elapsed time: 3966 of 15000
elapsed time: 4122 of 15000
elapsed time: 4278 of 15000
elapsed time: 4434 of 15000
elapsed time: 4591 of 15000
elapsed time: 4747 of 15000
elapsed time: 4903 of 15000
elapsed time: 5059 of 15000
elapsed time: 5217 of 15000
elapsed time: 5373 of 15000
elapsed time: 5534 of 15000
elapsed time: 5689 of 15000
elapsed time: 5845 of 15000
elapsed time: 6004 of 15000
elapsed time: 6159 of 15000
elapsed time: 6316 of 15000
elapsed time: 6473 of 15000
elapsed time: 6630 of 15000
elapsed time: 6786 of 15000
elapsed time: 6941 of 15000
elapsed time: 7100 of 15000
elapsed time: 7264 of 15000
elapsed time: 7420 of 15000
elapsed time: 7578 of 15000
elapsed time: 7737 of 15000
elapsed time: 7891 of 15000
elapsed time: 8048 of 15000
elapsed time: 8204 of 15000
elapsed time: 8360 of 15000
elapsed time: 8515 of 15000
elapsed time: 8671 of 15000
elapsed time: 8828 of 15000
elapsed time: 8984 of 15000
elapsed time: 9140 of 15000
elapsed time: 9302 of 15000
elapsed time: 9458 of 15000
elapsed time: 9620 of 15000
elapsed time: 9777 of 15000
elapsed time: 9934 of 15000
elapsed time: 10089 of 15000
elapsed time: 10244 of 15000
elapsed time: 10401 of 15000
elapsed time: 10557 of 15000
elapsed time: 10718 of 15000
elapsed time: 10872 of 15000
elapsed time: 11032 of 15000
elapsed time: 11187 of 15000
elapsed time: 11343 of 15000
elapsed time: 11499 of 15000
elapsed time: 11657 of 15000
elapsed time: 11815 of 15000
elapsed time: 11970 of 15000
elapsed time: 12125 of 15000
elapsed time: 12286 of 15000
elapsed time: 12443 of 15000
elapsed time: 12602 of 15000
elapsed time: 12758 of 15000
elapsed time: 12912 of 15000
elapsed time: 13068 of 15000
elapsed time: 13229 of 15000
elapsed time: 13384 of 15000
elapsed time: 13542 of 15000
elapsed time: 13699 of 15000
elapsed time: 13856 of 15000
elapsed time: 14017 of 15000
elapsed time: 14175 of 15000
elapsed time: 14331 of 15000
elapsed time: 14486 of 15000
elapsed time: 14641 of 15000
elapsed time: 14797 of 15000
elapsed time: 14956 of 15000
Done testing...
Start testing...
elapsed time: 28 of 15000
elapsed time: 325 of 15000
elapsed time: 379 of 15000
elapsed time: 1326 of 15000
elapsed time: 1338 of 15000
elapsed time: 1352 of 15000
elapsed time: 1366 of 15000
elapsed time: 1380 of 15000
elapsed time: 1572 of 15000
elapsed time: 1587 of 15000
elapsed time: 1601 of 15000
elapsed time: 2073 of 15000
elapsed time: 2474 of 15000
elapsed time: 2489 of 15000
elapsed time: 2547 of 15000
elapsed time: 2711 of 15000
elapsed time: 2952 of 15000
elapsed time: 3260 of 15000
elapsed time: 3565 of 15000
elapsed time: 3578 of 15000
elapsed time: 3593 of 15000
elapsed time: 3607 of 15000
elapsed time: 3622 of 15000
elapsed time: 3716 of 15000
elapsed time: 3864 of 15000
elapsed time: 3877 of 15000
elapsed time: 3891 of 15000
elapsed time: 4203 of 15000
elapsed time: 4216 of 15000
elapsed time: 4511 of 15000
elapsed time: 4541 of 15000
elapsed time: 4555 of 15000
elapsed time: 4796 of 15000
elapsed time: 5092 of 15000
elapsed time: 5113 of 15000
elapsed time: 5606 of 15000
elapsed time: 5676 of 15000
elapsed time: 6459 of 15000
elapsed time: 6645 of 15000
elapsed time: 6691 of 15000
elapsed time: 6706 of 15000
elapsed time: 6961 of 15000
elapsed time: 6974 of 15000
elapsed time: 6999 of 15000
elapsed time: 7407 of 15000
elapsed time: 7420 of 15000
elapsed time: 7772 of 15000
elapsed time: 7785 of 15000
elapsed time: 7800 of 15000
elapsed time: 7930 of 15000
elapsed time: 7967 of 15000
elapsed time: 8620 of 15000
elapsed time: 8704 of 15000
elapsed time: 8717 of 15000
elapsed time: 8746 of 15000
elapsed time: 8761 of 15000
elapsed time: 8852 of 15000
elapsed time: 8878 of 15000
elapsed time: 9054 of 15000
elapsed time: 9071 of 15000
elapsed time: 9298 of 15000
elapsed time: 9323 of 15000
elapsed time: 9361 of 15000
elapsed time: 9373 of 15000
elapsed time: 9386 of 15000
elapsed time: 9409 of 15000
elapsed time: 9420 of 15000
elapsed time: 9450 of 15000
elapsed time: 9463 of 15000
elapsed time: 9685 of 15000
elapsed time: 9698 of 15000
elapsed time: 10062 of 15000
elapsed time: 10110 of 15000
elapsed time: 10334 of 15000
elapsed time: 10565 of 15000
elapsed time: 10594 of 15000
elapsed time: 10728 of 15000
elapsed time: 10907 of 15000
elapsed time: 10945 of 15000
elapsed time: 11522 of 15000
elapsed time: 11606 of 15000
elapsed time: 11621 of 15000
elapsed time: 11768 of 15000
elapsed time: 11781 of 15000
elapsed time: 11810 of 15000
elapsed time: 12459 of 15000
elapsed time: 12474 of 15000
elapsed time: 12488 of 15000
elapsed time: 12889 of 15000
elapsed time: 13140 of 15000
elapsed time: 13153 of 15000
elapsed time: 13867 of 15000
elapsed time: 13881 of 15000
elapsed time: 13895 of 15000
elapsed time: 13913 of 15000
elapsed time: 13946 of 15000
elapsed time: 14214 of 15000
elapsed time: 14227 of 15000
elapsed time: 14240 of 15000
elapsed time: 14253 of 15000
elapsed time: 14851 of 15000
elapsed time: 14866 of 15000
elapsed time: 14886 of 15000
Done testing...
Start testing...
elapsed time: 669 of 15000
elapsed time: 1630 of 15000
elapsed time: 2328 of 15000
elapsed time: 2648 of 15000
elapsed time: 2830 of 15000
elapsed time: 2844 of 15000
elapsed time: 2857 of 15000
elapsed time: 2876 of 15000
elapsed time: 3196 of 15000
elapsed time: 3366 of 15000
elapsed time: 3382 of 15000
elapsed time: 3393 of 15000
elapsed time: 3793 of 15000
elapsed time: 4042 of 15000
elapsed time: 4971 of 15000
elapsed time: 4983 of 15000
elapsed time: 4995 of 15000
elapsed time: 5317 of 15000
elapsed time: 5341 of 15000
elapsed time: 5376 of 15000
elapsed time: 5583 of 15000
elapsed time: 5597 of 15000
elapsed time: 5958 of 15000
elapsed time: 5981 of 15000
elapsed time: 5995 of 15000
elapsed time: 6133 of 15000
elapsed time: 6145 of 15000
elapsed time: 6258 of 15000
elapsed time: 6323 of 15000
elapsed time: 6334 of 15000
elapsed time: 6347 of 15000
elapsed time: 6828 of 15000
elapsed time: 7216 of 15000
elapsed time: 7229 of 15000
elapsed time: 7265 of 15000
elapsed time: 7575 of 15000
elapsed time: 7600 of 15000
elapsed time: 7943 of 15000
elapsed time: 7960 of 15000
elapsed time: 8376 of 15000
elapsed time: 8553 of 15000
elapsed time: 8787 of 15000
elapsed time: 8801 of 15000
elapsed time: 8835 of 15000
elapsed time: 8849 of 15000
elapsed time: 8906 of 15000
elapsed time: 8922 of 15000
elapsed time: 8933 of 15000
elapsed time: 9211 of 15000
elapsed time: 9231 of 15000
elapsed time: 9245 of 15000
elapsed time: 9258 of 15000
elapsed time: 9658 of 15000
elapsed time: 10210 of 15000
elapsed time: 10454 of 15000
elapsed time: 10657 of 15000
elapsed time: 10980 of 15000
elapsed time: 11016 of 15000
elapsed time: 11643 of 15000
elapsed time: 11674 of 15000
elapsed time: 11687 of 15000
elapsed time: 11763 of 15000
elapsed time: 12647 of 15000
elapsed time: 13256 of 15000
elapsed time: 13910 of 15000
elapsed time: 13936 of 15000
elapsed time: 14123 of 15000
elapsed time: 14136 of 15000
elapsed time: 14149 of 15000
elapsed time: 14480 of 15000
elapsed time: 14546 of 15000
elapsed time: 14560 of 15000
elapsed time: 14875 of 15000
elapsed time: 14890 of 15000
elapsed time: 14903 of 15000
Done testing...
Tests run: 3, Failures: 0, Errors: 0, Skipped: 0, Time elapsed: 44.994 sec
Running calendar.CalDayTest
Tests run: 2, Failures: 1, Errors: 0, Skipped: 0, Time elapsed: 0.001 sec <<< FAILURE!
test02(calendar.CalDayTest)  Time elapsed: 0.001 sec  <<< FAILURE!
java.lang.AssertionError
	at org.junit.Assert.fail(Assert.java:86)
	at org.junit.Assert.assertTrue(Assert.java:41)
	at org.junit.Assert.assertFalse(Assert.java:64)
	at org.junit.Assert.assertFalse(Assert.java:74)
	at calendar.CalDayTest.test02(CalDayTest.java:112)
	at java.base/jdk.internal.reflect.NativeMethodAccessorImpl.invoke0(Native Method)
	at java.base/jdk.internal.reflect.NativeMethodAccessorImpl.invoke(NativeMethodAccessorImpl.java:62)
	at java.base/jdk.internal.reflect.DelegatingMethodAccessorImpl.invoke(DelegatingMethodAccessorImpl.java:43)
	at java.base/java.lang.reflect.Method.invoke(Method.java:564)
	at org.junit.runners.model.FrameworkMethod$1.runReflectiveCall(FrameworkMethod.java:50)
	at org.junit.internal.runners.model.ReflectiveCallable.run(ReflectiveCallable.java:12)
	at org.junit.runners.model.FrameworkMethod.invokeExplosively(FrameworkMethod.java:47)
	at org.junit.internal.runners.statements.InvokeMethod.evaluate(InvokeMethod.java:17)
	at org.junit.runners.ParentRunner.runLeaf(ParentRunner.java:325)
	at org.junit.runners.BlockJUnit4ClassRunner.runChild(BlockJUnit4ClassRunner.java:78)
	at org.junit.runners.BlockJUnit4ClassRunner.runChild(BlockJUnit4ClassRunner.java:57)
	at org.junit.runners.ParentRunner$3.run(ParentRunner.java:290)
	at org.junit.runners.ParentRunner$1.schedule(ParentRunner.java:71)
	at org.junit.runners.ParentRunner.runChildren(ParentRunner.java:288)
	at org.junit.runners.ParentRunner.access$000(ParentRunner.java:58)
	at org.junit.runners.ParentRunner$2.evaluate(ParentRunner.java:268)
	at org.junit.runners.ParentRunner.run(ParentRunner.java:363)
	at org.apache.maven.surefire.junit4.JUnit4Provider.execute(JUnit4Provider.java:252)
	at org.apache.maven.surefire.junit4.JUnit4Provider.executeTestSet(JUnit4Provider.java:141)
	at org.apache.maven.surefire.junit4.JUnit4Provider.invoke(JUnit4Provider.java:112)
	at java.base/jdk.internal.reflect.NativeMethodAccessorImpl.invoke0(Native Method)
	at java.base/jdk.internal.reflect.NativeMethodAccessorImpl.invoke(NativeMethodAccessorImpl.java:62)
	at java.base/jdk.internal.reflect.DelegatingMethodAccessorImpl.invoke(DelegatingMethodAccessorImpl.java:43)
	at java.base/java.lang.reflect.Method.invoke(Method.java:564)
	at org.apache.maven.surefire.util.ReflectionUtils.invokeMethodWithArray(ReflectionUtils.java:189)
	at org.apache.maven.surefire.booter.ProviderFactory$ProviderProxy.invoke(ProviderFactory.java:165)
	at org.apache.maven.surefire.booter.ProviderFactory.invokeProvider(ProviderFactory.java:85)
	at org.apache.maven.surefire.booter.ForkedBooter.runSuitesInProcess(ForkedBooter.java:115)
	at org.apache.maven.surefire.booter.ForkedBooter.main(ForkedBooter.java:75)

Running calendar.TimeTableRandomTest
Start testing...
Start testing...
elapsed time: 130 of 5000
elapsed time: 258 of 5000
elapsed time: 319 of 5000
elapsed time: 493 of 5000
elapsed time: 509 of 5000
elapsed time: 1714 of 5000
elapsed time: 1735 of 5000
elapsed time: 1746 of 5000
elapsed time: 1757 of 5000
elapsed time: 1798 of 5000
elapsed time: 1857 of 5000
elapsed time: 2899 of 5000
elapsed time: 2916 of 5000
elapsed time: 3864 of 5000
elapsed time: 4044 of 5000
Done testing...
Start testing...
elapsed time: 31 of 5000
elapsed time: 51 of 5000
elapsed time: 62 of 5000
elapsed time: 73 of 5000
elapsed time: 131 of 5000
elapsed time: 154 of 5000
elapsed time: 188 of 5000
elapsed time: 200 of 5000
elapsed time: 223 of 5000
elapsed time: 258 of 5000
elapsed time: 269 of 5000
elapsed time: 292 of 5000
elapsed time: 310 of 5000
elapsed time: 322 of 5000
elapsed time: 337 of 5000
elapsed time: 351 of 5000
elapsed time: 365 of 5000
elapsed time: 379 of 5000
elapsed time: 393 of 5000
elapsed time: 410 of 5000
elapsed time: 427 of 5000
elapsed time: 445 of 5000
elapsed time: 459 of 5000
elapsed time: 473 of 5000
elapsed time: 487 of 5000
elapsed time: 500 of 5000
elapsed time: 514 of 5000
elapsed time: 527 of 5000
elapsed time: 541 of 5000
elapsed time: 544 of 5000
elapsed time: 565 of 5000
elapsed time: 583 of 5000
elapsed time: 600 of 5000
elapsed time: 616 of 5000
elapsed time: 631 of 5000
elapsed time: 645 of 5000
elapsed time: 659 of 5000
elapsed time: 675 of 5000
elapsed time: 690 of 5000
elapsed time: 704 of 5000
elapsed time: 722 of 5000
elapsed time: 736 of 5000
elapsed time: 753 of 5000
elapsed time: 771 of 5000
elapsed time: 786 of 5000
elapsed time: 804 of 5000
elapsed time: 822 of 5000
elapsed time: 837 of 5000
elapsed time: 858 of 5000
elapsed time: 873 of 5000
elapsed time: 887 of 5000
elapsed time: 905 of 5000
elapsed time: 919 of 5000
elapsed time: 933 of 5000
elapsed time: 947 of 5000
elapsed time: 963 of 5000
elapsed time: 975 of 5000
elapsed time: 993 of 5000
elapsed time: 1007 of 5000
elapsed time: 1020 of 5000
elapsed time: 1037 of 5000
elapsed time: 1049 of 5000
elapsed time: 1065 of 5000
elapsed time: 1078 of 5000
elapsed time: 1092 of 5000
elapsed time: 1107 of 5000
elapsed time: 1122 of 5000
elapsed time: 1140 of 5000
elapsed time: 1152 of 5000
elapsed time: 1165 of 5000
elapsed time: 1180 of 5000
elapsed time: 1199 of 5000
elapsed time: 1217 of 5000
elapsed time: 1231 of 5000
elapsed time: 1245 of 5000
elapsed time: 1259 of 5000
elapsed time: 1275 of 5000
elapsed time: 1277 of 5000
elapsed time: 1293 of 5000
elapsed time: 1311 of 5000
elapsed time: 1327 of 5000
elapsed time: 1329 of 5000
elapsed time: 1346 of 5000
elapsed time: 1363 of 5000
elapsed time: 1378 of 5000
elapsed time: 1392 of 5000
elapsed time: 1410 of 5000
elapsed time: 1426 of 5000
elapsed time: 1440 of 5000
elapsed time: 1454 of 5000
elapsed time: 1470 of 5000
elapsed time: 1487 of 5000
elapsed time: 1500 of 5000
elapsed time: 1520 of 5000
elapsed time: 1534 of 5000
elapsed time: 1551 of 5000
elapsed time: 1564 of 5000
elapsed time: 1578 of 5000
elapsed time: 1594 of 5000
elapsed time: 1608 of 5000
elapsed time: 1623 of 5000
elapsed time: 1638 of 5000
elapsed time: 1653 of 5000
elapsed time: 1655 of 5000
elapsed time: 1672 of 5000
elapsed time: 1687 of 5000
elapsed time: 1699 of 5000
elapsed time: 1701 of 5000
elapsed time: 1715 of 5000
elapsed time: 1732 of 5000
elapsed time: 1747 of 5000
elapsed time: 1763 of 5000
elapsed time: 1779 of 5000
elapsed time: 1781 of 5000
elapsed time: 1795 of 5000
elapsed time: 1808 of 5000
elapsed time: 1824 of 5000
elapsed time: 1838 of 5000
elapsed time: 1854 of 5000
elapsed time: 1873 of 5000
elapsed time: 1885 of 5000
elapsed time: 1887 of 5000
elapsed time: 1903 of 5000
elapsed time: 1918 of 5000
elapsed time: 1932 of 5000
elapsed time: 1946 of 5000
elapsed time: 1960 of 5000
elapsed time: 1974 of 5000
elapsed time: 1991 of 5000
elapsed time: 2007 of 5000
elapsed time: 2023 of 5000
elapsed time: 2036 of 5000
elapsed time: 2051 of 5000
elapsed time: 2068 of 5000
elapsed time: 2080 of 5000
elapsed time: 2093 of 5000
elapsed time: 2108 of 5000
elapsed time: 2121 of 5000
elapsed time: 2136 of 5000
elapsed time: 2150 of 5000
elapsed time: 2169 of 5000
elapsed time: 2183 of 5000
elapsed time: 2196 of 5000
elapsed time: 2213 of 5000
elapsed time: 2227 of 5000
elapsed time: 2245 of 5000
elapsed time: 2259 of 5000
elapsed time: 2282 of 5000
elapsed time: 2298 of 5000
elapsed time: 2311 of 5000
elapsed time: 2326 of 5000
elapsed time: 2340 of 5000
elapsed time: 2355 of 5000
elapsed time: 2372 of 5000
elapsed time: 2374 of 5000
elapsed time: 2390 of 5000
elapsed time: 2406 of 5000
elapsed time: 2418 of 5000
elapsed time: 2420 of 5000
elapsed time: 2434 of 5000
elapsed time: 2449 of 5000
elapsed time: 2451 of 5000
elapsed time: 2465 of 5000
elapsed time: 2467 of 5000
elapsed time: 2481 of 5000
elapsed time: 2496 of 5000
elapsed time: 2510 of 5000
elapsed time: 2526 of 5000
elapsed time: 2541 of 5000
elapsed time: 2555 of 5000
elapsed time: 2570 of 5000
elapsed time: 2586 of 5000
elapsed time: 2601 of 5000
elapsed time: 2616 of 5000
elapsed time: 2619 of 5000
elapsed time: 2639 of 5000
elapsed time: 2652 of 5000
elapsed time: 2667 of 5000
elapsed time: 2682 of 5000
elapsed time: 2694 of 5000
elapsed time: 2710 of 5000
elapsed time: 2723 of 5000
elapsed time: 2739 of 5000
elapsed time: 2751 of 5000
elapsed time: 2753 of 5000
elapsed time: 2769 of 5000
elapsed time: 2787 of 5000
elapsed time: 2801 of 5000
elapsed time: 2815 of 5000
elapsed time: 2830 of 5000
elapsed time: 2832 of 5000
elapsed time: 2849 of 5000
elapsed time: 2861 of 5000
elapsed time: 2879 of 5000
elapsed time: 2895 of 5000
elapsed time: 2918 of 5000
elapsed time: 2932 of 5000
elapsed time: 2948 of 5000
elapsed time: 2960 of 5000
elapsed time: 2973 of 5000
elapsed time: 2975 of 5000
elapsed time: 2988 of 5000
elapsed time: 3004 of 5000
elapsed time: 3021 of 5000
elapsed time: 3038 of 5000
elapsed time: 3053 of 5000
elapsed time: 3055 of 5000
elapsed time: 3067 of 5000
elapsed time: 3086 of 5000
elapsed time: 3103 of 5000
elapsed time: 3117 of 5000
elapsed time: 3132 of 5000
elapsed time: 3151 of 5000
elapsed time: 3153 of 5000
elapsed time: 3166 of 5000
elapsed time: 3183 of 5000
elapsed time: 3196 of 5000
elapsed time: 3211 of 5000
elapsed time: 3226 of 5000
elapsed time: 3243 of 5000
elapsed time: 3257 of 5000
elapsed time: 3272 of 5000
elapsed time: 3288 of 5000
elapsed time: 3303 of 5000
elapsed time: 3319 of 5000
elapsed time: 3333 of 5000
elapsed time: 3349 of 5000
elapsed time: 3362 of 5000
elapsed time: 3376 of 5000
elapsed time: 3389 of 5000
elapsed time: 3406 of 5000
elapsed time: 3419 of 5000
elapsed time: 3421 of 5000
elapsed time: 3435 of 5000
elapsed time: 3449 of 5000
elapsed time: 3466 of 5000
elapsed time: 3484 of 5000
elapsed time: 3498 of 5000
elapsed time: 3512 of 5000
elapsed time: 3527 of 5000
elapsed time: 3541 of 5000
elapsed time: 3543 of 5000
elapsed time: 3563 of 5000
elapsed time: 3578 of 5000
elapsed time: 3592 of 5000
elapsed time: 3617 of 5000
elapsed time: 3632 of 5000
elapsed time: 3650 of 5000
elapsed time: 3666 of 5000
elapsed time: 3669 of 5000
elapsed time: 3685 of 5000
elapsed time: 3697 of 5000
elapsed time: 3713 of 5000
elapsed time: 3731 of 5000
elapsed time: 3747 of 5000
elapsed time: 3762 of 5000
elapsed time: 3775 of 5000
elapsed time: 3789 of 5000
elapsed time: 3803 of 5000
elapsed time: 3818 of 5000
elapsed time: 3832 of 5000
elapsed time: 3846 of 5000
elapsed time: 3861 of 5000
elapsed time: 3879 of 5000
elapsed time: 3893 of 5000
elapsed time: 3919 of 5000
elapsed time: 3939 of 5000
elapsed time: 3955 of 5000
elapsed time: 3973 of 5000
elapsed time: 3993 of 5000
elapsed time: 4009 of 5000
elapsed time: 4031 of 5000
elapsed time: 4046 of 5000
elapsed time: 4064 of 5000
elapsed time: 4066 of 5000
elapsed time: 4080 of 5000
elapsed time: 4093 of 5000
elapsed time: 4108 of 5000
elapsed time: 4122 of 5000
elapsed time: 4138 of 5000
elapsed time: 4153 of 5000
elapsed time: 4169 of 5000
elapsed time: 4185 of 5000
elapsed time: 4201 of 5000
elapsed time: 4217 of 5000
elapsed time: 4231 of 5000
elapsed time: 4248 of 5000
elapsed time: 4267 of 5000
elapsed time: 4283 of 5000
elapsed time: 4297 of 5000
elapsed time: 4309 of 5000
elapsed time: 4326 of 5000
elapsed time: 4339 of 5000
elapsed time: 4358 of 5000
elapsed time: 4360 of 5000
elapsed time: 4374 of 5000
elapsed time: 4387 of 5000
elapsed time: 4389 of 5000
elapsed time: 4403 of 5000
elapsed time: 4418 of 5000
elapsed time: 4434 of 5000
elapsed time: 4448 of 5000
elapsed time: 4461 of 5000
elapsed time: 4463 of 5000
elapsed time: 4480 of 5000
elapsed time: 4494 of 5000
elapsed time: 4508 of 5000
elapsed time: 4528 of 5000
elapsed time: 4540 of 5000
elapsed time: 4555 of 5000
elapsed time: 4570 of 5000
elapsed time: 4588 of 5000
elapsed time: 4603 of 5000
elapsed time: 4616 of 5000
elapsed time: 4632 of 5000
elapsed time: 4644 of 5000
elapsed time: 4661 of 5000
elapsed time: 4678 of 5000
elapsed time: 4680 of 5000
elapsed time: 4694 of 5000
elapsed time: 4710 of 5000
elapsed time: 4724 of 5000
elapsed time: 4740 of 5000
elapsed time: 4759 of 5000
elapsed time: 4777 of 5000
elapsed time: 4793 of 5000
elapsed time: 4807 of 5000
elapsed time: 4822 of 5000
elapsed time: 4836 of 5000
elapsed time: 4853 of 5000
elapsed time: 4868 of 5000
elapsed time: 4883 of 5000
elapsed time: 4902 of 5000
elapsed time: 4921 of 5000
elapsed time: 4936 of 5000
elapsed time: 4951 of 5000
elapsed time: 4965 of 5000
elapsed time: 4977 of 5000
elapsed time: 4996 of 5000
Done testing...
Start testing...
elapsed time: 290 of 5000
elapsed time: 740 of 5000
elapsed time: 762 of 5000
elapsed time: 791 of 5000
elapsed time: 820 of 5000
elapsed time: 929 of 5000
elapsed time: 1308 of 5000
elapsed time: 1564 of 5000
elapsed time: 1579 of 5000
elapsed time: 2222 of 5000
elapsed time: 2568 of 5000
elapsed time: 2583 of 5000
elapsed time: 2597 of 5000
elapsed time: 2990 of 5000
elapsed time: 3003 of 5000
elapsed time: 3058 of 5000
elapsed time: 3084 of 5000
elapsed time: 3098 of 5000
elapsed time: 3111 of 5000
elapsed time: 3136 of 5000
elapsed time: 3149 of 5000
elapsed time: 3161 of 5000
elapsed time: 3186 of 5000
elapsed time: 3198 of 5000
elapsed time: 3724 of 5000
elapsed time: 3738 of 5000
elapsed time: 3753 of 5000
elapsed time: 3766 of 5000
elapsed time: 3930 of 5000
elapsed time: 4217 of 5000
elapsed time: 4229 of 5000
elapsed time: 4287 of 5000
elapsed time: 4300 of 5000
elapsed time: 4520 of 5000
elapsed time: 4533 of 5000
Done testing...
Start testing...
Start testing...
elapsed time: 6 of 5000
elapsed time: 12 of 5000
elapsed time: 17 of 5000
elapsed time: 23 of 5000
elapsed time: 29 of 5000
elapsed time: 34 of 5000
elapsed time: 40 of 5000
elapsed time: 44 of 5000
elapsed time: 48 of 5000
elapsed time: 52 of 5000
elapsed time: 56 of 5000
elapsed time: 60 of 5000
elapsed time: 64 of 5000
elapsed time: 68 of 5000
elapsed time: 72 of 5000
elapsed time: 76 of 5000
elapsed time: 80 of 5000
elapsed time: 85 of 5000
elapsed time: 89 of 5000
elapsed time: 93 of 5000
elapsed time: 97 of 5000
elapsed time: 101 of 5000
elapsed time: 105 of 5000
elapsed time: 109 of 5000
elapsed time: 113 of 5000
elapsed time: 117 of 5000
elapsed time: 121 of 5000
elapsed time: 125 of 5000
elapsed time: 129 of 5000
elapsed time: 133 of 5000
elapsed time: 137 of 5000
elapsed time: 141 of 5000
elapsed time: 145 of 5000
elapsed time: 149 of 5000
elapsed time: 153 of 5000
elapsed time: 157 of 5000
elapsed time: 161 of 5000
elapsed time: 165 of 5000
elapsed time: 169 of 5000
elapsed time: 174 of 5000
elapsed time: 178 of 5000
elapsed time: 182 of 5000
elapsed time: 186 of 5000
elapsed time: 190 of 5000
elapsed time: 194 of 5000
elapsed time: 198 of 5000
elapsed time: 202 of 5000
elapsed time: 206 of 5000
elapsed time: 211 of 5000
elapsed time: 215 of 5000
elapsed time: 219 of 5000
elapsed time: 222 of 5000
elapsed time: 225 of 5000
elapsed time: 229 of 5000
elapsed time: 232 of 5000
elapsed time: 235 of 5000
elapsed time: 238 of 5000
elapsed time: 242 of 5000
elapsed time: 245 of 5000
elapsed time: 248 of 5000
elapsed time: 251 of 5000
elapsed time: 254 of 5000
elapsed time: 258 of 5000
elapsed time: 261 of 5000
elapsed time: 265 of 5000
elapsed time: 268 of 5000
elapsed time: 271 of 5000
elapsed time: 274 of 5000
elapsed time: 277 of 5000
elapsed time: 280 of 5000
elapsed time: 284 of 5000
elapsed time: 287 of 5000
elapsed time: 290 of 5000
elapsed time: 293 of 5000
elapsed time: 297 of 5000
elapsed time: 300 of 5000
elapsed time: 303 of 5000
elapsed time: 306 of 5000
elapsed time: 309 of 5000
elapsed time: 313 of 5000
elapsed time: 316 of 5000
elapsed time: 319 of 5000
elapsed time: 322 of 5000
elapsed time: 326 of 5000
elapsed time: 329 of 5000
elapsed time: 332 of 5000
elapsed time: 335 of 5000
elapsed time: 339 of 5000
elapsed time: 342 of 5000
elapsed time: 345 of 5000
elapsed time: 349 of 5000
elapsed time: 352 of 5000
elapsed time: 355 of 5000
elapsed time: 359 of 5000
elapsed time: 362 of 5000
elapsed time: 365 of 5000
elapsed time: 368 of 5000
elapsed time: 371 of 5000
elapsed time: 374 of 5000
elapsed time: 378 of 5000
elapsed time: 381 of 5000
elapsed time: 384 of 5000
elapsed time: 387 of 5000
elapsed time: 390 of 5000
elapsed time: 394 of 5000
elapsed time: 397 of 5000
elapsed time: 400 of 5000
elapsed time: 403 of 5000
elapsed time: 406 of 5000
elapsed time: 410 of 5000
elapsed time: 413 of 5000
elapsed time: 416 of 5000
elapsed time: 419 of 5000
elapsed time: 422 of 5000
elapsed time: 426 of 5000
elapsed time: 429 of 5000
elapsed time: 432 of 5000
elapsed time: 436 of 5000
elapsed time: 439 of 5000
elapsed time: 442 of 5000
elapsed time: 445 of 5000
elapsed time: 448 of 5000
elapsed time: 452 of 5000
elapsed time: 455 of 5000
elapsed time: 458 of 5000
elapsed time: 461 of 5000
elapsed time: 465 of 5000
elapsed time: 468 of 5000
elapsed time: 471 of 5000
elapsed time: 474 of 5000
elapsed time: 478 of 5000
elapsed time: 481 of 5000
elapsed time: 484 of 5000
elapsed time: 487 of 5000
elapsed time: 490 of 5000
elapsed time: 494 of 5000
elapsed time: 497 of 5000
elapsed time: 500 of 5000
elapsed time: 503 of 5000
elapsed time: 507 of 5000
elapsed time: 510 of 5000
elapsed time: 513 of 5000
elapsed time: 516 of 5000
elapsed time: 520 of 5000
elapsed time: 523 of 5000
elapsed time: 527 of 5000
elapsed time: 530 of 5000
elapsed time: 533 of 5000
elapsed time: 536 of 5000
elapsed time: 540 of 5000
elapsed time: 543 of 5000
elapsed time: 546 of 5000
elapsed time: 549 of 5000
elapsed time: 553 of 5000
elapsed time: 556 of 5000
elapsed time: 559 of 5000
elapsed time: 562 of 5000
elapsed time: 565 of 5000
elapsed time: 569 of 5000
elapsed time: 572 of 5000
elapsed time: 575 of 5000
elapsed time: 578 of 5000
elapsed time: 581 of 5000
elapsed time: 585 of 5000
elapsed time: 588 of 5000
elapsed time: 591 of 5000
elapsed time: 594 of 5000
elapsed time: 598 of 5000
elapsed time: 601 of 5000
elapsed time: 604 of 5000
elapsed time: 608 of 5000
elapsed time: 611 of 5000
elapsed time: 614 of 5000
elapsed time: 617 of 5000
elapsed time: 621 of 5000
elapsed time: 624 of 5000
elapsed time: 627 of 5000
elapsed time: 630 of 5000
elapsed time: 633 of 5000
elapsed time: 637 of 5000
elapsed time: 640 of 5000
elapsed time: 643 of 5000
elapsed time: 646 of 5000
elapsed time: 649 of 5000
elapsed time: 653 of 5000
elapsed time: 656 of 5000
elapsed time: 659 of 5000
elapsed time: 662 of 5000
elapsed time: 665 of 5000
elapsed time: 669 of 5000
elapsed time: 672 of 5000
elapsed time: 675 of 5000
elapsed time: 678 of 5000
elapsed time: 681 of 5000
elapsed time: 685 of 5000
elapsed time: 688 of 5000
elapsed time: 692 of 5000
elapsed time: 695 of 5000
elapsed time: 698 of 5000
elapsed time: 701 of 5000
elapsed time: 704 of 5000
elapsed time: 708 of 5000
elapsed time: 711 of 5000
elapsed time: 714 of 5000
elapsed time: 717 of 5000
elapsed time: 720 of 5000
elapsed time: 723 of 5000
elapsed time: 727 of 5000
elapsed time: 730 of 5000
elapsed time: 733 of 5000
elapsed time: 736 of 5000
elapsed time: 739 of 5000
elapsed time: 743 of 5000
elapsed time: 746 of 5000
elapsed time: 749 of 5000
elapsed time: 752 of 5000
elapsed time: 755 of 5000
elapsed time: 759 of 5000
elapsed time: 762 of 5000
elapsed time: 765 of 5000
elapsed time: 768 of 5000
elapsed time: 771 of 5000
elapsed time: 775 of 5000
elapsed time: 778 of 5000
elapsed time: 781 of 5000
elapsed time: 785 of 5000
elapsed time: 788 of 5000
elapsed time: 791 of 5000
elapsed time: 794 of 5000
elapsed time: 797 of 5000
elapsed time: 801 of 5000
elapsed time: 804 of 5000
elapsed time: 807 of 5000
elapsed time: 810 of 5000
elapsed time: 813 of 5000
elapsed time: 820 of 5000
elapsed time: 827 of 5000
elapsed time: 834 of 5000
elapsed time: 837 of 5000
elapsed time: 840 of 5000
elapsed time: 843 of 5000
elapsed time: 847 of 5000
elapsed time: 850 of 5000
elapsed time: 853 of 5000
elapsed time: 856 of 5000
elapsed time: 859 of 5000
elapsed time: 863 of 5000
elapsed time: 866 of 5000
elapsed time: 869 of 5000
elapsed time: 873 of 5000
elapsed time: 876 of 5000
elapsed time: 879 of 5000
elapsed time: 882 of 5000
elapsed time: 885 of 5000
elapsed time: 889 of 5000
elapsed time: 892 of 5000
elapsed time: 895 of 5000
elapsed time: 898 of 5000
elapsed time: 902 of 5000
elapsed time: 905 of 5000
elapsed time: 910 of 5000
elapsed time: 914 of 5000
elapsed time: 918 of 5000
elapsed time: 922 of 5000
elapsed time: 925 of 5000
elapsed time: 928 of 5000
elapsed time: 931 of 5000
elapsed time: 934 of 5000
elapsed time: 938 of 5000
elapsed time: 941 of 5000
elapsed time: 944 of 5000
elapsed time: 947 of 5000
elapsed time: 950 of 5000
elapsed time: 954 of 5000
elapsed time: 957 of 5000
elapsed time: 960 of 5000
elapsed time: 964 of 5000
elapsed time: 967 of 5000
elapsed time: 970 of 5000
elapsed time: 973 of 5000
elapsed time: 976 of 5000
elapsed time: 980 of 5000
elapsed time: 983 of 5000
elapsed time: 986 of 5000
elapsed time: 989 of 5000
elapsed time: 992 of 5000
elapsed time: 996 of 5000
elapsed time: 999 of 5000
elapsed time: 1008 of 5000
elapsed time: 1015 of 5000
elapsed time: 1020 of 5000
elapsed time: 1029 of 5000
elapsed time: 1036 of 5000
elapsed time: 1043 of 5000
elapsed time: 1053 of 5000
elapsed time: 1059 of 5000
elapsed time: 1069 of 5000
elapsed time: 1078 of 5000
elapsed time: 1087 of 5000
elapsed time: 1093 of 5000
elapsed time: 1100 of 5000
elapsed time: 1107 of 5000
elapsed time: 1112 of 5000
elapsed time: 1120 of 5000
elapsed time: 1126 of 5000
elapsed time: 1137 of 5000
elapsed time: 1145 of 5000
elapsed time: 1152 of 5000
elapsed time: 1159 of 5000
elapsed time: 1166 of 5000
elapsed time: 1173 of 5000
elapsed time: 1178 of 5000
elapsed time: 1186 of 5000
elapsed time: 1193 of 5000
elapsed time: 1200 of 5000
elapsed time: 1207 of 5000
elapsed time: 1215 of 5000
elapsed time: 1222 of 5000
elapsed time: 1230 of 5000
elapsed time: 1239 of 5000
elapsed time: 1246 of 5000
elapsed time: 1253 of 5000
elapsed time: 1258 of 5000
elapsed time: 1267 of 5000
elapsed time: 1274 of 5000
elapsed time: 1280 of 5000
elapsed time: 1289 of 5000
elapsed time: 1296 of 5000
elapsed time: 1303 of 5000
elapsed time: 1311 of 5000
elapsed time: 1318 of 5000
elapsed time: 1325 of 5000
elapsed time: 1332 of 5000
elapsed time: 1339 of 5000
elapsed time: 1346 of 5000
elapsed time: 1354 of 5000
elapsed time: 1361 of 5000
elapsed time: 1369 of 5000
elapsed time: 1379 of 5000
elapsed time: 1388 of 5000
elapsed time: 1396 of 5000
elapsed time: 1403 of 5000
elapsed time: 1410 of 5000
elapsed time: 1416 of 5000
elapsed time: 1424 of 5000
elapsed time: 1431 of 5000
elapsed time: 1438 of 5000
elapsed time: 1445 of 5000
elapsed time: 1455 of 5000
elapsed time: 1461 of 5000
elapsed time: 1470 of 5000
elapsed time: 1477 of 5000
elapsed time: 1484 of 5000
elapsed time: 1493 of 5000
elapsed time: 1498 of 5000
elapsed time: 1507 of 5000
elapsed time: 1514 of 5000
elapsed time: 1521 of 5000
elapsed time: 1529 of 5000
elapsed time: 1537 of 5000
elapsed time: 1544 of 5000
elapsed time: 1551 of 5000
elapsed time: 1558 of 5000
elapsed time: 1567 of 5000
elapsed time: 1575 of 5000
elapsed time: 1583 of 5000
elapsed time: 1591 of 5000
elapsed time: 1599 of 5000
elapsed time: 1607 of 5000
elapsed time: 1615 of 5000
elapsed time: 1623 of 5000
elapsed time: 1630 of 5000
elapsed time: 1638 of 5000
elapsed time: 1646 of 5000
elapsed time: 1654 of 5000
elapsed time: 1661 of 5000
elapsed time: 1670 of 5000
elapsed time: 1676 of 5000
elapsed time: 1683 of 5000
elapsed time: 1692 of 5000
elapsed time: 1701 of 5000
elapsed time: 1708 of 5000
elapsed time: 1716 of 5000
elapsed time: 1723 of 5000
elapsed time: 1731 of 5000
elapsed time: 1737 of 5000
elapsed time: 1744 of 5000
elapsed time: 1751 of 5000
elapsed time: 1758 of 5000
elapsed time: 1764 of 5000
elapsed time: 1775 of 5000
elapsed time: 1784 of 5000
elapsed time: 1791 of 5000
elapsed time: 1799 of 5000
elapsed time: 1806 of 5000
elapsed time: 1812 of 5000
elapsed time: 1818 of 5000
elapsed time: 1824 of 5000
elapsed time: 1832 of 5000
elapsed time: 1838 of 5000
elapsed time: 1847 of 5000
elapsed time: 1855 of 5000
elapsed time: 1863 of 5000
elapsed time: 1871 of 5000
elapsed time: 1880 of 5000
elapsed time: 1887 of 5000
elapsed time: 1894 of 5000
elapsed time: 1899 of 5000
elapsed time: 1907 of 5000
elapsed time: 1916 of 5000
elapsed time: 1923 of 5000
elapsed time: 1932 of 5000
elapsed time: 1939 of 5000
elapsed time: 1945 of 5000
elapsed time: 1953 of 5000
elapsed time: 1961 of 5000
elapsed time: 1967 of 5000
elapsed time: 1974 of 5000
elapsed time: 1981 of 5000
elapsed time: 1989 of 5000
elapsed time: 1998 of 5000
elapsed time: 2005 of 5000
elapsed time: 2014 of 5000
elapsed time: 2022 of 5000
elapsed time: 2031 of 5000
elapsed time: 2038 of 5000
elapsed time: 2043 of 5000
elapsed time: 2050 of 5000
elapsed time: 2057 of 5000
elapsed time: 2064 of 5000
elapsed time: 2074 of 5000
elapsed time: 2082 of 5000
elapsed time: 2089 of 5000
elapsed time: 2096 of 5000
elapsed time: 2105 of 5000
elapsed time: 2113 of 5000
elapsed time: 2120 of 5000
elapsed time: 2127 of 5000
elapsed time: 2134 of 5000
elapsed time: 2139 of 5000
elapsed time: 2147 of 5000
elapsed time: 2158 of 5000
elapsed time: 2163 of 5000
elapsed time: 2172 of 5000
elapsed time: 2179 of 5000
elapsed time: 2186 of 5000
elapsed time: 2194 of 5000
elapsed time: 2200 of 5000
elapsed time: 2208 of 5000
elapsed time: 2216 of 5000
elapsed time: 2223 of 5000
elapsed time: 2230 of 5000
elapsed time: 2240 of 5000
elapsed time: 2248 of 5000
elapsed time: 2257 of 5000
elapsed time: 2264 of 5000
elapsed time: 2271 of 5000
elapsed time: 2278 of 5000
elapsed time: 2283 of 5000
elapsed time: 2289 of 5000
elapsed time: 2295 of 5000
elapsed time: 2301 of 5000
elapsed time: 2307 of 5000
elapsed time: 2314 of 5000
elapsed time: 2321 of 5000
elapsed time: 2325 of 5000
elapsed time: 2332 of 5000
elapsed time: 2338 of 5000
elapsed time: 2344 of 5000
elapsed time: 2350 of 5000
elapsed time: 2356 of 5000
elapsed time: 2360 of 5000
elapsed time: 2365 of 5000
elapsed time: 2372 of 5000
elapsed time: 2376 of 5000
elapsed time: 2384 of 5000
elapsed time: 2389 of 5000
elapsed time: 2394 of 5000
elapsed time: 2400 of 5000
elapsed time: 2405 of 5000
elapsed time: 2412 of 5000
elapsed time: 2416 of 5000
elapsed time: 2422 of 5000
elapsed time: 2427 of 5000
elapsed time: 2432 of 5000
elapsed time: 2438 of 5000
elapsed time: 2442 of 5000
elapsed time: 2448 of 5000
elapsed time: 2454 of 5000
elapsed time: 2459 of 5000
elapsed time: 2465 of 5000
elapsed time: 2471 of 5000
elapsed time: 2477 of 5000
elapsed time: 2484 of 5000
elapsed time: 2491 of 5000
elapsed time: 2495 of 5000
elapsed time: 2501 of 5000
elapsed time: 2507 of 5000
elapsed time: 2513 of 5000
elapsed time: 2518 of 5000
elapsed time: 2523 of 5000
elapsed time: 2530 of 5000
elapsed time: 2535 of 5000
elapsed time: 2540 of 5000
elapsed time: 2551 of 5000
elapsed time: 2561 of 5000
elapsed time: 2568 of 5000
elapsed time: 2574 of 5000
elapsed time: 2581 of 5000
elapsed time: 2586 of 5000
elapsed time: 2591 of 5000
elapsed time: 2596 of 5000
elapsed time: 2602 of 5000
elapsed time: 2609 of 5000
elapsed time: 2615 of 5000
elapsed time: 2620 of 5000
elapsed time: 2625 of 5000
elapsed time: 2632 of 5000
elapsed time: 2638 of 5000
elapsed time: 2643 of 5000
elapsed time: 2651 of 5000
elapsed time: 2656 of 5000
elapsed time: 2663 of 5000
elapsed time: 2668 of 5000
elapsed time: 2673 of 5000
elapsed time: 2679 of 5000
elapsed time: 2686 of 5000
elapsed time: 2690 of 5000
elapsed time: 2696 of 5000
elapsed time: 2702 of 5000
elapsed time: 2708 of 5000
elapsed time: 2716 of 5000
elapsed time: 2721 of 5000
elapsed time: 2728 of 5000
elapsed time: 2733 of 5000
elapsed time: 2741 of 5000
elapsed time: 2745 of 5000
elapsed time: 2751 of 5000
elapsed time: 2758 of 5000
elapsed time: 2763 of 5000
elapsed time: 2769 of 5000
elapsed time: 2775 of 5000
elapsed time: 2780 of 5000
elapsed time: 2786 of 5000
elapsed time: 2792 of 5000
elapsed time: 2798 of 5000
elapsed time: 2806 of 5000
elapsed time: 2812 of 5000
elapsed time: 2818 of 5000
elapsed time: 2823 of 5000
elapsed time: 2830 of 5000
elapsed time: 2836 of 5000
elapsed time: 2842 of 5000
elapsed time: 2847 of 5000
elapsed time: 2851 of 5000
elapsed time: 2859 of 5000
elapsed time: 2865 of 5000
elapsed time: 2871 of 5000
elapsed time: 2877 of 5000
elapsed time: 2882 of 5000
elapsed time: 2889 of 5000
elapsed time: 2894 of 5000
elapsed time: 2900 of 5000
elapsed time: 2906 of 5000
elapsed time: 2911 of 5000
elapsed time: 2916 of 5000
elapsed time: 2921 of 5000
elapsed time: 2927 of 5000
elapsed time: 2931 of 5000
elapsed time: 2940 of 5000
elapsed time: 2946 of 5000
elapsed time: 2953 of 5000
elapsed time: 2960 of 5000
elapsed time: 2965 of 5000
elapsed time: 2971 of 5000
elapsed time: 2977 of 5000
elapsed time: 2982 of 5000
elapsed time: 2987 of 5000
elapsed time: 2993 of 5000
elapsed time: 2998 of 5000
elapsed time: 3002 of 5000
elapsed time: 3010 of 5000
elapsed time: 3018 of 5000
elapsed time: 3024 of 5000
elapsed time: 3029 of 5000
elapsed time: 3037 of 5000
elapsed time: 3043 of 5000
elapsed time: 3048 of 5000
elapsed time: 3053 of 5000
elapsed time: 3060 of 5000
elapsed time: 3065 of 5000
elapsed time: 3069 of 5000
elapsed time: 3075 of 5000
elapsed time: 3081 of 5000
elapsed time: 3085 of 5000
elapsed time: 3091 of 5000
elapsed time: 3095 of 5000
elapsed time: 3101 of 5000
elapsed time: 3107 of 5000
elapsed time: 3113 of 5000
elapsed time: 3118 of 5000
elapsed time: 3125 of 5000
elapsed time: 3132 of 5000
elapsed time: 3136 of 5000
elapsed time: 3142 of 5000
elapsed time: 3149 of 5000
elapsed time: 3155 of 5000
elapsed time: 3160 of 5000
elapsed time: 3163 of 5000
elapsed time: 3169 of 5000
elapsed time: 3175 of 5000
elapsed time: 3181 of 5000
elapsed time: 3186 of 5000
elapsed time: 3193 of 5000
elapsed time: 3198 of 5000
elapsed time: 3204 of 5000
elapsed time: 3210 of 5000
elapsed time: 3214 of 5000
elapsed time: 3220 of 5000
elapsed time: 3224 of 5000
elapsed time: 3230 of 5000
elapsed time: 3236 of 5000
elapsed time: 3241 of 5000
elapsed time: 3248 of 5000
elapsed time: 3254 of 5000
elapsed time: 3261 of 5000
elapsed time: 3268 of 5000
elapsed time: 3276 of 5000
elapsed time: 3282 of 5000
elapsed time: 3289 of 5000
elapsed time: 3294 of 5000
elapsed time: 3300 of 5000
elapsed time: 3305 of 5000
elapsed time: 3311 of 5000
elapsed time: 3318 of 5000
elapsed time: 3323 of 5000
elapsed time: 3329 of 5000
elapsed time: 3332 of 5000
elapsed time: 3340 of 5000
elapsed time: 3346 of 5000
elapsed time: 3352 of 5000
elapsed time: 3358 of 5000
elapsed time: 3362 of 5000
elapsed time: 3368 of 5000
elapsed time: 3373 of 5000
elapsed time: 3379 of 5000
elapsed time: 3384 of 5000
elapsed time: 3389 of 5000
elapsed time: 3395 of 5000
elapsed time: 3400 of 5000
elapsed time: 3405 of 5000
elapsed time: 3412 of 5000
elapsed time: 3417 of 5000
elapsed time: 3423 of 5000
elapsed time: 3427 of 5000
elapsed time: 3435 of 5000
elapsed time: 3440 of 5000
elapsed time: 3446 of 5000
elapsed time: 3451 of 5000
elapsed time: 3457 of 5000
elapsed time: 3463 of 5000
elapsed time: 3468 of 5000
elapsed time: 3474 of 5000
elapsed time: 3479 of 5000
elapsed time: 3483 of 5000
elapsed time: 3488 of 5000
elapsed time: 3494 of 5000
elapsed time: 3500 of 5000
elapsed time: 3505 of 5000
elapsed time: 3509 of 5000
elapsed time: 3516 of 5000
elapsed time: 3521 of 5000
elapsed time: 3528 of 5000
elapsed time: 3535 of 5000
elapsed time: 3542 of 5000
elapsed time: 3547 of 5000
elapsed time: 3552 of 5000
elapsed time: 3558 of 5000
elapsed time: 3563 of 5000
elapsed time: 3568 of 5000
elapsed time: 3572 of 5000
elapsed time: 3580 of 5000
elapsed time: 3584 of 5000
elapsed time: 3592 of 5000
elapsed time: 3597 of 5000
elapsed time: 3604 of 5000
elapsed time: 3609 of 5000
elapsed time: 3614 of 5000
elapsed time: 3622 of 5000
elapsed time: 3626 of 5000
elapsed time: 3632 of 5000
elapsed time: 3636 of 5000
elapsed time: 3642 of 5000
elapsed time: 3648 of 5000
elapsed time: 3651 of 5000
elapsed time: 3658 of 5000
elapsed time: 3665 of 5000
elapsed time: 3669 of 5000
elapsed time: 3676 of 5000
elapsed time: 3682 of 5000
elapsed time: 3688 of 5000
elapsed time: 3694 of 5000
elapsed time: 3699 of 5000
elapsed time: 3702 of 5000
elapsed time: 3706 of 5000
elapsed time: 3712 of 5000
elapsed time: 3718 of 5000
elapsed time: 3723 of 5000
elapsed time: 3728 of 5000
elapsed time: 3736 of 5000
elapsed time: 3742 of 5000
elapsed time: 3748 of 5000
elapsed time: 3755 of 5000
elapsed time: 3761 of 5000
elapsed time: 3767 of 5000
elapsed time: 3774 of 5000
elapsed time: 3778 of 5000
elapsed time: 3782 of 5000
elapsed time: 3786 of 5000
elapsed time: 3792 of 5000
elapsed time: 3798 of 5000
elapsed time: 3803 of 5000
elapsed time: 3809 of 5000
elapsed time: 3814 of 5000
elapsed time: 3821 of 5000
elapsed time: 3826 of 5000
elapsed time: 3832 of 5000
elapsed time: 3836 of 5000
elapsed time: 3843 of 5000
elapsed time: 3848 of 5000
elapsed time: 3854 of 5000
elapsed time: 3860 of 5000
elapsed time: 3865 of 5000
elapsed time: 3869 of 5000
elapsed time: 3875 of 5000
elapsed time: 3883 of 5000
elapsed time: 3888 of 5000
elapsed time: 3894 of 5000
elapsed time: 3902 of 5000
elapsed time: 3908 of 5000
elapsed time: 3916 of 5000
elapsed time: 3921 of 5000
elapsed time: 3927 of 5000
elapsed time: 3933 of 5000
elapsed time: 3938 of 5000
elapsed time: 3943 of 5000
elapsed time: 3947 of 5000
elapsed time: 3953 of 5000
elapsed time: 3959 of 5000
elapsed time: 3966 of 5000
elapsed time: 3970 of 5000
elapsed time: 3978 of 5000
elapsed time: 3984 of 5000
elapsed time: 3988 of 5000
elapsed time: 3995 of 5000
elapsed time: 4001 of 5000
elapsed time: 4006 of 5000
elapsed time: 4011 of 5000
elapsed time: 4017 of 5000
elapsed time: 4021 of 5000
elapsed time: 4026 of 5000
elapsed time: 4032 of 5000
elapsed time: 4038 of 5000
elapsed time: 4042 of 5000
elapsed time: 4048 of 5000
elapsed time: 4054 of 5000
elapsed time: 4060 of 5000
elapsed time: 4066 of 5000
elapsed time: 4071 of 5000
elapsed time: 4077 of 5000
elapsed time: 4082 of 5000
elapsed time: 4087 of 5000
elapsed time: 4093 of 5000
elapsed time: 4099 of 5000
elapsed time: 4104 of 5000
elapsed time: 4110 of 5000
elapsed time: 4116 of 5000
elapsed time: 4122 of 5000
elapsed time: 4129 of 5000
elapsed time: 4134 of 5000
elapsed time: 4141 of 5000
elapsed time: 4147 of 5000
elapsed time: 4152 of 5000
elapsed time: 4158 of 5000
elapsed time: 4163 of 5000
elapsed time: 4167 of 5000
elapsed time: 4172 of 5000
elapsed time: 4177 of 5000
elapsed time: 4184 of 5000
elapsed time: 4189 of 5000
elapsed time: 4194 of 5000
elapsed time: 4201 of 5000
elapsed time: 4211 of 5000
elapsed time: 4220 of 5000
elapsed time: 4227 of 5000
elapsed time: 4232 of 5000
elapsed time: 4238 of 5000
elapsed time: 4244 of 5000
elapsed time: 4248 of 5000
elapsed time: 4253 of 5000
elapsed time: 4259 of 5000
elapsed time: 4264 of 5000
elapsed time: 4271 of 5000
elapsed time: 4277 of 5000
elapsed time: 4282 of 5000
elapsed time: 4288 of 5000
elapsed time: 4293 of 5000
elapsed time: 4301 of 5000
elapsed time: 4307 of 5000
elapsed time: 4313 of 5000
elapsed time: 4319 of 5000
elapsed time: 4325 of 5000
elapsed time: 4329 of 5000
elapsed time: 4334 of 5000
elapsed time: 4341 of 5000
elapsed time: 4347 of 5000
elapsed time: 4352 of 5000
elapsed time: 4358 of 5000
elapsed time: 4363 of 5000
elapsed time: 4370 of 5000
elapsed time: 4377 of 5000
elapsed time: 4382 of 5000
elapsed time: 4389 of 5000
elapsed time: 4394 of 5000
elapsed time: 4399 of 5000
elapsed time: 4405 of 5000
elapsed time: 4410 of 5000
elapsed time: 4416 of 5000
elapsed time: 4421 of 5000
elapsed time: 4425 of 5000
elapsed time: 4432 of 5000
elapsed time: 4438 of 5000
elapsed time: 4442 of 5000
elapsed time: 4450 of 5000
elapsed time: 4455 of 5000
elapsed time: 4461 of 5000
elapsed time: 4467 of 5000
elapsed time: 4473 of 5000
elapsed time: 4479 of 5000
elapsed time: 4486 of 5000
elapsed time: 4489 of 5000
elapsed time: 4496 of 5000
elapsed time: 4502 of 5000
elapsed time: 4507 of 5000
elapsed time: 4513 of 5000
elapsed time: 4519 of 5000
elapsed time: 4525 of 5000
elapsed time: 4531 of 5000
elapsed time: 4537 of 5000
elapsed time: 4543 of 5000
elapsed time: 4549 of 5000
elapsed time: 4555 of 5000
elapsed time: 4559 of 5000
elapsed time: 4566 of 5000
elapsed time: 4571 of 5000
elapsed time: 4576 of 5000
elapsed time: 4582 of 5000
elapsed time: 4586 of 5000
elapsed time: 4593 of 5000
elapsed time: 4601 of 5000
elapsed time: 4606 of 5000
elapsed time: 4613 of 5000
elapsed time: 4620 of 5000
elapsed time: 4624 of 5000
elapsed time: 4631 of 5000
elapsed time: 4637 of 5000
elapsed time: 4643 of 5000
elapsed time: 4648 of 5000
elapsed time: 4654 of 5000
elapsed time: 4660 of 5000
elapsed time: 4663 of 5000
elapsed time: 4669 of 5000
elapsed time: 4675 of 5000
elapsed time: 4682 of 5000
elapsed time: 4687 of 5000
elapsed time: 4691 of 5000
elapsed time: 4699 of 5000
elapsed time: 4703 of 5000
elapsed time: 4709 of 5000
elapsed time: 4715 of 5000
elapsed time: 4721 of 5000
elapsed time: 4726 of 5000
elapsed time: 4731 of 5000
elapsed time: 4737 of 5000
elapsed time: 4742 of 5000
elapsed time: 4749 of 5000
elapsed time: 4753 of 5000
elapsed time: 4761 of 5000
elapsed time: 4767 of 5000
elapsed time: 4773 of 5000
elapsed time: 4780 of 5000
elapsed time: 4785 of 5000
elapsed time: 4790 of 5000
elapsed time: 4795 of 5000
elapsed time: 4801 of 5000
elapsed time: 4806 of 5000
elapsed time: 4811 of 5000
elapsed time: 4815 of 5000
elapsed time: 4822 of 5000
elapsed time: 4826 of 5000
elapsed time: 4833 of 5000
elapsed time: 4838 of 5000
elapsed time: 4845 of 5000
elapsed time: 4851 of 5000
elapsed time: 4857 of 5000
elapsed time: 4863 of 5000
elapsed time: 4869 of 5000
elapsed time: 4872 of 5000
elapsed time: 4879 of 5000
elapsed time: 4885 of 5000
elapsed time: 4888 of 5000
elapsed time: 4894 of 5000
elapsed time: 4902 of 5000
elapsed time: 4909 of 5000
elapsed time: 4914 of 5000
elapsed time: 4922 of 5000
elapsed time: 4927 of 5000
elapsed time: 4933 of 5000
elapsed time: 4940 of 5000
elapsed time: 4945 of 5000
elapsed time: 4951 of 5000
elapsed time: 4958 of 5000
elapsed time: 4964 of 5000
elapsed time: 4969 of 5000
elapsed time: 4973 of 5000
elapsed time: 4979 of 5000
elapsed time: 4988 of 5000
elapsed time: 4994 of 5000
elapsed time: 4999 of 5000
Done testing...
Start testing...
elapsed time: 87 of 5000
elapsed time: 161 of 5000
elapsed time: 424 of 5000
elapsed time: 451 of 5000
elapsed time: 485 of 5000
elapsed time: 499 of 5000
elapsed time: 762 of 5000
elapsed time: 776 of 5000
elapsed time: 791 of 5000
elapsed time: 808 of 5000
elapsed time: 821 of 5000
elapsed time: 1028 of 5000
elapsed time: 1401 of 5000
elapsed time: 1659 of 5000
elapsed time: 2025 of 5000
elapsed time: 2036 of 5000
elapsed time: 2049 of 5000
elapsed time: 2062 of 5000
elapsed time: 2075 of 5000
elapsed time: 2501 of 5000
elapsed time: 2516 of 5000
elapsed time: 2532 of 5000
elapsed time: 2699 of 5000
elapsed time: 2770 of 5000
elapsed time: 2924 of 5000
elapsed time: 3082 of 5000
elapsed time: 3094 of 5000
elapsed time: 3277 of 5000
elapsed time: 3290 of 5000
elapsed time: 3448 of 5000
elapsed time: 3466 of 5000
elapsed time: 3665 of 5000
elapsed time: 3680 of 5000
elapsed time: 3693 of 5000
elapsed time: 3721 of 5000
elapsed time: 4179 of 5000
elapsed time: 4196 of 5000
elapsed time: 4613 of 5000
elapsed time: 4861 of 5000
elapsed time: 4939 of 5000
Done testing...
Tests run: 7, Failures: 0, Errors: 2, Skipped: 0, Time elapsed: 25.003 sec <<< FAILURE!
radnomtestRANGENAUGHT_(calendar.TimeTableRandomTest)  Time elapsed: 0.002 sec  <<< ERROR!
calendar.DateOutOfRangeException: Second date specified is not  before the first date specified.
	at calendar.TimeTable.getApptRange(TimeTable.java:40)
	at calendar.TimeTableRandomTest.radnomtestRANGENAUGHT_(TimeTableRandomTest.java:353)
	at java.base/jdk.internal.reflect.NativeMethodAccessorImpl.invoke0(Native Method)
	at java.base/jdk.internal.reflect.NativeMethodAccessorImpl.invoke(NativeMethodAccessorImpl.java:62)
	at java.base/jdk.internal.reflect.DelegatingMethodAccessorImpl.invoke(DelegatingMethodAccessorImpl.java:43)
	at java.base/java.lang.reflect.Method.invoke(Method.java:564)
	at org.junit.runners.model.FrameworkMethod$1.runReflectiveCall(FrameworkMethod.java:50)
	at org.junit.internal.runners.model.ReflectiveCallable.run(ReflectiveCallable.java:12)
	at org.junit.runners.model.FrameworkMethod.invokeExplosively(FrameworkMethod.java:47)
	at org.junit.internal.runners.statements.InvokeMethod.evaluate(InvokeMethod.java:17)
	at org.junit.runners.ParentRunner.runLeaf(ParentRunner.java:325)
	at org.junit.runners.BlockJUnit4ClassRunner.runChild(BlockJUnit4ClassRunner.java:78)
	at org.junit.runners.BlockJUnit4ClassRunner.runChild(BlockJUnit4ClassRunner.java:57)
	at org.junit.runners.ParentRunner$3.run(ParentRunner.java:290)
	at org.junit.runners.ParentRunner$1.schedule(ParentRunner.java:71)
	at org.junit.runners.ParentRunner.runChildren(ParentRunner.java:288)
	at org.junit.runners.ParentRunner.access$000(ParentRunner.java:58)
	at org.junit.runners.ParentRunner$2.evaluate(ParentRunner.java:268)
	at org.junit.runners.ParentRunner.run(ParentRunner.java:363)
	at org.apache.maven.surefire.junit4.JUnit4Provider.execute(JUnit4Provider.java:252)
	at org.apache.maven.surefire.junit4.JUnit4Provider.executeTestSet(JUnit4Provider.java:141)
	at org.apache.maven.surefire.junit4.JUnit4Provider.invoke(JUnit4Provider.java:112)
	at java.base/jdk.internal.reflect.NativeMethodAccessorImpl.invoke0(Native Method)
	at java.base/jdk.internal.reflect.NativeMethodAccessorImpl.invoke(NativeMethodAccessorImpl.java:62)
	at java.base/jdk.internal.reflect.DelegatingMethodAccessorImpl.invoke(DelegatingMethodAccessorImpl.java:43)
	at java.base/java.lang.reflect.Method.invoke(Method.java:564)
	at org.apache.maven.surefire.util.ReflectionUtils.invokeMethodWithArray(ReflectionUtils.java:189)
	at org.apache.maven.surefire.booter.ProviderFactory$ProviderProxy.invoke(ProviderFactory.java:165)
	at org.apache.maven.surefire.booter.ProviderFactory.invokeProvider(ProviderFactory.java:85)
	at org.apache.maven.surefire.booter.ForkedBooter.runSuitesInProcess(ForkedBooter.java:115)
	at org.apache.maven.surefire.booter.ForkedBooter.main(ForkedBooter.java:75)

radnomtestRANGENAUGHT(calendar.TimeTableRandomTest)  Time elapsed: 0.001 sec  <<< ERROR!
calendar.DateOutOfRangeException: Second date specified is not  before the first date specified.
	at calendar.TimeTable.getApptRange(TimeTable.java:40)
	at calendar.TimeTableRandomTest.radnomtestRANGENAUGHT(TimeTableRandomTest.java:290)
	at java.base/jdk.internal.reflect.NativeMethodAccessorImpl.invoke0(Native Method)
	at java.base/jdk.internal.reflect.NativeMethodAccessorImpl.invoke(NativeMethodAccessorImpl.java:62)
	at java.base/jdk.internal.reflect.DelegatingMethodAccessorImpl.invoke(DelegatingMethodAccessorImpl.java:43)
	at java.base/java.lang.reflect.Method.invoke(Method.java:564)
	at org.junit.runners.model.FrameworkMethod$1.runReflectiveCall(FrameworkMethod.java:50)
	at org.junit.internal.runners.model.ReflectiveCallable.run(ReflectiveCallable.java:12)
	at org.junit.runners.model.FrameworkMethod.invokeExplosively(FrameworkMethod.java:47)
	at org.junit.internal.runners.statements.InvokeMethod.evaluate(InvokeMethod.java:17)
	at org.junit.runners.ParentRunner.runLeaf(ParentRunner.java:325)
	at org.junit.runners.BlockJUnit4ClassRunner.runChild(BlockJUnit4ClassRunner.java:78)
	at org.junit.runners.BlockJUnit4ClassRunner.runChild(BlockJUnit4ClassRunner.java:57)
	at org.junit.runners.ParentRunner$3.run(ParentRunner.java:290)
	at org.junit.runners.ParentRunner$1.schedule(ParentRunner.java:71)
	at org.junit.runners.ParentRunner.runChildren(ParentRunner.java:288)
	at org.junit.runners.ParentRunner.access$000(ParentRunner.java:58)
	at org.junit.runners.ParentRunner$2.evaluate(ParentRunner.java:268)
	at org.junit.runners.ParentRunner.run(ParentRunner.java:363)
	at org.apache.maven.surefire.junit4.JUnit4Provider.execute(JUnit4Provider.java:252)
	at org.apache.maven.surefire.junit4.JUnit4Provider.executeTestSet(JUnit4Provider.java:141)
	at org.apache.maven.surefire.junit4.JUnit4Provider.invoke(JUnit4Provider.java:112)
	at java.base/jdk.internal.reflect.NativeMethodAccessorImpl.invoke0(Native Method)
	at java.base/jdk.internal.reflect.NativeMethodAccessorImpl.invoke(NativeMethodAccessorImpl.java:62)
	at java.base/jdk.internal.reflect.DelegatingMethodAccessorImpl.invoke(DelegatingMethodAccessorImpl.java:43)
	at java.base/java.lang.reflect.Method.invoke(Method.java:564)
	at org.apache.maven.surefire.util.ReflectionUtils.invokeMethodWithArray(ReflectionUtils.java:189)
	at org.apache.maven.surefire.booter.ProviderFactory$ProviderProxy.invoke(ProviderFactory.java:165)
	at org.apache.maven.surefire.booter.ProviderFactory.invokeProvider(ProviderFactory.java:85)
	at org.apache.maven.surefire.booter.ForkedBooter.runSuitesInProcess(ForkedBooter.java:115)
	at org.apache.maven.surefire.booter.ForkedBooter.main(ForkedBooter.java:75)

Running calendar.TimeTableTest
Tests run: 5, Failures: 1, Errors: 3, Skipped: 0, Time elapsed: 0.003 sec <<< FAILURE!
test01(calendar.TimeTableTest)  Time elapsed: 0 sec  <<< ERROR!
calendar.DateOutOfRangeException: Second date specified is not  before the first date specified.
	at calendar.TimeTable.getApptRange(TimeTable.java:40)
	at calendar.TimeTableTest.test01(TimeTableTest.java:41)
	at java.base/jdk.internal.reflect.NativeMethodAccessorImpl.invoke0(Native Method)
	at java.base/jdk.internal.reflect.NativeMethodAccessorImpl.invoke(NativeMethodAccessorImpl.java:62)
	at java.base/jdk.internal.reflect.DelegatingMethodAccessorImpl.invoke(DelegatingMethodAccessorImpl.java:43)
	at java.base/java.lang.reflect.Method.invoke(Method.java:564)
	at org.junit.runners.model.FrameworkMethod$1.runReflectiveCall(FrameworkMethod.java:50)
	at org.junit.internal.runners.model.ReflectiveCallable.run(ReflectiveCallable.java:12)
	at org.junit.runners.model.FrameworkMethod.invokeExplosively(FrameworkMethod.java:47)
	at org.junit.internal.runners.statements.InvokeMethod.evaluate(InvokeMethod.java:17)
	at org.junit.runners.ParentRunner.runLeaf(ParentRunner.java:325)
	at org.junit.runners.BlockJUnit4ClassRunner.runChild(BlockJUnit4ClassRunner.java:78)
	at org.junit.runners.BlockJUnit4ClassRunner.runChild(BlockJUnit4ClassRunner.java:57)
	at org.junit.runners.ParentRunner$3.run(ParentRunner.java:290)
	at org.junit.runners.ParentRunner$1.schedule(ParentRunner.java:71)
	at org.junit.runners.ParentRunner.runChildren(ParentRunner.java:288)
	at org.junit.runners.ParentRunner.access$000(ParentRunner.java:58)
	at org.junit.runners.ParentRunner$2.evaluate(ParentRunner.java:268)
	at org.junit.runners.ParentRunner.run(ParentRunner.java:363)
	at org.apache.maven.surefire.junit4.JUnit4Provider.execute(JUnit4Provider.java:252)
	at org.apache.maven.surefire.junit4.JUnit4Provider.executeTestSet(JUnit4Provider.java:141)
	at org.apache.maven.surefire.junit4.JUnit4Provider.invoke(JUnit4Provider.java:112)
	at java.base/jdk.internal.reflect.NativeMethodAccessorImpl.invoke0(Native Method)
	at java.base/jdk.internal.reflect.NativeMethodAccessorImpl.invoke(NativeMethodAccessorImpl.java:62)
	at java.base/jdk.internal.reflect.DelegatingMethodAccessorImpl.invoke(DelegatingMethodAccessorImpl.java:43)
	at java.base/java.lang.reflect.Method.invoke(Method.java:564)
	at org.apache.maven.surefire.util.ReflectionUtils.invokeMethodWithArray(ReflectionUtils.java:189)
	at org.apache.maven.surefire.booter.ProviderFactory$ProviderProxy.invoke(ProviderFactory.java:165)
	at org.apache.maven.surefire.booter.ProviderFactory.invokeProvider(ProviderFactory.java:85)
	at org.apache.maven.surefire.booter.ForkedBooter.runSuitesInProcess(ForkedBooter.java:115)
	at org.apache.maven.surefire.booter.ForkedBooter.main(ForkedBooter.java:75)

test02(calendar.TimeTableTest)  Time elapsed: 0.001 sec  <<< ERROR!
calendar.DateOutOfRangeException: Second date specified is not  before the first date specified.
	at calendar.TimeTable.getApptRange(TimeTable.java:40)
	at calendar.TimeTableTest.test02(TimeTableTest.java:84)
	at java.base/jdk.internal.reflect.NativeMethodAccessorImpl.invoke0(Native Method)
	at java.base/jdk.internal.reflect.NativeMethodAccessorImpl.invoke(NativeMethodAccessorImpl.java:62)
	at java.base/jdk.internal.reflect.DelegatingMethodAccessorImpl.invoke(DelegatingMethodAccessorImpl.java:43)
	at java.base/java.lang.reflect.Method.invoke(Method.java:564)
	at org.junit.runners.model.FrameworkMethod$1.runReflectiveCall(FrameworkMethod.java:50)
	at org.junit.internal.runners.model.ReflectiveCallable.run(ReflectiveCallable.java:12)
	at org.junit.runners.model.FrameworkMethod.invokeExplosively(FrameworkMethod.java:47)
	at org.junit.internal.runners.statements.InvokeMethod.evaluate(InvokeMethod.java:17)
	at org.junit.runners.ParentRunner.runLeaf(ParentRunner.java:325)
	at org.junit.runners.BlockJUnit4ClassRunner.runChild(BlockJUnit4ClassRunner.java:78)
	at org.junit.runners.BlockJUnit4ClassRunner.runChild(BlockJUnit4ClassRunner.java:57)
	at org.junit.runners.ParentRunner$3.run(ParentRunner.java:290)
	at org.junit.runners.ParentRunner$1.schedule(ParentRunner.java:71)
	at org.junit.runners.ParentRunner.runChildren(ParentRunner.java:288)
	at org.junit.runners.ParentRunner.access$000(ParentRunner.java:58)
	at org.junit.runners.ParentRunner$2.evaluate(ParentRunner.java:268)
	at org.junit.runners.ParentRunner.run(ParentRunner.java:363)
	at org.apache.maven.surefire.junit4.JUnit4Provider.execute(JUnit4Provider.java:252)
	at org.apache.maven.surefire.junit4.JUnit4Provider.executeTestSet(JUnit4Provider.java:141)
	at org.apache.maven.surefire.junit4.JUnit4Provider.invoke(JUnit4Provider.java:112)
	at java.base/jdk.internal.reflect.NativeMethodAccessorImpl.invoke0(Native Method)
	at java.base/jdk.internal.reflect.NativeMethodAccessorImpl.invoke(NativeMethodAccessorImpl.java:62)
	at java.base/jdk.internal.reflect.DelegatingMethodAccessorImpl.invoke(DelegatingMethodAccessorImpl.java:43)
	at java.base/java.lang.reflect.Method.invoke(Method.java:564)
	at org.apache.maven.surefire.util.ReflectionUtils.invokeMethodWithArray(ReflectionUtils.java:189)
	at org.apache.maven.surefire.booter.ProviderFactory$ProviderProxy.invoke(ProviderFactory.java:165)
	at org.apache.maven.surefire.booter.ProviderFactory.invokeProvider(ProviderFactory.java:85)
	at org.apache.maven.surefire.booter.ForkedBooter.runSuitesInProcess(ForkedBooter.java:115)
	at org.apache.maven.surefire.booter.ForkedBooter.main(ForkedBooter.java:75)

test03(calendar.TimeTableTest)  Time elapsed: 0.001 sec  <<< ERROR!
calendar.DateOutOfRangeException: Second date specified is not  before the first date specified.
	at calendar.TimeTable.getApptRange(TimeTable.java:40)
	at calendar.TimeTableTest.test03(TimeTableTest.java:126)
	at java.base/jdk.internal.reflect.NativeMethodAccessorImpl.invoke0(Native Method)
	at java.base/jdk.internal.reflect.NativeMethodAccessorImpl.invoke(NativeMethodAccessorImpl.java:62)
	at java.base/jdk.internal.reflect.DelegatingMethodAccessorImpl.invoke(DelegatingMethodAccessorImpl.java:43)
	at java.base/java.lang.reflect.Method.invoke(Method.java:564)
	at org.junit.runners.model.FrameworkMethod$1.runReflectiveCall(FrameworkMethod.java:50)
	at org.junit.internal.runners.model.ReflectiveCallable.run(ReflectiveCallable.java:12)
	at org.junit.runners.model.FrameworkMethod.invokeExplosively(FrameworkMethod.java:47)
	at org.junit.internal.runners.statements.InvokeMethod.evaluate(InvokeMethod.java:17)
	at org.junit.runners.ParentRunner.runLeaf(ParentRunner.java:325)
	at org.junit.runners.BlockJUnit4ClassRunner.runChild(BlockJUnit4ClassRunner.java:78)
	at org.junit.runners.BlockJUnit4ClassRunner.runChild(BlockJUnit4ClassRunner.java:57)
	at org.junit.runners.ParentRunner$3.run(ParentRunner.java:290)
	at org.junit.runners.ParentRunner$1.schedule(ParentRunner.java:71)
	at org.junit.runners.ParentRunner.runChildren(ParentRunner.java:288)
	at org.junit.runners.ParentRunner.access$000(ParentRunner.java:58)
	at org.junit.runners.ParentRunner$2.evaluate(ParentRunner.java:268)
	at org.junit.runners.ParentRunner.run(ParentRunner.java:363)
	at org.apache.maven.surefire.junit4.JUnit4Provider.execute(JUnit4Provider.java:252)
	at org.apache.maven.surefire.junit4.JUnit4Provider.executeTestSet(JUnit4Provider.java:141)
	at org.apache.maven.surefire.junit4.JUnit4Provider.invoke(JUnit4Provider.java:112)
	at java.base/jdk.internal.reflect.NativeMethodAccessorImpl.invoke0(Native Method)
	at java.base/jdk.internal.reflect.NativeMethodAccessorImpl.invoke(NativeMethodAccessorImpl.java:62)
	at java.base/jdk.internal.reflect.DelegatingMethodAccessorImpl.invoke(DelegatingMethodAccessorImpl.java:43)
	at java.base/java.lang.reflect.Method.invoke(Method.java:564)
	at org.apache.maven.surefire.util.ReflectionUtils.invokeMethodWithArray(ReflectionUtils.java:189)
	at org.apache.maven.surefire.booter.ProviderFactory$ProviderProxy.invoke(ProviderFactory.java:165)
	at org.apache.maven.surefire.booter.ProviderFactory.invokeProvider(ProviderFactory.java:85)
	at org.apache.maven.surefire.booter.ForkedBooter.runSuitesInProcess(ForkedBooter.java:115)
	at org.apache.maven.surefire.booter.ForkedBooter.main(ForkedBooter.java:75)

test05(calendar.TimeTableTest)  Time elapsed: 0.001 sec  <<< FAILURE!
java.lang.AssertionError: expected:<null> but was:<[I@3e77a1ed>
	at org.junit.Assert.fail(Assert.java:88)
	at org.junit.Assert.failNotEquals(Assert.java:834)
	at org.junit.Assert.assertEquals(Assert.java:118)
	at org.junit.Assert.assertEquals(Assert.java:144)
	at calendar.TimeTableTest.test05(TimeTableTest.java:206)
	at java.base/jdk.internal.reflect.NativeMethodAccessorImpl.invoke0(Native Method)
	at java.base/jdk.internal.reflect.NativeMethodAccessorImpl.invoke(NativeMethodAccessorImpl.java:62)
	at java.base/jdk.internal.reflect.DelegatingMethodAccessorImpl.invoke(DelegatingMethodAccessorImpl.java:43)
	at java.base/java.lang.reflect.Method.invoke(Method.java:564)
	at org.junit.runners.model.FrameworkMethod$1.runReflectiveCall(FrameworkMethod.java:50)
	at org.junit.internal.runners.model.ReflectiveCallable.run(ReflectiveCallable.java:12)
	at org.junit.runners.model.FrameworkMethod.invokeExplosively(FrameworkMethod.java:47)
	at org.junit.internal.runners.statements.InvokeMethod.evaluate(InvokeMethod.java:17)
	at org.junit.runners.ParentRunner.runLeaf(ParentRunner.java:325)
	at org.junit.runners.BlockJUnit4ClassRunner.runChild(BlockJUnit4ClassRunner.java:78)
	at org.junit.runners.BlockJUnit4ClassRunner.runChild(BlockJUnit4ClassRunner.java:57)
	at org.junit.runners.ParentRunner$3.run(ParentRunner.java:290)
	at org.junit.runners.ParentRunner$1.schedule(ParentRunner.java:71)
	at org.junit.runners.ParentRunner.runChildren(ParentRunner.java:288)
	at org.junit.runners.ParentRunner.access$000(ParentRunner.java:58)
	at org.junit.runners.ParentRunner$2.evaluate(ParentRunner.java:268)
	at org.junit.runners.ParentRunner.run(ParentRunner.java:363)
	at org.apache.maven.surefire.junit4.JUnit4Provider.execute(JUnit4Provider.java:252)
	at org.apache.maven.surefire.junit4.JUnit4Provider.executeTestSet(JUnit4Provider.java:141)
	at org.apache.maven.surefire.junit4.JUnit4Provider.invoke(JUnit4Provider.java:112)
	at java.base/jdk.internal.reflect.NativeMethodAccessorImpl.invoke0(Native Method)
	at java.base/jdk.internal.reflect.NativeMethodAccessorImpl.invoke(NativeMethodAccessorImpl.java:62)
	at java.base/jdk.internal.reflect.DelegatingMethodAccessorImpl.invoke(DelegatingMethodAccessorImpl.java:43)
	at java.base/java.lang.reflect.Method.invoke(Method.java:564)
	at org.apache.maven.surefire.util.ReflectionUtils.invokeMethodWithArray(ReflectionUtils.java:189)
	at org.apache.maven.surefire.booter.ProviderFactory$ProviderProxy.invoke(ProviderFactory.java:165)
	at org.apache.maven.surefire.booter.ProviderFactory.invokeProvider(ProviderFactory.java:85)
	at org.apache.maven.surefire.booter.ForkedBooter.runSuitesInProcess(ForkedBooter.java:115)
	at org.apache.maven.surefire.booter.ForkedBooter.main(ForkedBooter.java:75)


Results :

Failed tests:   test02(calendar.ApptTest): expected:<null> but was:<[I@6e2c9341>
  test03(calendar.ApptTest)
  test02(calendar.CalDayTest)
  test05(calendar.TimeTableTest): expected:<null> but was:<[I@3e77a1ed>

Tests in error: 
  radnomtestRANGENAUGHT_(calendar.TimeTableRandomTest): Second date specified is not  before the first date specified.
  radnomtestRANGENAUGHT(calendar.TimeTableRandomTest): Second date specified is not  before the first date specified.
  test01(calendar.TimeTableTest): Second date specified is not  before the first date specified.
  test02(calendar.TimeTableTest): Second date specified is not  before the first date specified.
  test03(calendar.TimeTableTest): Second date specified is not  before the first date specified.

Tests run: 28, Failures: 4, Errors: 5, Skipped: 0

[INFO] ------------------------------------------------------------------------
[INFO] BUILD FAILURE
[INFO] ------------------------------------------------------------------------
[INFO] Total time: 01:48 min
[INFO] Finished at: 2018-03-09T21:16:40-08:00
[INFO] Final Memory: 10M/35M
[INFO] ------------------------------------------------------------------------
[ERROR] Failed to execute goal org.apache.maven.plugins:maven-surefire-plugin:2.12.4:test (default-test) on project Calendar: There are test failures.
[ERROR] 
[ERROR] Please refer to /Users/Matt/OSU/CS362/CS362-001-W2018/projects/bakermat/assignment-5/ayalal/Calendar/target/surefire-reports for the individual test results.
[ERROR] -> [Help 1]
org.apache.maven.lifecycle.LifecycleExecutionException: Failed to execute goal org.apache.maven.plugins:maven-surefire-plugin:2.12.4:test (default-test) on project Calendar: There are test failures.

Please refer to /Users/Matt/OSU/CS362/CS362-001-W2018/projects/bakermat/assignment-5/ayalal/Calendar/target/surefire-reports for the individual test results.
    at org.apache.maven.lifecycle.internal.MojoExecutor.execute (MojoExecutor.java:213)
    at org.apache.maven.lifecycle.internal.MojoExecutor.execute (MojoExecutor.java:154)
    at org.apache.maven.lifecycle.internal.MojoExecutor.execute (MojoExecutor.java:146)
    at org.apache.maven.lifecycle.internal.LifecycleModuleBuilder.buildProject (LifecycleModuleBuilder.java:117)
    at org.apache.maven.lifecycle.internal.LifecycleModuleBuilder.buildProject (LifecycleModuleBuilder.java:81)
    at org.apache.maven.lifecycle.internal.builder.singlethreaded.SingleThreadedBuilder.build (SingleThreadedBuilder.java:51)
    at org.apache.maven.lifecycle.internal.LifecycleStarter.execute (LifecycleStarter.java:128)
    at org.apache.maven.DefaultMaven.doExecute (DefaultMaven.java:309)
    at org.apache.maven.DefaultMaven.doExecute (DefaultMaven.java:194)
    at org.apache.maven.DefaultMaven.execute (DefaultMaven.java:107)
    at org.apache.maven.cli.MavenCli.execute (MavenCli.java:955)
    at org.apache.maven.cli.MavenCli.doMain (MavenCli.java:290)
    at org.apache.maven.cli.MavenCli.main (MavenCli.java:194)
    at jdk.internal.reflect.NativeMethodAccessorImpl.invoke0 (Native Method)
    at jdk.internal.reflect.NativeMethodAccessorImpl.invoke (NativeMethodAccessorImpl.java:62)
    at jdk.internal.reflect.DelegatingMethodAccessorImpl.invoke (DelegatingMethodAccessorImpl.java:43)
    at java.lang.reflect.Method.invoke (Method.java:564)
    at org.codehaus.plexus.classworlds.launcher.Launcher.launchEnhanced (Launcher.java:289)
    at org.codehaus.plexus.classworlds.launcher.Launcher.launch (Launcher.java:229)
    at org.codehaus.plexus.classworlds.launcher.Launcher.mainWithExitCode (Launcher.java:415)
    at org.codehaus.plexus.classworlds.launcher.Launcher.main (Launcher.java:356)
Caused by: org.apache.maven.plugin.MojoFailureException: There are test failures.

Please refer to /Users/Matt/OSU/CS362/CS362-001-W2018/projects/bakermat/assignment-5/ayalal/Calendar/target/surefire-reports for the individual test results.
    at org.apache.maven.plugin.surefire.SurefireHelper.reportExecution (SurefireHelper.java:83)
    at org.apache.maven.plugin.surefire.SurefirePlugin.writeSummary (SurefirePlugin.java:176)
    at org.apache.maven.plugin.surefire.SurefirePlugin.handleSummary (SurefirePlugin.java:150)
    at org.apache.maven.plugin.surefire.AbstractSurefireMojo.executeAfterPreconditionsChecked (AbstractSurefireMojo.java:650)
    at org.apache.maven.plugin.surefire.AbstractSurefireMojo.execute (AbstractSurefireMojo.java:586)
    at org.apache.maven.plugin.DefaultBuildPluginManager.executeMojo (DefaultBuildPluginManager.java:134)
    at org.apache.maven.lifecycle.internal.MojoExecutor.execute (MojoExecutor.java:208)
    at org.apache.maven.lifecycle.internal.MojoExecutor.execute (MojoExecutor.java:154)
    at org.apache.maven.lifecycle.internal.MojoExecutor.execute (MojoExecutor.java:146)
    at org.apache.maven.lifecycle.internal.LifecycleModuleBuilder.buildProject (LifecycleModuleBuilder.java:117)
    at org.apache.maven.lifecycle.internal.LifecycleModuleBuilder.buildProject (LifecycleModuleBuilder.java:81)
    at org.apache.maven.lifecycle.internal.builder.singlethreaded.SingleThreadedBuilder.build (SingleThreadedBuilder.java:51)
    at org.apache.maven.lifecycle.internal.LifecycleStarter.execute (LifecycleStarter.java:128)
    at org.apache.maven.DefaultMaven.doExecute (DefaultMaven.java:309)
    at org.apache.maven.DefaultMaven.doExecute (DefaultMaven.java:194)
    at org.apache.maven.DefaultMaven.execute (DefaultMaven.java:107)
    at org.apache.maven.cli.MavenCli.execute (MavenCli.java:955)
    at org.apache.maven.cli.MavenCli.doMain (MavenCli.java:290)
    at org.apache.maven.cli.MavenCli.main (MavenCli.java:194)
    at jdk.internal.reflect.NativeMethodAccessorImpl.invoke0 (Native Method)
    at jdk.internal.reflect.NativeMethodAccessorImpl.invoke (NativeMethodAccessorImpl.java:62)
    at jdk.internal.reflect.DelegatingMethodAccessorImpl.invoke (DelegatingMethodAccessorImpl.java:43)
    at java.lang.reflect.Method.invoke (Method.java:564)
    at org.codehaus.plexus.classworlds.launcher.Launcher.launchEnhanced (Launcher.java:289)
    at org.codehaus.plexus.classworlds.launcher.Launcher.launch (Launcher.java:229)
    at org.codehaus.plexus.classworlds.launcher.Launcher.mainWithExitCode (Launcher.java:415)
    at org.codehaus.plexus.classworlds.launcher.Launcher.main (Launcher.java:356)
[ERROR] 
[ERROR] Re-run Maven using the -X switch to enable full debug logging.
[ERROR] 
[ERROR] For more information about the errors and possible solutions, please read the following articles:
[ERROR] [Help 1] http://cwiki.apache.org/confluence/display/MAVEN/MojoFailureException
