[INFO] Error stacktraces are turned on.
[INFO] Scanning for projects...
[INFO] 
[INFO] ------------------------------------------------------------------------
[INFO] Building Calendar 1.0-SNAPSHOT
[INFO] ------------------------------------------------------------------------
[INFO] 
[INFO] --- maven-resources-plugin:2.6:resources (default-resources) @ Calendar ---
[INFO] Using 'UTF-8' encoding to copy filtered resources.
[INFO] skip non existing resourceDirectory /Users/Matt/OSU/CS362/CS362-001-W2018/projects/bakermat/assignment-5/bakermat/Calendar/src/main/resources
[INFO] 
[INFO] --- maven-compiler-plugin:3.1:compile (default-compile) @ Calendar ---
[INFO] Nothing to compile - all classes are up to date
[INFO] 
[INFO] --- maven-resources-plugin:2.6:testResources (default-testResources) @ Calendar ---
[INFO] Using 'UTF-8' encoding to copy filtered resources.
[INFO] skip non existing resourceDirectory /Users/Matt/OSU/CS362/CS362-001-W2018/projects/bakermat/assignment-5/bakermat/Calendar/src/test/resources
[INFO] 
[INFO] --- maven-compiler-plugin:3.1:testCompile (default-testCompile) @ Calendar ---
[INFO] Nothing to compile - all classes are up to date
[INFO] 
[INFO] --- maven-surefire-plugin:2.12.4:test (default-test) @ Calendar ---
[INFO] Surefire report directory: /Users/Matt/OSU/CS362/CS362-001-W2018/projects/bakermat/assignment-5/bakermat/Calendar/target/surefire-reports

-------------------------------------------------------
 T E S T S
-------------------------------------------------------
Running calendar.ApptRandomTest
Start testing...
elapsed time: 1166 of 5000
elapsed time: 1338 of 5000
elapsed time: 1441 of 5000
elapsed time: 1466 of 5000
elapsed time: 1667 of 5000
elapsed time: 1867 of 5000
elapsed time: 1974 of 5000
elapsed time: 4741 of 5000
elapsed time: 4866 of 5000
elapsed time: 4993 of 5000
Done testing...
Start testing...
elapsed time: 171 of 5000
elapsed time: 345 of 5000
elapsed time: 497 of 5000
elapsed time: 651 of 5000
elapsed time: 806 of 5000
elapsed time: 962 of 5000
elapsed time: 1119 of 5000
elapsed time: 1272 of 5000
elapsed time: 1424 of 5000
elapsed time: 1575 of 5000
elapsed time: 1728 of 5000
elapsed time: 1882 of 5000
elapsed time: 2034 of 5000
elapsed time: 2185 of 5000
elapsed time: 2338 of 5000
elapsed time: 2493 of 5000
elapsed time: 2649 of 5000
elapsed time: 2800 of 5000
elapsed time: 2951 of 5000
elapsed time: 3103 of 5000
elapsed time: 3254 of 5000
elapsed time: 3407 of 5000
elapsed time: 3561 of 5000
elapsed time: 3713 of 5000
elapsed time: 3863 of 5000
elapsed time: 4018 of 5000
elapsed time: 4169 of 5000
elapsed time: 4326 of 5000
elapsed time: 4476 of 5000
elapsed time: 4634 of 5000
elapsed time: 4787 of 5000
elapsed time: 4940 of 5000
Done testing...
Start testing...
elapsed time: 56 of 5000
elapsed time: 86 of 5000
elapsed time: 187 of 5000
elapsed time: 202 of 5000
elapsed time: 355 of 5000
elapsed time: 1978 of 5000
elapsed time: 2394 of 5000
elapsed time: 2445 of 5000
elapsed time: 2474 of 5000
elapsed time: 2653 of 5000
elapsed time: 2668 of 5000
elapsed time: 2862 of 5000
elapsed time: 2890 of 5000
elapsed time: 2903 of 5000
elapsed time: 3046 of 5000
elapsed time: 3295 of 5000
elapsed time: 3309 of 5000
elapsed time: 3432 of 5000
elapsed time: 3461 of 5000
elapsed time: 3596 of 5000
elapsed time: 3949 of 5000
elapsed time: 3963 of 5000
elapsed time: 4201 of 5000
elapsed time: 4612 of 5000
elapsed time: 4625 of 5000
elapsed time: 4664 of 5000
elapsed time: 4982 of 5000
elapsed time: 4995 of 5000
Done testing...
Start testing...
elapsed time: 177 of 5000
elapsed time: 272 of 5000
elapsed time: 285 of 5000
elapsed time: 300 of 5000
elapsed time: 349 of 5000
elapsed time: 364 of 5000
elapsed time: 381 of 5000
elapsed time: 691 of 5000
elapsed time: 1008 of 5000
elapsed time: 1206 of 5000
elapsed time: 1347 of 5000
elapsed time: 1568 of 5000
elapsed time: 1918 of 5000
elapsed time: 1944 of 5000
elapsed time: 1958 of 5000
elapsed time: 2061 of 5000
elapsed time: 2076 of 5000
elapsed time: 2090 of 5000
elapsed time: 2294 of 5000
elapsed time: 2585 of 5000
elapsed time: 2789 of 5000
elapsed time: 2829 of 5000
elapsed time: 2845 of 5000
elapsed time: 2858 of 5000
elapsed time: 2872 of 5000
elapsed time: 2885 of 5000
elapsed time: 3202 of 5000
elapsed time: 3732 of 5000
elapsed time: 4007 of 5000
elapsed time: 4020 of 5000
elapsed time: 4129 of 5000
elapsed time: 4150 of 5000
elapsed time: 4167 of 5000
elapsed time: 4959 of 5000
Done testing...
Start testing...
elapsed time: 123 of 5000
elapsed time: 213 of 5000
elapsed time: 438 of 5000
elapsed time: 558 of 5000
elapsed time: 653 of 5000
elapsed time: 808 of 5000
elapsed time: 878 of 5000
elapsed time: 903 of 5000
elapsed time: 1395 of 5000
elapsed time: 1453 of 5000
elapsed time: 1478 of 5000
elapsed time: 1508 of 5000
elapsed time: 1551 of 5000
elapsed time: 1709 of 5000
elapsed time: 1781 of 5000
elapsed time: 1876 of 5000
elapsed time: 1980 of 5000
elapsed time: 2006 of 5000
elapsed time: 2031 of 5000
elapsed time: 2101 of 5000
elapsed time: 2499 of 5000
elapsed time: 3016 of 5000
elapsed time: 3242 of 5000
elapsed time: 3607 of 5000
elapsed time: 3832 of 5000
elapsed time: 4674 of 5000
Done testing...
Start testing...
elapsed time: 193 of 5000
elapsed time: 384 of 5000
elapsed time: 833 of 5000
elapsed time: 1143 of 5000
elapsed time: 2965 of 5000
elapsed time: 3514 of 5000
elapsed time: 4048 of 5000
elapsed time: 4781 of 5000
Done testing...
Start testing...
elapsed time: 21 of 5000
elapsed time: 26 of 5000
elapsed time: 46 of 5000
elapsed time: 51 of 5000
elapsed time: 67 of 5000
elapsed time: 77 of 5000
elapsed time: 88 of 5000
elapsed time: 92 of 5000
elapsed time: 110 of 5000
elapsed time: 112 of 5000
elapsed time: 141 of 5000
elapsed time: 148 of 5000
elapsed time: 151 of 5000
elapsed time: 173 of 5000
elapsed time: 185 of 5000
elapsed time: 188 of 5000
elapsed time: 200 of 5000
elapsed time: 208 of 5000
elapsed time: 219 of 5000
elapsed time: 222 of 5000
elapsed time: 242 of 5000
elapsed time: 263 of 5000
elapsed time: 265 of 5000
elapsed time: 268 of 5000
elapsed time: 271 of 5000
elapsed time: 278 of 5000
elapsed time: 293 of 5000
elapsed time: 317 of 5000
elapsed time: 327 of 5000
elapsed time: 352 of 5000
elapsed time: 363 of 5000
elapsed time: 372 of 5000
elapsed time: 397 of 5000
elapsed time: 423 of 5000
elapsed time: 425 of 5000
elapsed time: 428 of 5000
elapsed time: 438 of 5000
elapsed time: 454 of 5000
elapsed time: 467 of 5000
elapsed time: 469 of 5000
elapsed time: 484 of 5000
elapsed time: 505 of 5000
elapsed time: 509 of 5000
elapsed time: 529 of 5000
elapsed time: 538 of 5000
elapsed time: 550 of 5000
elapsed time: 552 of 5000
elapsed time: 559 of 5000
elapsed time: 574 of 5000
elapsed time: 599 of 5000
elapsed time: 601 of 5000
elapsed time: 605 of 5000
elapsed time: 615 of 5000
elapsed time: 617 of 5000
elapsed time: 620 of 5000
elapsed time: 623 of 5000
elapsed time: 639 of 5000
elapsed time: 650 of 5000
elapsed time: 658 of 5000
elapsed time: 661 of 5000
elapsed time: 670 of 5000
elapsed time: 672 of 5000
elapsed time: 690 of 5000
elapsed time: 701 of 5000
elapsed time: 706 of 5000
elapsed time: 708 of 5000
elapsed time: 728 of 5000
elapsed time: 737 of 5000
elapsed time: 747 of 5000
elapsed time: 750 of 5000
elapsed time: 770 of 5000
elapsed time: 773 of 5000
elapsed time: 792 of 5000
elapsed time: 802 of 5000
elapsed time: 842 of 5000
elapsed time: 851 of 5000
elapsed time: 853 of 5000
elapsed time: 866 of 5000
elapsed time: 869 of 5000
elapsed time: 887 of 5000
elapsed time: 889 of 5000
elapsed time: 892 of 5000
elapsed time: 910 of 5000
elapsed time: 924 of 5000
elapsed time: 927 of 5000
elapsed time: 934 of 5000
elapsed time: 936 of 5000
elapsed time: 973 of 5000
elapsed time: 978 of 5000
elapsed time: 998 of 5000
elapsed time: 1001 of 5000
elapsed time: 1018 of 5000
elapsed time: 1034 of 5000
elapsed time: 1044 of 5000
elapsed time: 1066 of 5000
elapsed time: 1085 of 5000
elapsed time: 1103 of 5000
elapsed time: 1105 of 5000
elapsed time: 1110 of 5000
elapsed time: 1112 of 5000
elapsed time: 1115 of 5000
elapsed time: 1119 of 5000
elapsed time: 1130 of 5000
elapsed time: 1139 of 5000
elapsed time: 1154 of 5000
elapsed time: 1164 of 5000
elapsed time: 1175 of 5000
elapsed time: 1197 of 5000
elapsed time: 1208 of 5000
elapsed time: 1232 of 5000
elapsed time: 1253 of 5000
elapsed time: 1273 of 5000
elapsed time: 1276 of 5000
elapsed time: 1288 of 5000
elapsed time: 1296 of 5000
elapsed time: 1306 of 5000
elapsed time: 1314 of 5000
elapsed time: 1317 of 5000
elapsed time: 1336 of 5000
elapsed time: 1350 of 5000
elapsed time: 1352 of 5000
elapsed time: 1359 of 5000
elapsed time: 1361 of 5000
elapsed time: 1370 of 5000
elapsed time: 1379 of 5000
elapsed time: 1381 of 5000
elapsed time: 1394 of 5000
elapsed time: 1417 of 5000
elapsed time: 1420 of 5000
elapsed time: 1423 of 5000
elapsed time: 1435 of 5000
elapsed time: 1447 of 5000
elapsed time: 1457 of 5000
elapsed time: 1467 of 5000
elapsed time: 1470 of 5000
elapsed time: 1472 of 5000
elapsed time: 1483 of 5000
elapsed time: 1492 of 5000
elapsed time: 1528 of 5000
elapsed time: 1537 of 5000
elapsed time: 1555 of 5000
elapsed time: 1557 of 5000
elapsed time: 1562 of 5000
elapsed time: 1569 of 5000
elapsed time: 1589 of 5000
elapsed time: 1602 of 5000
elapsed time: 1605 of 5000
elapsed time: 1622 of 5000
elapsed time: 1625 of 5000
elapsed time: 1628 of 5000
elapsed time: 1638 of 5000
elapsed time: 1646 of 5000
elapsed time: 1658 of 5000
elapsed time: 1662 of 5000
elapsed time: 1689 of 5000
elapsed time: 1696 of 5000
elapsed time: 1699 of 5000
elapsed time: 1706 of 5000
elapsed time: 1709 of 5000
elapsed time: 1714 of 5000
elapsed time: 1725 of 5000
elapsed time: 1736 of 5000
elapsed time: 1743 of 5000
elapsed time: 1745 of 5000
elapsed time: 1760 of 5000
elapsed time: 1770 of 5000
elapsed time: 1779 of 5000
elapsed time: 1789 of 5000
elapsed time: 1796 of 5000
elapsed time: 1799 of 5000
elapsed time: 1824 of 5000
elapsed time: 1827 of 5000
elapsed time: 1834 of 5000
elapsed time: 1853 of 5000
elapsed time: 1858 of 5000
elapsed time: 1865 of 5000
elapsed time: 1868 of 5000
elapsed time: 1887 of 5000
elapsed time: 1907 of 5000
elapsed time: 1922 of 5000
elapsed time: 1924 of 5000
elapsed time: 1933 of 5000
elapsed time: 1944 of 5000
elapsed time: 1974 of 5000
elapsed time: 1985 of 5000
elapsed time: 1992 of 5000
elapsed time: 1995 of 5000
elapsed time: 2019 of 5000
elapsed time: 2045 of 5000
elapsed time: 2056 of 5000
elapsed time: 2063 of 5000
elapsed time: 2075 of 5000
elapsed time: 2086 of 5000
elapsed time: 2094 of 5000
elapsed time: 2097 of 5000
elapsed time: 2112 of 5000
elapsed time: 2115 of 5000
elapsed time: 2117 of 5000
elapsed time: 2122 of 5000
elapsed time: 2137 of 5000
elapsed time: 2151 of 5000
elapsed time: 2153 of 5000
elapsed time: 2175 of 5000
elapsed time: 2186 of 5000
elapsed time: 2196 of 5000
elapsed time: 2207 of 5000
elapsed time: 2218 of 5000
elapsed time: 2226 of 5000
elapsed time: 2229 of 5000
elapsed time: 2244 of 5000
elapsed time: 2247 of 5000
elapsed time: 2262 of 5000
elapsed time: 2264 of 5000
elapsed time: 2268 of 5000
elapsed time: 2271 of 5000
elapsed time: 2273 of 5000
elapsed time: 2288 of 5000
elapsed time: 2291 of 5000
elapsed time: 2293 of 5000
elapsed time: 2308 of 5000
elapsed time: 2335 of 5000
elapsed time: 2357 of 5000
elapsed time: 2371 of 5000
elapsed time: 2380 of 5000
elapsed time: 2392 of 5000
elapsed time: 2408 of 5000
elapsed time: 2426 of 5000
elapsed time: 2432 of 5000
elapsed time: 2435 of 5000
elapsed time: 2437 of 5000
elapsed time: 2457 of 5000
elapsed time: 2464 of 5000
elapsed time: 2467 of 5000
elapsed time: 2469 of 5000
elapsed time: 2482 of 5000
elapsed time: 2493 of 5000
elapsed time: 2505 of 5000
elapsed time: 2513 of 5000
elapsed time: 2528 of 5000
elapsed time: 2548 of 5000
elapsed time: 2557 of 5000
elapsed time: 2564 of 5000
elapsed time: 2567 of 5000
elapsed time: 2582 of 5000
elapsed time: 2599 of 5000
elapsed time: 2601 of 5000
elapsed time: 2604 of 5000
elapsed time: 2624 of 5000
elapsed time: 2635 of 5000
elapsed time: 2660 of 5000
elapsed time: 2678 of 5000
elapsed time: 2681 of 5000
elapsed time: 2684 of 5000
elapsed time: 2687 of 5000
elapsed time: 2694 of 5000
elapsed time: 2704 of 5000
elapsed time: 2714 of 5000
elapsed time: 2736 of 5000
elapsed time: 2757 of 5000
elapsed time: 2777 of 5000
elapsed time: 2780 of 5000
elapsed time: 2791 of 5000
elapsed time: 2810 of 5000
elapsed time: 2835 of 5000
elapsed time: 2851 of 5000
elapsed time: 2861 of 5000
elapsed time: 2871 of 5000
elapsed time: 2886 of 5000
elapsed time: 2896 of 5000
elapsed time: 2907 of 5000
elapsed time: 2910 of 5000
elapsed time: 2930 of 5000
elapsed time: 2946 of 5000
elapsed time: 2951 of 5000
elapsed time: 2973 of 5000
elapsed time: 2993 of 5000
elapsed time: 3007 of 5000
elapsed time: 3018 of 5000
elapsed time: 3026 of 5000
elapsed time: 3029 of 5000
elapsed time: 3042 of 5000
elapsed time: 3044 of 5000
elapsed time: 3053 of 5000
elapsed time: 3088 of 5000
elapsed time: 3093 of 5000
elapsed time: 3098 of 5000
elapsed time: 3100 of 5000
elapsed time: 3103 of 5000
elapsed time: 3105 of 5000
elapsed time: 3110 of 5000
elapsed time: 3120 of 5000
elapsed time: 3123 of 5000
elapsed time: 3125 of 5000
elapsed time: 3130 of 5000
elapsed time: 3138 of 5000
elapsed time: 3141 of 5000
elapsed time: 3164 of 5000
elapsed time: 3174 of 5000
elapsed time: 3176 of 5000
elapsed time: 3183 of 5000
elapsed time: 3194 of 5000
elapsed time: 3205 of 5000
elapsed time: 3218 of 5000
elapsed time: 3235 of 5000
elapsed time: 3237 of 5000
elapsed time: 3245 of 5000
elapsed time: 3252 of 5000
elapsed time: 3255 of 5000
elapsed time: 3261 of 5000
elapsed time: 3273 of 5000
elapsed time: 3276 of 5000
elapsed time: 3279 of 5000
elapsed time: 3296 of 5000
elapsed time: 3314 of 5000
elapsed time: 3317 of 5000
elapsed time: 3330 of 5000
elapsed time: 3332 of 5000
elapsed time: 3352 of 5000
elapsed time: 3360 of 5000
elapsed time: 3370 of 5000
elapsed time: 3380 of 5000
elapsed time: 3389 of 5000
elapsed time: 3396 of 5000
elapsed time: 3399 of 5000
elapsed time: 3401 of 5000
elapsed time: 3404 of 5000
elapsed time: 3434 of 5000
elapsed time: 3443 of 5000
elapsed time: 3445 of 5000
elapsed time: 3459 of 5000
elapsed time: 3461 of 5000
elapsed time: 3478 of 5000
elapsed time: 3481 of 5000
elapsed time: 3500 of 5000
elapsed time: 3510 of 5000
elapsed time: 3513 of 5000
elapsed time: 3546 of 5000
elapsed time: 3557 of 5000
elapsed time: 3570 of 5000
elapsed time: 3581 of 5000
elapsed time: 3592 of 5000
elapsed time: 3599 of 5000
elapsed time: 3611 of 5000
elapsed time: 3622 of 5000
elapsed time: 3625 of 5000
elapsed time: 3631 of 5000
elapsed time: 3633 of 5000
elapsed time: 3642 of 5000
elapsed time: 3666 of 5000
elapsed time: 3677 of 5000
elapsed time: 3684 of 5000
elapsed time: 3687 of 5000
elapsed time: 3707 of 5000
elapsed time: 3711 of 5000
elapsed time: 3742 of 5000
elapsed time: 3745 of 5000
elapsed time: 3763 of 5000
elapsed time: 3778 of 5000
elapsed time: 3789 of 5000
elapsed time: 3799 of 5000
elapsed time: 3807 of 5000
elapsed time: 3822 of 5000
elapsed time: 3853 of 5000
elapsed time: 3865 of 5000
elapsed time: 3868 of 5000
elapsed time: 3871 of 5000
elapsed time: 3873 of 5000
elapsed time: 3883 of 5000
elapsed time: 3886 of 5000
elapsed time: 3906 of 5000
elapsed time: 3909 of 5000
elapsed time: 3928 of 5000
elapsed time: 3952 of 5000
elapsed time: 3963 of 5000
elapsed time: 3966 of 5000
elapsed time: 3991 of 5000
elapsed time: 3993 of 5000
elapsed time: 3998 of 5000
elapsed time: 4000 of 5000
elapsed time: 4003 of 5000
elapsed time: 4038 of 5000
elapsed time: 4041 of 5000
elapsed time: 4049 of 5000
elapsed time: 4059 of 5000
elapsed time: 4062 of 5000
elapsed time: 4065 of 5000
elapsed time: 4074 of 5000
elapsed time: 4084 of 5000
elapsed time: 4105 of 5000
elapsed time: 4108 of 5000
elapsed time: 4118 of 5000
elapsed time: 4125 of 5000
elapsed time: 4130 of 5000
elapsed time: 4132 of 5000
elapsed time: 4140 of 5000
elapsed time: 4150 of 5000
elapsed time: 4159 of 5000
elapsed time: 4179 of 5000
elapsed time: 4181 of 5000
elapsed time: 4195 of 5000
elapsed time: 4204 of 5000
elapsed time: 4215 of 5000
elapsed time: 4230 of 5000
elapsed time: 4232 of 5000
elapsed time: 4240 of 5000
elapsed time: 4252 of 5000
elapsed time: 4272 of 5000
elapsed time: 4282 of 5000
elapsed time: 4286 of 5000
elapsed time: 4301 of 5000
elapsed time: 4306 of 5000
elapsed time: 4308 of 5000
elapsed time: 4311 of 5000
elapsed time: 4326 of 5000
elapsed time: 4329 of 5000
elapsed time: 4347 of 5000
elapsed time: 4350 of 5000
elapsed time: 4362 of 5000
elapsed time: 4372 of 5000
elapsed time: 4381 of 5000
elapsed time: 4390 of 5000
elapsed time: 4400 of 5000
elapsed time: 4416 of 5000
elapsed time: 4419 of 5000
elapsed time: 4426 of 5000
elapsed time: 4465 of 5000
elapsed time: 4472 of 5000
elapsed time: 4475 of 5000
elapsed time: 4478 of 5000
elapsed time: 4481 of 5000
elapsed time: 4513 of 5000
elapsed time: 4522 of 5000
elapsed time: 4532 of 5000
elapsed time: 4546 of 5000
elapsed time: 4566 of 5000
elapsed time: 4590 of 5000
elapsed time: 4592 of 5000
elapsed time: 4612 of 5000
elapsed time: 4631 of 5000
elapsed time: 4643 of 5000
elapsed time: 4663 of 5000
elapsed time: 4678 of 5000
elapsed time: 4680 of 5000
elapsed time: 4687 of 5000
elapsed time: 4699 of 5000
elapsed time: 4722 of 5000
elapsed time: 4729 of 5000
elapsed time: 4733 of 5000
elapsed time: 4748 of 5000
elapsed time: 4751 of 5000
elapsed time: 4753 of 5000
elapsed time: 4758 of 5000
elapsed time: 4760 of 5000
elapsed time: 4763 of 5000
elapsed time: 4776 of 5000
elapsed time: 4800 of 5000
elapsed time: 4811 of 5000
elapsed time: 4819 of 5000
elapsed time: 4844 of 5000
elapsed time: 4854 of 5000
elapsed time: 4895 of 5000
elapsed time: 4914 of 5000
elapsed time: 4917 of 5000
elapsed time: 4935 of 5000
elapsed time: 4961 of 5000
elapsed time: 4971 of 5000
elapsed time: 4994 of 5000
Done testing...
Tests run: 7, Failures: 0, Errors: 0, Skipped: 0, Time elapsed: 35.063 sec
Running calendar.ApptTest
Tests run: 4, Failures: 1, Errors: 0, Skipped: 0, Time elapsed: 0.002 sec <<< FAILURE!
test01(calendar.ApptTest)  Time elapsed: 0.001 sec  <<< FAILURE!
java.lang.AssertionError: expected:<30> but was:<21>
	at org.junit.Assert.fail(Assert.java:88)
	at org.junit.Assert.failNotEquals(Assert.java:834)
	at org.junit.Assert.assertEquals(Assert.java:645)
	at org.junit.Assert.assertEquals(Assert.java:631)
	at calendar.ApptTest.test01(ApptTest.java:27)
	at java.base/jdk.internal.reflect.NativeMethodAccessorImpl.invoke0(Native Method)
	at java.base/jdk.internal.reflect.NativeMethodAccessorImpl.invoke(NativeMethodAccessorImpl.java:62)
	at java.base/jdk.internal.reflect.DelegatingMethodAccessorImpl.invoke(DelegatingMethodAccessorImpl.java:43)
	at java.base/java.lang.reflect.Method.invoke(Method.java:564)
	at org.junit.runners.model.FrameworkMethod$1.runReflectiveCall(FrameworkMethod.java:50)
	at org.junit.internal.runners.model.ReflectiveCallable.run(ReflectiveCallable.java:12)
	at org.junit.runners.model.FrameworkMethod.invokeExplosively(FrameworkMethod.java:47)
	at org.junit.internal.runners.statements.InvokeMethod.evaluate(InvokeMethod.java:17)
	at org.junit.runners.ParentRunner.runLeaf(ParentRunner.java:325)
	at org.junit.runners.BlockJUnit4ClassRunner.runChild(BlockJUnit4ClassRunner.java:78)
	at org.junit.runners.BlockJUnit4ClassRunner.runChild(BlockJUnit4ClassRunner.java:57)
	at org.junit.runners.ParentRunner$3.run(ParentRunner.java:290)
	at org.junit.runners.ParentRunner$1.schedule(ParentRunner.java:71)
	at org.junit.runners.ParentRunner.runChildren(ParentRunner.java:288)
	at org.junit.runners.ParentRunner.access$000(ParentRunner.java:58)
	at org.junit.runners.ParentRunner$2.evaluate(ParentRunner.java:268)
	at org.junit.runners.ParentRunner.run(ParentRunner.java:363)
	at org.apache.maven.surefire.junit4.JUnit4Provider.execute(JUnit4Provider.java:252)
	at org.apache.maven.surefire.junit4.JUnit4Provider.executeTestSet(JUnit4Provider.java:141)
	at org.apache.maven.surefire.junit4.JUnit4Provider.invoke(JUnit4Provider.java:112)
	at java.base/jdk.internal.reflect.NativeMethodAccessorImpl.invoke0(Native Method)
	at java.base/jdk.internal.reflect.NativeMethodAccessorImpl.invoke(NativeMethodAccessorImpl.java:62)
	at java.base/jdk.internal.reflect.DelegatingMethodAccessorImpl.invoke(DelegatingMethodAccessorImpl.java:43)
	at java.base/java.lang.reflect.Method.invoke(Method.java:564)
	at org.apache.maven.surefire.util.ReflectionUtils.invokeMethodWithArray(ReflectionUtils.java:189)
	at org.apache.maven.surefire.booter.ProviderFactory$ProviderProxy.invoke(ProviderFactory.java:165)
	at org.apache.maven.surefire.booter.ProviderFactory.invokeProvider(ProviderFactory.java:85)
	at org.apache.maven.surefire.booter.ForkedBooter.runSuitesInProcess(ForkedBooter.java:115)
	at org.apache.maven.surefire.booter.ForkedBooter.main(ForkedBooter.java:75)

Running calendar.CalDayRandomTest
Start testing...
elapsed time: 91 of 15000
elapsed time: 133 of 15000
elapsed time: 170 of 15000
elapsed time: 204 of 15000
elapsed time: 235 of 15000
elapsed time: 266 of 15000
elapsed time: 302 of 15000
elapsed time: 339 of 15000
elapsed time: 374 of 15000
elapsed time: 405 of 15000
elapsed time: 437 of 15000
elapsed time: 470 of 15000
elapsed time: 503 of 15000
elapsed time: 528 of 15000
elapsed time: 545 of 15000
elapsed time: 563 of 15000
elapsed time: 580 of 15000
elapsed time: 598 of 15000
elapsed time: 616 of 15000
elapsed time: 633 of 15000
elapsed time: 650 of 15000
elapsed time: 667 of 15000
elapsed time: 684 of 15000
elapsed time: 701 of 15000
elapsed time: 718 of 15000
elapsed time: 735 of 15000
elapsed time: 752 of 15000
elapsed time: 770 of 15000
elapsed time: 790 of 15000
elapsed time: 807 of 15000
elapsed time: 824 of 15000
elapsed time: 841 of 15000
elapsed time: 858 of 15000
elapsed time: 875 of 15000
elapsed time: 892 of 15000
elapsed time: 909 of 15000
elapsed time: 926 of 15000
elapsed time: 943 of 15000
elapsed time: 960 of 15000
elapsed time: 977 of 15000
elapsed time: 995 of 15000
elapsed time: 1012 of 15000
elapsed time: 1029 of 15000
elapsed time: 1046 of 15000
elapsed time: 1063 of 15000
elapsed time: 1080 of 15000
elapsed time: 1097 of 15000
elapsed time: 1114 of 15000
elapsed time: 1130 of 15000
elapsed time: 1147 of 15000
elapsed time: 1165 of 15000
elapsed time: 1183 of 15000
elapsed time: 1200 of 15000
elapsed time: 1217 of 15000
elapsed time: 1234 of 15000
elapsed time: 1251 of 15000
elapsed time: 1268 of 15000
elapsed time: 1285 of 15000
elapsed time: 1302 of 15000
elapsed time: 1319 of 15000
elapsed time: 1336 of 15000
elapsed time: 1353 of 15000
elapsed time: 1370 of 15000
elapsed time: 1388 of 15000
elapsed time: 1405 of 15000
elapsed time: 1422 of 15000
elapsed time: 1438 of 15000
elapsed time: 1455 of 15000
elapsed time: 1472 of 15000
elapsed time: 1494 of 15000
elapsed time: 1516 of 15000
elapsed time: 1537 of 15000
elapsed time: 1557 of 15000
elapsed time: 1575 of 15000
elapsed time: 1592 of 15000
elapsed time: 1608 of 15000
elapsed time: 1625 of 15000
elapsed time: 1642 of 15000
elapsed time: 1660 of 15000
elapsed time: 1677 of 15000
elapsed time: 1694 of 15000
elapsed time: 1711 of 15000
elapsed time: 1728 of 15000
elapsed time: 1745 of 15000
elapsed time: 1762 of 15000
elapsed time: 1780 of 15000
elapsed time: 1797 of 15000
elapsed time: 1813 of 15000
elapsed time: 1830 of 15000
elapsed time: 1847 of 15000
elapsed time: 1864 of 15000
elapsed time: 1881 of 15000
elapsed time: 1898 of 15000
elapsed time: 1915 of 15000
elapsed time: 1932 of 15000
elapsed time: 1949 of 15000
elapsed time: 1966 of 15000
elapsed time: 1983 of 15000
elapsed time: 2000 of 15000
elapsed time: 2018 of 15000
elapsed time: 2035 of 15000
elapsed time: 2051 of 15000
elapsed time: 2069 of 15000
elapsed time: 2086 of 15000
elapsed time: 2102 of 15000
elapsed time: 2119 of 15000
elapsed time: 2137 of 15000
elapsed time: 2154 of 15000
elapsed time: 2171 of 15000
elapsed time: 2188 of 15000
elapsed time: 2205 of 15000
elapsed time: 2222 of 15000
elapsed time: 2239 of 15000
elapsed time: 2256 of 15000
elapsed time: 2273 of 15000
elapsed time: 2299 of 15000
elapsed time: 2320 of 15000
elapsed time: 2343 of 15000
elapsed time: 2362 of 15000
elapsed time: 2379 of 15000
elapsed time: 2396 of 15000
elapsed time: 2413 of 15000
elapsed time: 2430 of 15000
elapsed time: 2447 of 15000
elapsed time: 2463 of 15000
elapsed time: 2480 of 15000
elapsed time: 2499 of 15000
elapsed time: 2519 of 15000
elapsed time: 2537 of 15000
elapsed time: 2554 of 15000
elapsed time: 2571 of 15000
elapsed time: 2588 of 15000
elapsed time: 2605 of 15000
elapsed time: 2622 of 15000
elapsed time: 2638 of 15000
elapsed time: 2660 of 15000
elapsed time: 2677 of 15000
elapsed time: 2694 of 15000
elapsed time: 2710 of 15000
elapsed time: 2728 of 15000
elapsed time: 2745 of 15000
elapsed time: 2762 of 15000
elapsed time: 2779 of 15000
elapsed time: 2796 of 15000
elapsed time: 2813 of 15000
elapsed time: 2831 of 15000
elapsed time: 2848 of 15000
elapsed time: 2864 of 15000
elapsed time: 2881 of 15000
elapsed time: 2898 of 15000
elapsed time: 2915 of 15000
elapsed time: 2933 of 15000
elapsed time: 2950 of 15000
elapsed time: 2967 of 15000
elapsed time: 2984 of 15000
elapsed time: 3001 of 15000
elapsed time: 3017 of 15000
elapsed time: 3034 of 15000
elapsed time: 3051 of 15000
elapsed time: 3068 of 15000
elapsed time: 3086 of 15000
elapsed time: 3103 of 15000
elapsed time: 3120 of 15000
elapsed time: 3137 of 15000
elapsed time: 3154 of 15000
elapsed time: 3171 of 15000
elapsed time: 3188 of 15000
elapsed time: 3205 of 15000
elapsed time: 3222 of 15000
elapsed time: 3239 of 15000
elapsed time: 3256 of 15000
elapsed time: 3273 of 15000
elapsed time: 3290 of 15000
elapsed time: 3308 of 15000
elapsed time: 3325 of 15000
elapsed time: 3342 of 15000
elapsed time: 3359 of 15000
elapsed time: 3376 of 15000
elapsed time: 3393 of 15000
elapsed time: 3409 of 15000
elapsed time: 3426 of 15000
elapsed time: 3443 of 15000
elapsed time: 3460 of 15000
elapsed time: 3477 of 15000
elapsed time: 3495 of 15000
elapsed time: 3514 of 15000
elapsed time: 3531 of 15000
elapsed time: 3548 of 15000
elapsed time: 3565 of 15000
elapsed time: 3582 of 15000
elapsed time: 3599 of 15000
elapsed time: 3616 of 15000
elapsed time: 3633 of 15000
elapsed time: 3650 of 15000
elapsed time: 3667 of 15000
elapsed time: 3684 of 15000
elapsed time: 3701 of 15000
elapsed time: 3718 of 15000
elapsed time: 3735 of 15000
elapsed time: 3752 of 15000
elapsed time: 3769 of 15000
elapsed time: 3785 of 15000
elapsed time: 3802 of 15000
elapsed time: 3819 of 15000
elapsed time: 3836 of 15000
elapsed time: 3853 of 15000
elapsed time: 3871 of 15000
elapsed time: 3888 of 15000
elapsed time: 3905 of 15000
elapsed time: 3922 of 15000
elapsed time: 3939 of 15000
elapsed time: 3956 of 15000
elapsed time: 3973 of 15000
elapsed time: 3990 of 15000
elapsed time: 4007 of 15000
elapsed time: 4024 of 15000
elapsed time: 4040 of 15000
elapsed time: 4058 of 15000
elapsed time: 4075 of 15000
elapsed time: 4092 of 15000
elapsed time: 4109 of 15000
elapsed time: 4126 of 15000
elapsed time: 4143 of 15000
elapsed time: 4160 of 15000
elapsed time: 4178 of 15000
elapsed time: 4195 of 15000
elapsed time: 4215 of 15000
elapsed time: 4235 of 15000
elapsed time: 4252 of 15000
elapsed time: 4269 of 15000
elapsed time: 4286 of 15000
elapsed time: 4303 of 15000
elapsed time: 4320 of 15000
elapsed time: 4337 of 15000
elapsed time: 4354 of 15000
elapsed time: 4372 of 15000
elapsed time: 4389 of 15000
elapsed time: 4406 of 15000
elapsed time: 4422 of 15000
elapsed time: 4440 of 15000
elapsed time: 4457 of 15000
elapsed time: 4474 of 15000
elapsed time: 4491 of 15000
elapsed time: 4510 of 15000
elapsed time: 4527 of 15000
elapsed time: 4543 of 15000
elapsed time: 4561 of 15000
elapsed time: 4578 of 15000
elapsed time: 4595 of 15000
elapsed time: 4612 of 15000
elapsed time: 4629 of 15000
elapsed time: 4650 of 15000
elapsed time: 4668 of 15000
elapsed time: 4685 of 15000
elapsed time: 4702 of 15000
elapsed time: 4719 of 15000
elapsed time: 4736 of 15000
elapsed time: 4753 of 15000
elapsed time: 4770 of 15000
elapsed time: 4787 of 15000
elapsed time: 4804 of 15000
elapsed time: 4820 of 15000
elapsed time: 4839 of 15000
elapsed time: 4856 of 15000
elapsed time: 4872 of 15000
elapsed time: 4890 of 15000
elapsed time: 4907 of 15000
elapsed time: 4924 of 15000
elapsed time: 4941 of 15000
elapsed time: 4957 of 15000
elapsed time: 4974 of 15000
elapsed time: 4991 of 15000
elapsed time: 5008 of 15000
elapsed time: 5026 of 15000
elapsed time: 5043 of 15000
elapsed time: 5059 of 15000
elapsed time: 5077 of 15000
elapsed time: 5094 of 15000
elapsed time: 5111 of 15000
elapsed time: 5128 of 15000
elapsed time: 5145 of 15000
elapsed time: 5162 of 15000
elapsed time: 5180 of 15000
elapsed time: 5197 of 15000
elapsed time: 5214 of 15000
elapsed time: 5231 of 15000
elapsed time: 5248 of 15000
elapsed time: 5265 of 15000
elapsed time: 5282 of 15000
elapsed time: 5299 of 15000
elapsed time: 5316 of 15000
elapsed time: 5333 of 15000
elapsed time: 5350 of 15000
elapsed time: 5367 of 15000
elapsed time: 5384 of 15000
elapsed time: 5402 of 15000
elapsed time: 5419 of 15000
elapsed time: 5436 of 15000
elapsed time: 5453 of 15000
elapsed time: 5470 of 15000
elapsed time: 5486 of 15000
elapsed time: 5508 of 15000
elapsed time: 5525 of 15000
elapsed time: 5542 of 15000
elapsed time: 5559 of 15000
elapsed time: 5576 of 15000
elapsed time: 5594 of 15000
elapsed time: 5611 of 15000
elapsed time: 5627 of 15000
elapsed time: 5648 of 15000
elapsed time: 5666 of 15000
elapsed time: 5683 of 15000
elapsed time: 5700 of 15000
elapsed time: 5717 of 15000
elapsed time: 5734 of 15000
elapsed time: 5751 of 15000
elapsed time: 5768 of 15000
elapsed time: 5785 of 15000
elapsed time: 5802 of 15000
elapsed time: 5819 of 15000
elapsed time: 5839 of 15000
elapsed time: 5857 of 15000
elapsed time: 5874 of 15000
elapsed time: 5891 of 15000
elapsed time: 5908 of 15000
elapsed time: 5925 of 15000
elapsed time: 5943 of 15000
elapsed time: 5963 of 15000
elapsed time: 5981 of 15000
elapsed time: 5997 of 15000
elapsed time: 6014 of 15000
elapsed time: 6031 of 15000
elapsed time: 6048 of 15000
elapsed time: 6065 of 15000
elapsed time: 6083 of 15000
elapsed time: 6103 of 15000
elapsed time: 6120 of 15000
elapsed time: 6137 of 15000
elapsed time: 6154 of 15000
elapsed time: 6172 of 15000
elapsed time: 6189 of 15000
elapsed time: 6207 of 15000
elapsed time: 6224 of 15000
elapsed time: 6240 of 15000
elapsed time: 6257 of 15000
elapsed time: 6274 of 15000
elapsed time: 6291 of 15000
elapsed time: 6308 of 15000
elapsed time: 6325 of 15000
elapsed time: 6342 of 15000
elapsed time: 6359 of 15000
elapsed time: 6376 of 15000
elapsed time: 6393 of 15000
elapsed time: 6410 of 15000
elapsed time: 6427 of 15000
elapsed time: 6444 of 15000
elapsed time: 6461 of 15000
elapsed time: 6478 of 15000
elapsed time: 6495 of 15000
elapsed time: 6512 of 15000
elapsed time: 6529 of 15000
elapsed time: 6548 of 15000
elapsed time: 6565 of 15000
elapsed time: 6582 of 15000
elapsed time: 6600 of 15000
elapsed time: 6617 of 15000
elapsed time: 6634 of 15000
elapsed time: 6651 of 15000
elapsed time: 6668 of 15000
elapsed time: 6685 of 15000
elapsed time: 6701 of 15000
elapsed time: 6719 of 15000
elapsed time: 6736 of 15000
elapsed time: 6753 of 15000
elapsed time: 6770 of 15000
elapsed time: 6787 of 15000
elapsed time: 6804 of 15000
elapsed time: 6821 of 15000
elapsed time: 6838 of 15000
elapsed time: 6855 of 15000
elapsed time: 6871 of 15000
elapsed time: 6889 of 15000
elapsed time: 6906 of 15000
elapsed time: 6923 of 15000
elapsed time: 6940 of 15000
elapsed time: 6957 of 15000
elapsed time: 6975 of 15000
elapsed time: 6992 of 15000
elapsed time: 7009 of 15000
elapsed time: 7026 of 15000
elapsed time: 7043 of 15000
elapsed time: 7059 of 15000
elapsed time: 7076 of 15000
elapsed time: 7095 of 15000
elapsed time: 7113 of 15000
elapsed time: 7130 of 15000
elapsed time: 7147 of 15000
elapsed time: 7165 of 15000
elapsed time: 7183 of 15000
elapsed time: 7200 of 15000
elapsed time: 7217 of 15000
elapsed time: 7235 of 15000
elapsed time: 7252 of 15000
elapsed time: 7269 of 15000
elapsed time: 7286 of 15000
elapsed time: 7303 of 15000
elapsed time: 7321 of 15000
elapsed time: 7337 of 15000
elapsed time: 7354 of 15000
elapsed time: 7372 of 15000
elapsed time: 7389 of 15000
elapsed time: 7406 of 15000
elapsed time: 7423 of 15000
elapsed time: 7440 of 15000
elapsed time: 7457 of 15000
elapsed time: 7473 of 15000
elapsed time: 7491 of 15000
elapsed time: 7509 of 15000
elapsed time: 7526 of 15000
elapsed time: 7543 of 15000
elapsed time: 7559 of 15000
elapsed time: 7576 of 15000
elapsed time: 7593 of 15000
elapsed time: 7610 of 15000
elapsed time: 7627 of 15000
elapsed time: 7644 of 15000
elapsed time: 7661 of 15000
elapsed time: 7681 of 15000
elapsed time: 7699 of 15000
elapsed time: 7717 of 15000
elapsed time: 7735 of 15000
elapsed time: 7752 of 15000
elapsed time: 7769 of 15000
elapsed time: 7786 of 15000
elapsed time: 7803 of 15000
elapsed time: 7820 of 15000
elapsed time: 7836 of 15000
elapsed time: 7854 of 15000
elapsed time: 7871 of 15000
elapsed time: 7888 of 15000
elapsed time: 7906 of 15000
elapsed time: 7923 of 15000
elapsed time: 7939 of 15000
elapsed time: 7956 of 15000
elapsed time: 7973 of 15000
elapsed time: 7990 of 15000
elapsed time: 8007 of 15000
elapsed time: 8024 of 15000
elapsed time: 8041 of 15000
elapsed time: 8058 of 15000
elapsed time: 8075 of 15000
elapsed time: 8093 of 15000
elapsed time: 8110 of 15000
elapsed time: 8127 of 15000
elapsed time: 8144 of 15000
elapsed time: 8161 of 15000
elapsed time: 8178 of 15000
elapsed time: 8196 of 15000
elapsed time: 8213 of 15000
elapsed time: 8230 of 15000
elapsed time: 8247 of 15000
elapsed time: 8264 of 15000
elapsed time: 8281 of 15000
elapsed time: 8299 of 15000
elapsed time: 8316 of 15000
elapsed time: 8333 of 15000
elapsed time: 8350 of 15000
elapsed time: 8368 of 15000
elapsed time: 8385 of 15000
elapsed time: 8402 of 15000
elapsed time: 8419 of 15000
elapsed time: 8436 of 15000
elapsed time: 8453 of 15000
elapsed time: 8470 of 15000
elapsed time: 8487 of 15000
elapsed time: 8508 of 15000
elapsed time: 8525 of 15000
elapsed time: 8542 of 15000
elapsed time: 8559 of 15000
elapsed time: 8576 of 15000
elapsed time: 8594 of 15000
elapsed time: 8611 of 15000
elapsed time: 8627 of 15000
elapsed time: 8644 of 15000
elapsed time: 8662 of 15000
elapsed time: 8679 of 15000
elapsed time: 8696 of 15000
elapsed time: 8713 of 15000
elapsed time: 8730 of 15000
elapsed time: 8747 of 15000
elapsed time: 8763 of 15000
elapsed time: 8780 of 15000
elapsed time: 8797 of 15000
elapsed time: 8814 of 15000
elapsed time: 8831 of 15000
elapsed time: 8849 of 15000
elapsed time: 8866 of 15000
elapsed time: 8886 of 15000
elapsed time: 8903 of 15000
elapsed time: 8920 of 15000
elapsed time: 8937 of 15000
elapsed time: 8954 of 15000
elapsed time: 8971 of 15000
elapsed time: 8988 of 15000
elapsed time: 9005 of 15000
elapsed time: 9023 of 15000
elapsed time: 9041 of 15000
elapsed time: 9057 of 15000
elapsed time: 9074 of 15000
elapsed time: 9092 of 15000
elapsed time: 9109 of 15000
elapsed time: 9126 of 15000
elapsed time: 9144 of 15000
elapsed time: 9161 of 15000
elapsed time: 9178 of 15000
elapsed time: 9195 of 15000
elapsed time: 9212 of 15000
elapsed time: 9229 of 15000
elapsed time: 9246 of 15000
elapsed time: 9263 of 15000
elapsed time: 9280 of 15000
elapsed time: 9297 of 15000
elapsed time: 9314 of 15000
elapsed time: 9331 of 15000
elapsed time: 9348 of 15000
elapsed time: 9365 of 15000
elapsed time: 9384 of 15000
elapsed time: 9403 of 15000
elapsed time: 9420 of 15000
elapsed time: 9438 of 15000
elapsed time: 9455 of 15000
elapsed time: 9476 of 15000
elapsed time: 9493 of 15000
elapsed time: 9511 of 15000
elapsed time: 9528 of 15000
elapsed time: 9545 of 15000
elapsed time: 9562 of 15000
elapsed time: 9579 of 15000
elapsed time: 9596 of 15000
elapsed time: 9613 of 15000
elapsed time: 9630 of 15000
elapsed time: 9647 of 15000
elapsed time: 9664 of 15000
elapsed time: 9681 of 15000
elapsed time: 9698 of 15000
elapsed time: 9715 of 15000
elapsed time: 9732 of 15000
elapsed time: 9749 of 15000
elapsed time: 9766 of 15000
elapsed time: 9783 of 15000
elapsed time: 9800 of 15000
elapsed time: 9817 of 15000
elapsed time: 9834 of 15000
elapsed time: 9851 of 15000
elapsed time: 9868 of 15000
elapsed time: 9886 of 15000
elapsed time: 9903 of 15000
elapsed time: 9920 of 15000
elapsed time: 9937 of 15000
elapsed time: 9954 of 15000
elapsed time: 9971 of 15000
elapsed time: 9988 of 15000
elapsed time: 10005 of 15000
elapsed time: 10022 of 15000
elapsed time: 10039 of 15000
elapsed time: 10056 of 15000
elapsed time: 10074 of 15000
elapsed time: 10091 of 15000
elapsed time: 10108 of 15000
elapsed time: 10124 of 15000
elapsed time: 10141 of 15000
elapsed time: 10158 of 15000
elapsed time: 10175 of 15000
elapsed time: 10193 of 15000
elapsed time: 10210 of 15000
elapsed time: 10228 of 15000
elapsed time: 10245 of 15000
elapsed time: 10262 of 15000
elapsed time: 10279 of 15000
elapsed time: 10296 of 15000
elapsed time: 10313 of 15000
elapsed time: 10329 of 15000
elapsed time: 10346 of 15000
elapsed time: 10363 of 15000
elapsed time: 10381 of 15000
elapsed time: 10398 of 15000
elapsed time: 10415 of 15000
elapsed time: 10433 of 15000
elapsed time: 10451 of 15000
elapsed time: 10468 of 15000
elapsed time: 10485 of 15000
elapsed time: 10503 of 15000
elapsed time: 10520 of 15000
elapsed time: 10536 of 15000
elapsed time: 10553 of 15000
elapsed time: 10571 of 15000
elapsed time: 10588 of 15000
elapsed time: 10605 of 15000
elapsed time: 10621 of 15000
elapsed time: 10638 of 15000
elapsed time: 10655 of 15000
elapsed time: 10672 of 15000
elapsed time: 10689 of 15000
elapsed time: 10707 of 15000
elapsed time: 10724 of 15000
elapsed time: 10741 of 15000
elapsed time: 10758 of 15000
elapsed time: 10775 of 15000
elapsed time: 10792 of 15000
elapsed time: 10809 of 15000
elapsed time: 10826 of 15000
elapsed time: 10842 of 15000
elapsed time: 10859 of 15000
elapsed time: 10877 of 15000
elapsed time: 10894 of 15000
elapsed time: 10911 of 15000
elapsed time: 10927 of 15000
elapsed time: 10945 of 15000
elapsed time: 10962 of 15000
elapsed time: 10979 of 15000
elapsed time: 10996 of 15000
elapsed time: 11013 of 15000
elapsed time: 11030 of 15000
elapsed time: 11047 of 15000
elapsed time: 11070 of 15000
elapsed time: 11088 of 15000
elapsed time: 11105 of 15000
elapsed time: 11122 of 15000
elapsed time: 11139 of 15000
elapsed time: 11156 of 15000
elapsed time: 11175 of 15000
elapsed time: 11192 of 15000
elapsed time: 11209 of 15000
elapsed time: 11226 of 15000
elapsed time: 11243 of 15000
elapsed time: 11260 of 15000
elapsed time: 11278 of 15000
elapsed time: 11295 of 15000
elapsed time: 11312 of 15000
elapsed time: 11328 of 15000
elapsed time: 11346 of 15000
elapsed time: 11363 of 15000
elapsed time: 11384 of 15000
elapsed time: 11401 of 15000
elapsed time: 11418 of 15000
elapsed time: 11435 of 15000
elapsed time: 11452 of 15000
elapsed time: 11469 of 15000
elapsed time: 11486 of 15000
elapsed time: 11503 of 15000
elapsed time: 11520 of 15000
elapsed time: 11538 of 15000
elapsed time: 11555 of 15000
elapsed time: 11571 of 15000
elapsed time: 11588 of 15000
elapsed time: 11605 of 15000
elapsed time: 11622 of 15000
elapsed time: 11639 of 15000
elapsed time: 11656 of 15000
elapsed time: 11673 of 15000
elapsed time: 11690 of 15000
elapsed time: 11706 of 15000
elapsed time: 11724 of 15000
elapsed time: 11741 of 15000
elapsed time: 11762 of 15000
elapsed time: 11780 of 15000
elapsed time: 11797 of 15000
elapsed time: 11814 of 15000
elapsed time: 11830 of 15000
elapsed time: 11847 of 15000
elapsed time: 11864 of 15000
elapsed time: 11881 of 15000
elapsed time: 11898 of 15000
elapsed time: 11916 of 15000
elapsed time: 11933 of 15000
elapsed time: 11950 of 15000
elapsed time: 11967 of 15000
elapsed time: 11984 of 15000
elapsed time: 12001 of 15000
elapsed time: 12018 of 15000
elapsed time: 12035 of 15000
elapsed time: 12052 of 15000
elapsed time: 12069 of 15000
elapsed time: 12086 of 15000
elapsed time: 12104 of 15000
elapsed time: 12121 of 15000
elapsed time: 12138 of 15000
elapsed time: 12155 of 15000
elapsed time: 12172 of 15000
elapsed time: 12191 of 15000
elapsed time: 12208 of 15000
elapsed time: 12225 of 15000
elapsed time: 12242 of 15000
elapsed time: 12259 of 15000
elapsed time: 12276 of 15000
elapsed time: 12294 of 15000
elapsed time: 12311 of 15000
elapsed time: 12328 of 15000
elapsed time: 12345 of 15000
elapsed time: 12361 of 15000
elapsed time: 12378 of 15000
elapsed time: 12395 of 15000
elapsed time: 12412 of 15000
elapsed time: 12429 of 15000
elapsed time: 12446 of 15000
elapsed time: 12463 of 15000
elapsed time: 12480 of 15000
elapsed time: 12501 of 15000
elapsed time: 12519 of 15000
elapsed time: 12536 of 15000
elapsed time: 12553 of 15000
elapsed time: 12570 of 15000
elapsed time: 12587 of 15000
elapsed time: 12603 of 15000
elapsed time: 12620 of 15000
elapsed time: 12637 of 15000
elapsed time: 12654 of 15000
elapsed time: 12671 of 15000
elapsed time: 12688 of 15000
elapsed time: 12705 of 15000
elapsed time: 12722 of 15000
elapsed time: 12739 of 15000
elapsed time: 12756 of 15000
elapsed time: 12773 of 15000
elapsed time: 12795 of 15000
elapsed time: 12813 of 15000
elapsed time: 12830 of 15000
elapsed time: 12847 of 15000
elapsed time: 12864 of 15000
elapsed time: 12882 of 15000
elapsed time: 12899 of 15000
elapsed time: 12916 of 15000
elapsed time: 12933 of 15000
elapsed time: 12950 of 15000
elapsed time: 12967 of 15000
elapsed time: 12983 of 15000
elapsed time: 13000 of 15000
elapsed time: 13017 of 15000
elapsed time: 13034 of 15000
elapsed time: 13052 of 15000
elapsed time: 13069 of 15000
elapsed time: 13086 of 15000
elapsed time: 13103 of 15000
elapsed time: 13120 of 15000
elapsed time: 13137 of 15000
elapsed time: 13154 of 15000
elapsed time: 13172 of 15000
elapsed time: 13189 of 15000
elapsed time: 13206 of 15000
elapsed time: 13223 of 15000
elapsed time: 13240 of 15000
elapsed time: 13257 of 15000
elapsed time: 13274 of 15000
elapsed time: 13291 of 15000
elapsed time: 13308 of 15000
elapsed time: 13326 of 15000
elapsed time: 13343 of 15000
elapsed time: 13359 of 15000
elapsed time: 13378 of 15000
elapsed time: 13394 of 15000
elapsed time: 13411 of 15000
elapsed time: 13428 of 15000
elapsed time: 13446 of 15000
elapsed time: 13463 of 15000
elapsed time: 13480 of 15000
elapsed time: 13497 of 15000
elapsed time: 13518 of 15000
elapsed time: 13534 of 15000
elapsed time: 13551 of 15000
elapsed time: 13568 of 15000
elapsed time: 13585 of 15000
elapsed time: 13602 of 15000
elapsed time: 13619 of 15000
elapsed time: 13637 of 15000
elapsed time: 13654 of 15000
elapsed time: 13671 of 15000
elapsed time: 13687 of 15000
elapsed time: 13704 of 15000
elapsed time: 13721 of 15000
elapsed time: 13738 of 15000
elapsed time: 13755 of 15000
elapsed time: 13772 of 15000
elapsed time: 13789 of 15000
elapsed time: 13806 of 15000
elapsed time: 13823 of 15000
elapsed time: 13841 of 15000
elapsed time: 13858 of 15000
elapsed time: 13875 of 15000
elapsed time: 13892 of 15000
elapsed time: 13909 of 15000
elapsed time: 13926 of 15000
elapsed time: 13943 of 15000
elapsed time: 13960 of 15000
elapsed time: 13977 of 15000
elapsed time: 13994 of 15000
elapsed time: 14012 of 15000
elapsed time: 14029 of 15000
elapsed time: 14046 of 15000
elapsed time: 14063 of 15000
elapsed time: 14083 of 15000
elapsed time: 14101 of 15000
elapsed time: 14117 of 15000
elapsed time: 14135 of 15000
elapsed time: 14152 of 15000
elapsed time: 14169 of 15000
elapsed time: 14186 of 15000
elapsed time: 14203 of 15000
elapsed time: 14220 of 15000
elapsed time: 14237 of 15000
elapsed time: 14254 of 15000
elapsed time: 14271 of 15000
elapsed time: 14288 of 15000
elapsed time: 14305 of 15000
elapsed time: 14322 of 15000
elapsed time: 14339 of 15000
elapsed time: 14356 of 15000
elapsed time: 14373 of 15000
elapsed time: 14390 of 15000
elapsed time: 14408 of 15000
elapsed time: 14425 of 15000
elapsed time: 14442 of 15000
elapsed time: 14458 of 15000
elapsed time: 14475 of 15000
elapsed time: 14497 of 15000
elapsed time: 14516 of 15000
elapsed time: 14533 of 15000
elapsed time: 14550 of 15000
elapsed time: 14567 of 15000
elapsed time: 14584 of 15000
elapsed time: 14601 of 15000
elapsed time: 14619 of 15000
elapsed time: 14641 of 15000
elapsed time: 14661 of 15000
elapsed time: 14677 of 15000
elapsed time: 14694 of 15000
elapsed time: 14711 of 15000
elapsed time: 14728 of 15000
elapsed time: 14745 of 15000
elapsed time: 14762 of 15000
elapsed time: 14779 of 15000
elapsed time: 14796 of 15000
elapsed time: 14813 of 15000
elapsed time: 14830 of 15000
elapsed time: 14848 of 15000
elapsed time: 14864 of 15000
elapsed time: 14881 of 15000
elapsed time: 14899 of 15000
elapsed time: 14916 of 15000
elapsed time: 14933 of 15000
elapsed time: 14950 of 15000
elapsed time: 14967 of 15000
elapsed time: 14984 of 15000
Done testing...
Start testing...
elapsed time: 38 of 15000
elapsed time: 106 of 15000
elapsed time: 263 of 15000
elapsed time: 452 of 15000
elapsed time: 718 of 15000
elapsed time: 745 of 15000
elapsed time: 758 of 15000
elapsed time: 1229 of 15000
elapsed time: 1244 of 15000
elapsed time: 1523 of 15000
elapsed time: 1538 of 15000
elapsed time: 1958 of 15000
elapsed time: 1973 of 15000
elapsed time: 2054 of 15000
elapsed time: 2249 of 15000
elapsed time: 2819 of 15000
elapsed time: 2833 of 15000
elapsed time: 2848 of 15000
elapsed time: 2862 of 15000
elapsed time: 2878 of 15000
elapsed time: 3140 of 15000
elapsed time: 3443 of 15000
elapsed time: 3458 of 15000
elapsed time: 3473 of 15000
elapsed time: 3487 of 15000
elapsed time: 3530 of 15000
elapsed time: 3544 of 15000
elapsed time: 3557 of 15000
elapsed time: 3570 of 15000
elapsed time: 3865 of 15000
elapsed time: 4498 of 15000
elapsed time: 4698 of 15000
elapsed time: 4723 of 15000
elapsed time: 4737 of 15000
elapsed time: 5176 of 15000
elapsed time: 5275 of 15000
elapsed time: 5633 of 15000
elapsed time: 5659 of 15000
elapsed time: 5708 of 15000
elapsed time: 5721 of 15000
elapsed time: 5936 of 15000
elapsed time: 6216 of 15000
elapsed time: 7082 of 15000
elapsed time: 7096 of 15000
elapsed time: 7112 of 15000
elapsed time: 7686 of 15000
elapsed time: 7902 of 15000
elapsed time: 7928 of 15000
elapsed time: 8317 of 15000
elapsed time: 8991 of 15000
elapsed time: 9004 of 15000
elapsed time: 9032 of 15000
elapsed time: 9259 of 15000
elapsed time: 9472 of 15000
elapsed time: 9806 of 15000
elapsed time: 10094 of 15000
elapsed time: 10109 of 15000
elapsed time: 10124 of 15000
elapsed time: 10214 of 15000
elapsed time: 10228 of 15000
elapsed time: 10462 of 15000
elapsed time: 10662 of 15000
elapsed time: 10681 of 15000
elapsed time: 10695 of 15000
elapsed time: 10707 of 15000
elapsed time: 10732 of 15000
elapsed time: 10747 of 15000
elapsed time: 10759 of 15000
elapsed time: 10849 of 15000
elapsed time: 10863 of 15000
elapsed time: 10892 of 15000
elapsed time: 10905 of 15000
elapsed time: 11130 of 15000
elapsed time: 11144 of 15000
elapsed time: 11197 of 15000
elapsed time: 11212 of 15000
elapsed time: 11225 of 15000
elapsed time: 11591 of 15000
elapsed time: 11815 of 15000
elapsed time: 12237 of 15000
elapsed time: 12266 of 15000
elapsed time: 13087 of 15000
elapsed time: 13192 of 15000
elapsed time: 13341 of 15000
elapsed time: 14199 of 15000
elapsed time: 14617 of 15000
Done testing...
Start testing...
elapsed time: 1027 of 15000
elapsed time: 1277 of 15000
elapsed time: 1317 of 15000
elapsed time: 1436 of 15000
elapsed time: 1596 of 15000
elapsed time: 1609 of 15000
elapsed time: 1620 of 15000
elapsed time: 1633 of 15000
elapsed time: 1673 of 15000
elapsed time: 2100 of 15000
elapsed time: 2114 of 15000
elapsed time: 2126 of 15000
elapsed time: 2387 of 15000
elapsed time: 2933 of 15000
elapsed time: 2969 of 15000
elapsed time: 3285 of 15000
elapsed time: 3298 of 15000
elapsed time: 3313 of 15000
elapsed time: 3377 of 15000
elapsed time: 3984 of 15000
elapsed time: 3998 of 15000
elapsed time: 4012 of 15000
elapsed time: 4024 of 15000
elapsed time: 4199 of 15000
elapsed time: 4212 of 15000
elapsed time: 4228 of 15000
elapsed time: 4529 of 15000
elapsed time: 4714 of 15000
elapsed time: 4727 of 15000
elapsed time: 4940 of 15000
elapsed time: 5231 of 15000
elapsed time: 5304 of 15000
elapsed time: 5317 of 15000
elapsed time: 5604 of 15000
elapsed time: 5617 of 15000
elapsed time: 5628 of 15000
elapsed time: 5651 of 15000
elapsed time: 5662 of 15000
elapsed time: 6441 of 15000
elapsed time: 6454 of 15000
elapsed time: 6553 of 15000
elapsed time: 6567 of 15000
elapsed time: 6579 of 15000
elapsed time: 6604 of 15000
elapsed time: 6634 of 15000
elapsed time: 6656 of 15000
elapsed time: 6847 of 15000
elapsed time: 6859 of 15000
elapsed time: 6873 of 15000
elapsed time: 6886 of 15000
elapsed time: 6900 of 15000
elapsed time: 6912 of 15000
elapsed time: 7348 of 15000
elapsed time: 7526 of 15000
elapsed time: 7540 of 15000
elapsed time: 7552 of 15000
elapsed time: 7705 of 15000
elapsed time: 7719 of 15000
elapsed time: 7759 of 15000
elapsed time: 7845 of 15000
elapsed time: 7997 of 15000
elapsed time: 8235 of 15000
elapsed time: 8347 of 15000
elapsed time: 8361 of 15000
elapsed time: 8376 of 15000
elapsed time: 8665 of 15000
elapsed time: 8676 of 15000
elapsed time: 8713 of 15000
elapsed time: 8894 of 15000
elapsed time: 9095 of 15000
elapsed time: 9112 of 15000
elapsed time: 9131 of 15000
elapsed time: 9767 of 15000
elapsed time: 9779 of 15000
elapsed time: 9994 of 15000
elapsed time: 10136 of 15000
elapsed time: 10482 of 15000
elapsed time: 10813 of 15000
elapsed time: 11261 of 15000
elapsed time: 11498 of 15000
elapsed time: 11513 of 15000
elapsed time: 11543 of 15000
elapsed time: 11556 of 15000
elapsed time: 11731 of 15000
elapsed time: 11896 of 15000
elapsed time: 12473 of 15000
elapsed time: 12845 of 15000
elapsed time: 13352 of 15000
elapsed time: 13931 of 15000
elapsed time: 13984 of 15000
elapsed time: 14440 of 15000
elapsed time: 14706 of 15000
elapsed time: 14809 of 15000
Done testing...
Tests run: 3, Failures: 0, Errors: 0, Skipped: 0, Time elapsed: 44.996 sec
Running calendar.CalDayTest
Tests run: 2, Failures: 0, Errors: 0, Skipped: 0, Time elapsed: 0 sec
Running calendar.TimeTableRandomTest
Start testing...
elapsed time: 14 of 5000
elapsed time: 23 of 5000
elapsed time: 32 of 5000
elapsed time: 41 of 5000
elapsed time: 50 of 5000
elapsed time: 58 of 5000
elapsed time: 66 of 5000
elapsed time: 73 of 5000
elapsed time: 79 of 5000
elapsed time: 84 of 5000
elapsed time: 91 of 5000
elapsed time: 97 of 5000
elapsed time: 103 of 5000
elapsed time: 109 of 5000
elapsed time: 114 of 5000
elapsed time: 120 of 5000
elapsed time: 126 of 5000
elapsed time: 132 of 5000
elapsed time: 138 of 5000
elapsed time: 143 of 5000
elapsed time: 149 of 5000
elapsed time: 154 of 5000
elapsed time: 161 of 5000
elapsed time: 170 of 5000
elapsed time: 178 of 5000
elapsed time: 183 of 5000
elapsed time: 188 of 5000
elapsed time: 193 of 5000
elapsed time: 198 of 5000
elapsed time: 203 of 5000
elapsed time: 208 of 5000
elapsed time: 213 of 5000
elapsed time: 218 of 5000
elapsed time: 224 of 5000
elapsed time: 229 of 5000
elapsed time: 234 of 5000
elapsed time: 238 of 5000
elapsed time: 243 of 5000
elapsed time: 248 of 5000
elapsed time: 254 of 5000
elapsed time: 258 of 5000
elapsed time: 263 of 5000
elapsed time: 268 of 5000
elapsed time: 274 of 5000
elapsed time: 279 of 5000
elapsed time: 284 of 5000
elapsed time: 289 of 5000
elapsed time: 294 of 5000
elapsed time: 298 of 5000
elapsed time: 303 of 5000
elapsed time: 309 of 5000
elapsed time: 314 of 5000
elapsed time: 319 of 5000
elapsed time: 324 of 5000
elapsed time: 329 of 5000
elapsed time: 335 of 5000
elapsed time: 340 of 5000
elapsed time: 345 of 5000
elapsed time: 350 of 5000
elapsed time: 355 of 5000
elapsed time: 360 of 5000
elapsed time: 365 of 5000
elapsed time: 371 of 5000
elapsed time: 376 of 5000
elapsed time: 381 of 5000
elapsed time: 386 of 5000
elapsed time: 391 of 5000
elapsed time: 396 of 5000
elapsed time: 401 of 5000
elapsed time: 406 of 5000
elapsed time: 411 of 5000
elapsed time: 416 of 5000
elapsed time: 421 of 5000
elapsed time: 426 of 5000
elapsed time: 431 of 5000
elapsed time: 437 of 5000
elapsed time: 441 of 5000
elapsed time: 446 of 5000
elapsed time: 451 of 5000
elapsed time: 456 of 5000
elapsed time: 461 of 5000
elapsed time: 466 of 5000
elapsed time: 471 of 5000
elapsed time: 476 of 5000
elapsed time: 481 of 5000
elapsed time: 486 of 5000
elapsed time: 492 of 5000
elapsed time: 497 of 5000
elapsed time: 502 of 5000
elapsed time: 507 of 5000
elapsed time: 512 of 5000
elapsed time: 517 of 5000
elapsed time: 523 of 5000
elapsed time: 528 of 5000
elapsed time: 532 of 5000
elapsed time: 537 of 5000
elapsed time: 542 of 5000
elapsed time: 548 of 5000
elapsed time: 553 of 5000
elapsed time: 558 of 5000
elapsed time: 563 of 5000
elapsed time: 567 of 5000
elapsed time: 573 of 5000
elapsed time: 578 of 5000
elapsed time: 583 of 5000
elapsed time: 588 of 5000
elapsed time: 593 of 5000
elapsed time: 598 of 5000
elapsed time: 604 of 5000
elapsed time: 609 of 5000
elapsed time: 614 of 5000
elapsed time: 618 of 5000
elapsed time: 624 of 5000
elapsed time: 629 of 5000
elapsed time: 634 of 5000
elapsed time: 638 of 5000
elapsed time: 643 of 5000
elapsed time: 648 of 5000
elapsed time: 653 of 5000
elapsed time: 659 of 5000
elapsed time: 664 of 5000
elapsed time: 669 of 5000
elapsed time: 673 of 5000
elapsed time: 679 of 5000
elapsed time: 684 of 5000
elapsed time: 689 of 5000
elapsed time: 694 of 5000
elapsed time: 698 of 5000
elapsed time: 703 of 5000
elapsed time: 709 of 5000
elapsed time: 714 of 5000
elapsed time: 719 of 5000
elapsed time: 724 of 5000
elapsed time: 729 of 5000
elapsed time: 734 of 5000
elapsed time: 739 of 5000
elapsed time: 744 of 5000
elapsed time: 749 of 5000
elapsed time: 753 of 5000
elapsed time: 759 of 5000
elapsed time: 764 of 5000
elapsed time: 769 of 5000
elapsed time: 774 of 5000
elapsed time: 779 of 5000
elapsed time: 784 of 5000
elapsed time: 789 of 5000
elapsed time: 794 of 5000
elapsed time: 799 of 5000
elapsed time: 804 of 5000
elapsed time: 808 of 5000
elapsed time: 813 of 5000
elapsed time: 819 of 5000
elapsed time: 824 of 5000
elapsed time: 829 of 5000
elapsed time: 834 of 5000
elapsed time: 839 of 5000
elapsed time: 844 of 5000
elapsed time: 850 of 5000
elapsed time: 854 of 5000
elapsed time: 859 of 5000
elapsed time: 864 of 5000
elapsed time: 869 of 5000
elapsed time: 875 of 5000
elapsed time: 881 of 5000
elapsed time: 886 of 5000
elapsed time: 890 of 5000
elapsed time: 895 of 5000
elapsed time: 900 of 5000
elapsed time: 905 of 5000
elapsed time: 911 of 5000
elapsed time: 915 of 5000
elapsed time: 920 of 5000
elapsed time: 925 of 5000
elapsed time: 930 of 5000
elapsed time: 936 of 5000
elapsed time: 941 of 5000
elapsed time: 945 of 5000
elapsed time: 950 of 5000
elapsed time: 955 of 5000
elapsed time: 961 of 5000
elapsed time: 965 of 5000
elapsed time: 970 of 5000
elapsed time: 975 of 5000
elapsed time: 980 of 5000
elapsed time: 986 of 5000
elapsed time: 991 of 5000
elapsed time: 996 of 5000
elapsed time: 1001 of 5000
elapsed time: 1005 of 5000
elapsed time: 1011 of 5000
elapsed time: 1016 of 5000
elapsed time: 1020 of 5000
elapsed time: 1025 of 5000
elapsed time: 1030 of 5000
elapsed time: 1035 of 5000
elapsed time: 1041 of 5000
elapsed time: 1046 of 5000
elapsed time: 1051 of 5000
elapsed time: 1056 of 5000
elapsed time: 1061 of 5000
elapsed time: 1066 of 5000
elapsed time: 1072 of 5000
elapsed time: 1077 of 5000
elapsed time: 1082 of 5000
elapsed time: 1087 of 5000
elapsed time: 1092 of 5000
elapsed time: 1098 of 5000
elapsed time: 1103 of 5000
elapsed time: 1108 of 5000
elapsed time: 1113 of 5000
elapsed time: 1118 of 5000
elapsed time: 1123 of 5000
elapsed time: 1128 of 5000
elapsed time: 1133 of 5000
elapsed time: 1138 of 5000
elapsed time: 1143 of 5000
elapsed time: 1149 of 5000
elapsed time: 1154 of 5000
elapsed time: 1159 of 5000
elapsed time: 1164 of 5000
elapsed time: 1169 of 5000
elapsed time: 1174 of 5000
elapsed time: 1179 of 5000
elapsed time: 1184 of 5000
elapsed time: 1189 of 5000
elapsed time: 1194 of 5000
elapsed time: 1199 of 5000
elapsed time: 1204 of 5000
elapsed time: 1210 of 5000
elapsed time: 1215 of 5000
elapsed time: 1220 of 5000
elapsed time: 1225 of 5000
elapsed time: 1230 of 5000
elapsed time: 1235 of 5000
elapsed time: 1240 of 5000
elapsed time: 1244 of 5000
elapsed time: 1249 of 5000
elapsed time: 1255 of 5000
elapsed time: 1260 of 5000
elapsed time: 1271 of 5000
elapsed time: 1281 of 5000
elapsed time: 1291 of 5000
elapsed time: 1300 of 5000
elapsed time: 1305 of 5000
elapsed time: 1310 of 5000
elapsed time: 1315 of 5000
elapsed time: 1321 of 5000
elapsed time: 1326 of 5000
elapsed time: 1331 of 5000
elapsed time: 1335 of 5000
elapsed time: 1340 of 5000
elapsed time: 1346 of 5000
elapsed time: 1352 of 5000
elapsed time: 1356 of 5000
elapsed time: 1361 of 5000
elapsed time: 1366 of 5000
elapsed time: 1372 of 5000
elapsed time: 1376 of 5000
elapsed time: 1381 of 5000
elapsed time: 1386 of 5000
elapsed time: 1391 of 5000
elapsed time: 1396 of 5000
elapsed time: 1401 of 5000
elapsed time: 1406 of 5000
elapsed time: 1411 of 5000
elapsed time: 1416 of 5000
elapsed time: 1421 of 5000
elapsed time: 1426 of 5000
elapsed time: 1431 of 5000
elapsed time: 1436 of 5000
elapsed time: 1441 of 5000
elapsed time: 1446 of 5000
elapsed time: 1451 of 5000
elapsed time: 1456 of 5000
elapsed time: 1461 of 5000
elapsed time: 1466 of 5000
elapsed time: 1470 of 5000
elapsed time: 1475 of 5000
elapsed time: 1481 of 5000
elapsed time: 1486 of 5000
elapsed time: 1493 of 5000
elapsed time: 1499 of 5000
elapsed time: 1505 of 5000
elapsed time: 1509 of 5000
elapsed time: 1514 of 5000
elapsed time: 1519 of 5000
elapsed time: 1524 of 5000
elapsed time: 1530 of 5000
elapsed time: 1535 of 5000
elapsed time: 1539 of 5000
elapsed time: 1544 of 5000
elapsed time: 1550 of 5000
elapsed time: 1555 of 5000
elapsed time: 1560 of 5000
elapsed time: 1565 of 5000
elapsed time: 1570 of 5000
elapsed time: 1575 of 5000
elapsed time: 1580 of 5000
elapsed time: 1585 of 5000
elapsed time: 1590 of 5000
elapsed time: 1595 of 5000
elapsed time: 1600 of 5000
elapsed time: 1605 of 5000
elapsed time: 1610 of 5000
elapsed time: 1616 of 5000
elapsed time: 1620 of 5000
elapsed time: 1625 of 5000
elapsed time: 1630 of 5000
elapsed time: 1635 of 5000
elapsed time: 1640 of 5000
elapsed time: 1645 of 5000
elapsed time: 1650 of 5000
elapsed time: 1655 of 5000
elapsed time: 1660 of 5000
elapsed time: 1665 of 5000
elapsed time: 1670 of 5000
elapsed time: 1675 of 5000
elapsed time: 1680 of 5000
elapsed time: 1685 of 5000
elapsed time: 1690 of 5000
elapsed time: 1695 of 5000
elapsed time: 1700 of 5000
elapsed time: 1705 of 5000
elapsed time: 1709 of 5000
elapsed time: 1715 of 5000
elapsed time: 1720 of 5000
elapsed time: 1724 of 5000
elapsed time: 1729 of 5000
elapsed time: 1734 of 5000
elapsed time: 1740 of 5000
elapsed time: 1748 of 5000
elapsed time: 1753 of 5000
elapsed time: 1758 of 5000
elapsed time: 1763 of 5000
elapsed time: 1768 of 5000
elapsed time: 1773 of 5000
elapsed time: 1778 of 5000
elapsed time: 1783 of 5000
elapsed time: 1788 of 5000
elapsed time: 1793 of 5000
elapsed time: 1798 of 5000
elapsed time: 1803 of 5000
elapsed time: 1808 of 5000
elapsed time: 1813 of 5000
elapsed time: 1819 of 5000
elapsed time: 1823 of 5000
elapsed time: 1828 of 5000
elapsed time: 1833 of 5000
elapsed time: 1838 of 5000
elapsed time: 1843 of 5000
elapsed time: 1848 of 5000
elapsed time: 1854 of 5000
elapsed time: 1858 of 5000
elapsed time: 1863 of 5000
elapsed time: 1868 of 5000
elapsed time: 1874 of 5000
elapsed time: 1879 of 5000
elapsed time: 1884 of 5000
elapsed time: 1890 of 5000
elapsed time: 1899 of 5000
elapsed time: 1908 of 5000
elapsed time: 1913 of 5000
elapsed time: 1918 of 5000
elapsed time: 1923 of 5000
elapsed time: 1928 of 5000
elapsed time: 1933 of 5000
elapsed time: 1938 of 5000
elapsed time: 1943 of 5000
elapsed time: 1948 of 5000
elapsed time: 1954 of 5000
elapsed time: 1959 of 5000
elapsed time: 1964 of 5000
elapsed time: 1968 of 5000
elapsed time: 1974 of 5000
elapsed time: 1979 of 5000
elapsed time: 1984 of 5000
elapsed time: 1989 of 5000
elapsed time: 1994 of 5000
elapsed time: 1999 of 5000
elapsed time: 2004 of 5000
elapsed time: 2009 of 5000
elapsed time: 2014 of 5000
elapsed time: 2019 of 5000
elapsed time: 2024 of 5000
elapsed time: 2029 of 5000
elapsed time: 2034 of 5000
elapsed time: 2039 of 5000
elapsed time: 2044 of 5000
elapsed time: 2049 of 5000
elapsed time: 2054 of 5000
elapsed time: 2059 of 5000
elapsed time: 2064 of 5000
elapsed time: 2069 of 5000
elapsed time: 2074 of 5000
elapsed time: 2079 of 5000
elapsed time: 2084 of 5000
elapsed time: 2090 of 5000
elapsed time: 2095 of 5000
elapsed time: 2100 of 5000
elapsed time: 2104 of 5000
elapsed time: 2110 of 5000
elapsed time: 2115 of 5000
elapsed time: 2120 of 5000
elapsed time: 2125 of 5000
elapsed time: 2130 of 5000
elapsed time: 2136 of 5000
elapsed time: 2141 of 5000
elapsed time: 2146 of 5000
elapsed time: 2151 of 5000
elapsed time: 2156 of 5000
elapsed time: 2162 of 5000
elapsed time: 2167 of 5000
elapsed time: 2172 of 5000
elapsed time: 2177 of 5000
elapsed time: 2182 of 5000
elapsed time: 2187 of 5000
elapsed time: 2192 of 5000
elapsed time: 2197 of 5000
elapsed time: 2202 of 5000
elapsed time: 2206 of 5000
elapsed time: 2212 of 5000
elapsed time: 2217 of 5000
elapsed time: 2223 of 5000
elapsed time: 2227 of 5000
elapsed time: 2232 of 5000
elapsed time: 2237 of 5000
elapsed time: 2242 of 5000
elapsed time: 2247 of 5000
elapsed time: 2252 of 5000
elapsed time: 2257 of 5000
elapsed time: 2262 of 5000
elapsed time: 2267 of 5000
elapsed time: 2272 of 5000
elapsed time: 2277 of 5000
elapsed time: 2282 of 5000
elapsed time: 2287 of 5000
elapsed time: 2292 of 5000
elapsed time: 2297 of 5000
elapsed time: 2302 of 5000
elapsed time: 2307 of 5000
elapsed time: 2312 of 5000
elapsed time: 2317 of 5000
elapsed time: 2322 of 5000
elapsed time: 2327 of 5000
elapsed time: 2332 of 5000
elapsed time: 2337 of 5000
elapsed time: 2342 of 5000
elapsed time: 2347 of 5000
elapsed time: 2353 of 5000
elapsed time: 2357 of 5000
elapsed time: 2362 of 5000
elapsed time: 2367 of 5000
elapsed time: 2372 of 5000
elapsed time: 2377 of 5000
elapsed time: 2382 of 5000
elapsed time: 2387 of 5000
elapsed time: 2392 of 5000
elapsed time: 2397 of 5000
elapsed time: 2403 of 5000
elapsed time: 2407 of 5000
elapsed time: 2412 of 5000
elapsed time: 2418 of 5000
elapsed time: 2423 of 5000
elapsed time: 2428 of 5000
elapsed time: 2433 of 5000
elapsed time: 2438 of 5000
elapsed time: 2443 of 5000
elapsed time: 2448 of 5000
elapsed time: 2453 of 5000
elapsed time: 2458 of 5000
elapsed time: 2463 of 5000
elapsed time: 2467 of 5000
elapsed time: 2473 of 5000
elapsed time: 2478 of 5000
elapsed time: 2483 of 5000
elapsed time: 2488 of 5000
elapsed time: 2493 of 5000
elapsed time: 2498 of 5000
elapsed time: 2504 of 5000
elapsed time: 2509 of 5000
elapsed time: 2514 of 5000
elapsed time: 2519 of 5000
elapsed time: 2524 of 5000
elapsed time: 2528 of 5000
elapsed time: 2534 of 5000
elapsed time: 2539 of 5000
elapsed time: 2543 of 5000
elapsed time: 2549 of 5000
elapsed time: 2554 of 5000
elapsed time: 2559 of 5000
elapsed time: 2564 of 5000
elapsed time: 2569 of 5000
elapsed time: 2574 of 5000
elapsed time: 2579 of 5000
elapsed time: 2583 of 5000
elapsed time: 2589 of 5000
elapsed time: 2594 of 5000
elapsed time: 2599 of 5000
elapsed time: 2604 of 5000
elapsed time: 2609 of 5000
elapsed time: 2615 of 5000
elapsed time: 2620 of 5000
elapsed time: 2625 of 5000
elapsed time: 2630 of 5000
elapsed time: 2635 of 5000
elapsed time: 2640 of 5000
elapsed time: 2645 of 5000
elapsed time: 2650 of 5000
elapsed time: 2655 of 5000
elapsed time: 2660 of 5000
elapsed time: 2665 of 5000
elapsed time: 2670 of 5000
elapsed time: 2675 of 5000
elapsed time: 2680 of 5000
elapsed time: 2686 of 5000
elapsed time: 2690 of 5000
elapsed time: 2695 of 5000
elapsed time: 2701 of 5000
elapsed time: 2706 of 5000
elapsed time: 2711 of 5000
elapsed time: 2715 of 5000
elapsed time: 2720 of 5000
elapsed time: 2725 of 5000
elapsed time: 2731 of 5000
elapsed time: 2735 of 5000
elapsed time: 2740 of 5000
elapsed time: 2745 of 5000
elapsed time: 2751 of 5000
elapsed time: 2756 of 5000
elapsed time: 2761 of 5000
elapsed time: 2766 of 5000
elapsed time: 2771 of 5000
elapsed time: 2775 of 5000
elapsed time: 2781 of 5000
elapsed time: 2786 of 5000
elapsed time: 2791 of 5000
elapsed time: 2796 of 5000
elapsed time: 2800 of 5000
elapsed time: 2805 of 5000
elapsed time: 2811 of 5000
elapsed time: 2816 of 5000
elapsed time: 2821 of 5000
elapsed time: 2826 of 5000
elapsed time: 2831 of 5000
elapsed time: 2837 of 5000
elapsed time: 2842 of 5000
elapsed time: 2847 of 5000
elapsed time: 2852 of 5000
elapsed time: 2857 of 5000
elapsed time: 2863 of 5000
elapsed time: 2868 of 5000
elapsed time: 2872 of 5000
elapsed time: 2877 of 5000
elapsed time: 2883 of 5000
elapsed time: 2888 of 5000
elapsed time: 2893 of 5000
elapsed time: 2898 of 5000
elapsed time: 2903 of 5000
elapsed time: 2907 of 5000
elapsed time: 2913 of 5000
elapsed time: 2918 of 5000
elapsed time: 2922 of 5000
elapsed time: 2927 of 5000
elapsed time: 2932 of 5000
elapsed time: 2937 of 5000
elapsed time: 2942 of 5000
elapsed time: 2948 of 5000
elapsed time: 2952 of 5000
elapsed time: 2957 of 5000
elapsed time: 2962 of 5000
elapsed time: 2968 of 5000
elapsed time: 2972 of 5000
elapsed time: 2977 of 5000
elapsed time: 2982 of 5000
elapsed time: 2987 of 5000
elapsed time: 2992 of 5000
elapsed time: 2997 of 5000
elapsed time: 3002 of 5000
elapsed time: 3007 of 5000
elapsed time: 3012 of 5000
elapsed time: 3017 of 5000
elapsed time: 3022 of 5000
elapsed time: 3027 of 5000
elapsed time: 3032 of 5000
elapsed time: 3037 of 5000
elapsed time: 3042 of 5000
elapsed time: 3047 of 5000
elapsed time: 3052 of 5000
elapsed time: 3057 of 5000
elapsed time: 3062 of 5000
elapsed time: 3067 of 5000
elapsed time: 3072 of 5000
elapsed time: 3077 of 5000
elapsed time: 3082 of 5000
elapsed time: 3087 of 5000
elapsed time: 3092 of 5000
elapsed time: 3097 of 5000
elapsed time: 3102 of 5000
elapsed time: 3107 of 5000
elapsed time: 3112 of 5000
elapsed time: 3117 of 5000
elapsed time: 3123 of 5000
elapsed time: 3128 of 5000
elapsed time: 3133 of 5000
elapsed time: 3138 of 5000
elapsed time: 3143 of 5000
elapsed time: 3149 of 5000
elapsed time: 3154 of 5000
elapsed time: 3159 of 5000
elapsed time: 3164 of 5000
elapsed time: 3169 of 5000
elapsed time: 3174 of 5000
elapsed time: 3179 of 5000
elapsed time: 3184 of 5000
elapsed time: 3188 of 5000
elapsed time: 3193 of 5000
elapsed time: 3199 of 5000
elapsed time: 3203 of 5000
elapsed time: 3209 of 5000
elapsed time: 3214 of 5000
elapsed time: 3219 of 5000
elapsed time: 3225 of 5000
elapsed time: 3229 of 5000
elapsed time: 3235 of 5000
elapsed time: 3239 of 5000
elapsed time: 3244 of 5000
elapsed time: 3250 of 5000
elapsed time: 3255 of 5000
elapsed time: 3260 of 5000
elapsed time: 3264 of 5000
elapsed time: 3269 of 5000
elapsed time: 3275 of 5000
elapsed time: 3280 of 5000
elapsed time: 3285 of 5000
elapsed time: 3290 of 5000
elapsed time: 3294 of 5000
elapsed time: 3299 of 5000
elapsed time: 3305 of 5000
elapsed time: 3310 of 5000
elapsed time: 3315 of 5000
elapsed time: 3319 of 5000
elapsed time: 3324 of 5000
elapsed time: 3330 of 5000
elapsed time: 3335 of 5000
elapsed time: 3340 of 5000
elapsed time: 3345 of 5000
elapsed time: 3350 of 5000
elapsed time: 3355 of 5000
elapsed time: 3360 of 5000
elapsed time: 3365 of 5000
elapsed time: 3370 of 5000
elapsed time: 3375 of 5000
elapsed time: 3380 of 5000
elapsed time: 3385 of 5000
elapsed time: 3390 of 5000
elapsed time: 3395 of 5000
elapsed time: 3400 of 5000
elapsed time: 3406 of 5000
elapsed time: 3411 of 5000
elapsed time: 3416 of 5000
elapsed time: 3421 of 5000
elapsed time: 3426 of 5000
elapsed time: 3431 of 5000
elapsed time: 3436 of 5000
elapsed time: 3441 of 5000
elapsed time: 3446 of 5000
elapsed time: 3450 of 5000
elapsed time: 3455 of 5000
elapsed time: 3461 of 5000
elapsed time: 3466 of 5000
elapsed time: 3470 of 5000
elapsed time: 3476 of 5000
elapsed time: 3481 of 5000
elapsed time: 3486 of 5000
elapsed time: 3491 of 5000
elapsed time: 3496 of 5000
elapsed time: 3501 of 5000
elapsed time: 3506 of 5000
elapsed time: 3512 of 5000
elapsed time: 3517 of 5000
elapsed time: 3521 of 5000
elapsed time: 3526 of 5000
elapsed time: 3531 of 5000
elapsed time: 3536 of 5000
elapsed time: 3542 of 5000
elapsed time: 3547 of 5000
elapsed time: 3552 of 5000
elapsed time: 3556 of 5000
elapsed time: 3562 of 5000
elapsed time: 3567 of 5000
elapsed time: 3572 of 5000
elapsed time: 3576 of 5000
elapsed time: 3581 of 5000
elapsed time: 3586 of 5000
elapsed time: 3591 of 5000
elapsed time: 3596 of 5000
elapsed time: 3602 of 5000
elapsed time: 3612 of 5000
elapsed time: 3620 of 5000
elapsed time: 3625 of 5000
elapsed time: 3630 of 5000
elapsed time: 3634 of 5000
elapsed time: 3639 of 5000
elapsed time: 3645 of 5000
elapsed time: 3650 of 5000
elapsed time: 3655 of 5000
elapsed time: 3660 of 5000
elapsed time: 3665 of 5000
elapsed time: 3670 of 5000
elapsed time: 3675 of 5000
elapsed time: 3681 of 5000
elapsed time: 3685 of 5000
elapsed time: 3690 of 5000
elapsed time: 3696 of 5000
elapsed time: 3700 of 5000
elapsed time: 3705 of 5000
elapsed time: 3710 of 5000
elapsed time: 3715 of 5000
elapsed time: 3720 of 5000
elapsed time: 3725 of 5000
elapsed time: 3730 of 5000
elapsed time: 3735 of 5000
elapsed time: 3740 of 5000
elapsed time: 3746 of 5000
elapsed time: 3751 of 5000
elapsed time: 3756 of 5000
elapsed time: 3761 of 5000
elapsed time: 3765 of 5000
elapsed time: 3770 of 5000
elapsed time: 3776 of 5000
elapsed time: 3780 of 5000
elapsed time: 3785 of 5000
elapsed time: 3790 of 5000
elapsed time: 3795 of 5000
elapsed time: 3800 of 5000
elapsed time: 3805 of 5000
elapsed time: 3810 of 5000
elapsed time: 3815 of 5000
elapsed time: 3820 of 5000
elapsed time: 3825 of 5000
elapsed time: 3831 of 5000
elapsed time: 3839 of 5000
elapsed time: 3844 of 5000
elapsed time: 3849 of 5000
elapsed time: 3854 of 5000
elapsed time: 3859 of 5000
elapsed time: 3864 of 5000
elapsed time: 3869 of 5000
elapsed time: 3874 of 5000
elapsed time: 3880 of 5000
elapsed time: 3885 of 5000
elapsed time: 3890 of 5000
elapsed time: 3895 of 5000
elapsed time: 3900 of 5000
elapsed time: 3905 of 5000
elapsed time: 3910 of 5000
elapsed time: 3915 of 5000
elapsed time: 3920 of 5000
elapsed time: 3925 of 5000
elapsed time: 3930 of 5000
elapsed time: 3935 of 5000
elapsed time: 3940 of 5000
elapsed time: 3946 of 5000
elapsed time: 3950 of 5000
elapsed time: 3955 of 5000
elapsed time: 3961 of 5000
elapsed time: 3967 of 5000
elapsed time: 3972 of 5000
elapsed time: 3976 of 5000
elapsed time: 3981 of 5000
elapsed time: 3987 of 5000
elapsed time: 3991 of 5000
elapsed time: 3996 of 5000
elapsed time: 4001 of 5000
elapsed time: 4006 of 5000
elapsed time: 4012 of 5000
elapsed time: 4017 of 5000
elapsed time: 4022 of 5000
elapsed time: 4027 of 5000
elapsed time: 4032 of 5000
elapsed time: 4037 of 5000
elapsed time: 4042 of 5000
elapsed time: 4047 of 5000
elapsed time: 4052 of 5000
elapsed time: 4057 of 5000
elapsed time: 4062 of 5000
elapsed time: 4067 of 5000
elapsed time: 4072 of 5000
elapsed time: 4078 of 5000
elapsed time: 4083 of 5000
elapsed time: 4088 of 5000
elapsed time: 4093 of 5000
elapsed time: 4099 of 5000
elapsed time: 4104 of 5000
elapsed time: 4109 of 5000
elapsed time: 4114 of 5000
elapsed time: 4119 of 5000
elapsed time: 4124 of 5000
elapsed time: 4129 of 5000
elapsed time: 4134 of 5000
elapsed time: 4139 of 5000
elapsed time: 4145 of 5000
elapsed time: 4150 of 5000
elapsed time: 4155 of 5000
elapsed time: 4160 of 5000
elapsed time: 4166 of 5000
elapsed time: 4171 of 5000
elapsed time: 4177 of 5000
elapsed time: 4181 of 5000
elapsed time: 4186 of 5000
elapsed time: 4191 of 5000
elapsed time: 4196 of 5000
elapsed time: 4201 of 5000
elapsed time: 4206 of 5000
elapsed time: 4212 of 5000
elapsed time: 4217 of 5000
elapsed time: 4222 of 5000
elapsed time: 4228 of 5000
elapsed time: 4233 of 5000
elapsed time: 4237 of 5000
elapsed time: 4242 of 5000
elapsed time: 4247 of 5000
elapsed time: 4252 of 5000
elapsed time: 4258 of 5000
elapsed time: 4265 of 5000
elapsed time: 4271 of 5000
elapsed time: 4276 of 5000
elapsed time: 4281 of 5000
elapsed time: 4287 of 5000
elapsed time: 4292 of 5000
elapsed time: 4296 of 5000
elapsed time: 4301 of 5000
elapsed time: 4307 of 5000
elapsed time: 4312 of 5000
elapsed time: 4317 of 5000
elapsed time: 4322 of 5000
elapsed time: 4326 of 5000
elapsed time: 4331 of 5000
elapsed time: 4337 of 5000
elapsed time: 4342 of 5000
elapsed time: 4347 of 5000
elapsed time: 4352 of 5000
elapsed time: 4357 of 5000
elapsed time: 4362 of 5000
elapsed time: 4367 of 5000
elapsed time: 4372 of 5000
elapsed time: 4377 of 5000
elapsed time: 4382 of 5000
elapsed time: 4387 of 5000
elapsed time: 4392 of 5000
elapsed time: 4397 of 5000
elapsed time: 4402 of 5000
elapsed time: 4406 of 5000
elapsed time: 4412 of 5000
elapsed time: 4417 of 5000
elapsed time: 4422 of 5000
elapsed time: 4427 of 5000
elapsed time: 4432 of 5000
elapsed time: 4438 of 5000
elapsed time: 4443 of 5000
elapsed time: 4448 of 5000
elapsed time: 4452 of 5000
elapsed time: 4457 of 5000
elapsed time: 4463 of 5000
elapsed time: 4468 of 5000
elapsed time: 4473 of 5000
elapsed time: 4478 of 5000
elapsed time: 4483 of 5000
elapsed time: 4489 of 5000
elapsed time: 4494 of 5000
elapsed time: 4499 of 5000
elapsed time: 4504 of 5000
elapsed time: 4509 of 5000
elapsed time: 4514 of 5000
elapsed time: 4519 of 5000
elapsed time: 4525 of 5000
elapsed time: 4530 of 5000
elapsed time: 4535 of 5000
elapsed time: 4540 of 5000
elapsed time: 4545 of 5000
elapsed time: 4550 of 5000
elapsed time: 4556 of 5000
elapsed time: 4561 of 5000
elapsed time: 4566 of 5000
elapsed time: 4570 of 5000
elapsed time: 4575 of 5000
elapsed time: 4581 of 5000
elapsed time: 4586 of 5000
elapsed time: 4591 of 5000
elapsed time: 4595 of 5000
elapsed time: 4600 of 5000
elapsed time: 4605 of 5000
elapsed time: 4611 of 5000
elapsed time: 4616 of 5000
elapsed time: 4621 of 5000
elapsed time: 4626 of 5000
elapsed time: 4631 of 5000
elapsed time: 4636 of 5000
elapsed time: 4641 of 5000
elapsed time: 4646 of 5000
elapsed time: 4650 of 5000
elapsed time: 4655 of 5000
elapsed time: 4661 of 5000
elapsed time: 4666 of 5000
elapsed time: 4670 of 5000
elapsed time: 4675 of 5000
elapsed time: 4681 of 5000
elapsed time: 4685 of 5000
elapsed time: 4691 of 5000
elapsed time: 4695 of 5000
elapsed time: 4700 of 5000
elapsed time: 4705 of 5000
elapsed time: 4710 of 5000
elapsed time: 4716 of 5000
elapsed time: 4721 of 5000
elapsed time: 4725 of 5000
elapsed time: 4730 of 5000
elapsed time: 4735 of 5000
elapsed time: 4741 of 5000
elapsed time: 4746 of 5000
elapsed time: 4751 of 5000
elapsed time: 4756 of 5000
elapsed time: 4761 of 5000
elapsed time: 4766 of 5000
elapsed time: 4771 of 5000
elapsed time: 4776 of 5000
elapsed time: 4781 of 5000
elapsed time: 4786 of 5000
elapsed time: 4791 of 5000
elapsed time: 4796 of 5000
elapsed time: 4801 of 5000
elapsed time: 4806 of 5000
elapsed time: 4812 of 5000
elapsed time: 4816 of 5000
elapsed time: 4821 of 5000
elapsed time: 4827 of 5000
elapsed time: 4832 of 5000
elapsed time: 4837 of 5000
elapsed time: 4842 of 5000
elapsed time: 4847 of 5000
elapsed time: 4852 of 5000
elapsed time: 4857 of 5000
elapsed time: 4862 of 5000
elapsed time: 4867 of 5000
elapsed time: 4872 of 5000
elapsed time: 4877 of 5000
elapsed time: 4883 of 5000
elapsed time: 4887 of 5000
elapsed time: 4892 of 5000
elapsed time: 4897 of 5000
elapsed time: 4902 of 5000
elapsed time: 4907 of 5000
elapsed time: 4912 of 5000
elapsed time: 4917 of 5000
elapsed time: 4922 of 5000
elapsed time: 4927 of 5000
elapsed time: 4931 of 5000
elapsed time: 4936 of 5000
elapsed time: 4942 of 5000
elapsed time: 4947 of 5000
elapsed time: 4952 of 5000
elapsed time: 4957 of 5000
elapsed time: 4962 of 5000
elapsed time: 4968 of 5000
elapsed time: 4972 of 5000
elapsed time: 4977 of 5000
elapsed time: 4982 of 5000
elapsed time: 4987 of 5000
elapsed time: 4993 of 5000
elapsed time: 4998 of 5000
Done testing...
Start testing...
elapsed time: 150 of 5000
elapsed time: 490 of 5000
elapsed time: 677 of 5000
elapsed time: 749 of 5000
elapsed time: 962 of 5000
elapsed time: 974 of 5000
elapsed time: 1371 of 5000
elapsed time: 1386 of 5000
elapsed time: 1557 of 5000
elapsed time: 1593 of 5000
elapsed time: 1957 of 5000
elapsed time: 1970 of 5000
elapsed time: 1984 of 5000
elapsed time: 2074 of 5000
elapsed time: 2089 of 5000
elapsed time: 2104 of 5000
elapsed time: 2120 of 5000
elapsed time: 2329 of 5000
elapsed time: 2488 of 5000
elapsed time: 2773 of 5000
elapsed time: 3259 of 5000
elapsed time: 3382 of 5000
elapsed time: 3398 of 5000
elapsed time: 3615 of 5000
elapsed time: 3628 of 5000
elapsed time: 3720 of 5000
elapsed time: 3814 of 5000
elapsed time: 4304 of 5000
elapsed time: 4320 of 5000
elapsed time: 4342 of 5000
Done testing...
Start testing...
elapsed time: 18 of 5000
elapsed time: 101 of 5000
elapsed time: 108 of 5000
elapsed time: 116 of 5000
elapsed time: 124 of 5000
elapsed time: 131 of 5000
elapsed time: 148 of 5000
elapsed time: 168 of 5000
elapsed time: 184 of 5000
elapsed time: 201 of 5000
elapsed time: 215 of 5000
elapsed time: 230 of 5000
elapsed time: 246 of 5000
elapsed time: 262 of 5000
elapsed time: 276 of 5000
elapsed time: 290 of 5000
elapsed time: 305 of 5000
elapsed time: 307 of 5000
elapsed time: 323 of 5000
elapsed time: 337 of 5000
elapsed time: 353 of 5000
elapsed time: 366 of 5000
elapsed time: 372 of 5000
elapsed time: 384 of 5000
elapsed time: 399 of 5000
elapsed time: 415 of 5000
elapsed time: 431 of 5000
elapsed time: 444 of 5000
elapsed time: 446 of 5000
elapsed time: 463 of 5000
elapsed time: 482 of 5000
elapsed time: 506 of 5000
elapsed time: 522 of 5000
elapsed time: 537 of 5000
elapsed time: 551 of 5000
elapsed time: 553 of 5000
elapsed time: 570 of 5000
elapsed time: 584 of 5000
elapsed time: 597 of 5000
elapsed time: 614 of 5000
elapsed time: 629 of 5000
elapsed time: 647 of 5000
elapsed time: 662 of 5000
elapsed time: 674 of 5000
elapsed time: 688 of 5000
elapsed time: 706 of 5000
elapsed time: 721 of 5000
elapsed time: 738 of 5000
elapsed time: 753 of 5000
elapsed time: 767 of 5000
elapsed time: 784 of 5000
elapsed time: 802 of 5000
elapsed time: 817 of 5000
elapsed time: 831 of 5000
elapsed time: 833 of 5000
elapsed time: 850 of 5000
elapsed time: 864 of 5000
elapsed time: 882 of 5000
elapsed time: 895 of 5000
elapsed time: 910 of 5000
elapsed time: 925 of 5000
elapsed time: 941 of 5000
elapsed time: 957 of 5000
elapsed time: 960 of 5000
elapsed time: 972 of 5000
elapsed time: 986 of 5000
elapsed time: 999 of 5000
elapsed time: 1013 of 5000
elapsed time: 1029 of 5000
elapsed time: 1044 of 5000
elapsed time: 1058 of 5000
elapsed time: 1076 of 5000
elapsed time: 1092 of 5000
elapsed time: 1108 of 5000
elapsed time: 1122 of 5000
elapsed time: 1138 of 5000
elapsed time: 1154 of 5000
elapsed time: 1171 of 5000
elapsed time: 1186 of 5000
elapsed time: 1200 of 5000
elapsed time: 1215 of 5000
elapsed time: 1230 of 5000
elapsed time: 1247 of 5000
elapsed time: 1265 of 5000
elapsed time: 1282 of 5000
elapsed time: 1301 of 5000
elapsed time: 1316 of 5000
elapsed time: 1328 of 5000
elapsed time: 1346 of 5000
elapsed time: 1362 of 5000
elapsed time: 1376 of 5000
elapsed time: 1378 of 5000
elapsed time: 1390 of 5000
elapsed time: 1405 of 5000
elapsed time: 1421 of 5000
elapsed time: 1437 of 5000
elapsed time: 1451 of 5000
elapsed time: 1476 of 5000
elapsed time: 1502 of 5000
elapsed time: 1520 of 5000
elapsed time: 1534 of 5000
elapsed time: 1549 of 5000
elapsed time: 1563 of 5000
elapsed time: 1577 of 5000
elapsed time: 1593 of 5000
elapsed time: 1606 of 5000
elapsed time: 1620 of 5000
elapsed time: 1633 of 5000
elapsed time: 1647 of 5000
elapsed time: 1667 of 5000
elapsed time: 1670 of 5000
elapsed time: 1684 of 5000
elapsed time: 1686 of 5000
elapsed time: 1700 of 5000
elapsed time: 1718 of 5000
elapsed time: 1732 of 5000
elapsed time: 1746 of 5000
elapsed time: 1760 of 5000
elapsed time: 1762 of 5000
elapsed time: 1774 of 5000
elapsed time: 1788 of 5000
elapsed time: 1806 of 5000
elapsed time: 1821 of 5000
elapsed time: 1837 of 5000
elapsed time: 1851 of 5000
elapsed time: 1869 of 5000
elapsed time: 1887 of 5000
elapsed time: 1904 of 5000
elapsed time: 1918 of 5000
elapsed time: 1933 of 5000
elapsed time: 1949 of 5000
elapsed time: 1964 of 5000
elapsed time: 1966 of 5000
elapsed time: 1981 of 5000
elapsed time: 1995 of 5000
elapsed time: 2009 of 5000
elapsed time: 2024 of 5000
elapsed time: 2037 of 5000
elapsed time: 2055 of 5000
elapsed time: 2067 of 5000
elapsed time: 2082 of 5000
elapsed time: 2096 of 5000
elapsed time: 2098 of 5000
elapsed time: 2112 of 5000
elapsed time: 2128 of 5000
elapsed time: 2144 of 5000
elapsed time: 2159 of 5000
elapsed time: 2174 of 5000
elapsed time: 2189 of 5000
elapsed time: 2207 of 5000
elapsed time: 2238 of 5000
elapsed time: 2253 of 5000
elapsed time: 2268 of 5000
elapsed time: 2280 of 5000
elapsed time: 2295 of 5000
elapsed time: 2311 of 5000
elapsed time: 2327 of 5000
elapsed time: 2345 of 5000
elapsed time: 2359 of 5000
elapsed time: 2365 of 5000
elapsed time: 2367 of 5000
elapsed time: 2385 of 5000
elapsed time: 2400 of 5000
elapsed time: 2415 of 5000
elapsed time: 2429 of 5000
elapsed time: 2445 of 5000
elapsed time: 2465 of 5000
elapsed time: 2479 of 5000
elapsed time: 2495 of 5000
elapsed time: 2500 of 5000
elapsed time: 2514 of 5000
elapsed time: 2516 of 5000
elapsed time: 2532 of 5000
elapsed time: 2534 of 5000
elapsed time: 2548 of 5000
elapsed time: 2561 of 5000
elapsed time: 2575 of 5000
elapsed time: 2587 of 5000
elapsed time: 2600 of 5000
elapsed time: 2602 of 5000
elapsed time: 2605 of 5000
elapsed time: 2620 of 5000
elapsed time: 2638 of 5000
elapsed time: 2654 of 5000
elapsed time: 2668 of 5000
elapsed time: 2684 of 5000
elapsed time: 2696 of 5000
elapsed time: 2712 of 5000
elapsed time: 2725 of 5000
elapsed time: 2740 of 5000
elapsed time: 2752 of 5000
elapsed time: 2771 of 5000
elapsed time: 2784 of 5000
elapsed time: 2797 of 5000
elapsed time: 2799 of 5000
elapsed time: 2813 of 5000
elapsed time: 2828 of 5000
elapsed time: 2845 of 5000
elapsed time: 2861 of 5000
elapsed time: 2875 of 5000
elapsed time: 2889 of 5000
elapsed time: 2904 of 5000
elapsed time: 2919 of 5000
elapsed time: 2933 of 5000
elapsed time: 2948 of 5000
elapsed time: 2964 of 5000
elapsed time: 2982 of 5000
elapsed time: 2998 of 5000
elapsed time: 3012 of 5000
elapsed time: 3028 of 5000
elapsed time: 3044 of 5000
elapsed time: 3059 of 5000
elapsed time: 3074 of 5000
elapsed time: 3088 of 5000
elapsed time: 3105 of 5000
elapsed time: 3120 of 5000
elapsed time: 3136 of 5000
elapsed time: 3152 of 5000
elapsed time: 3168 of 5000
elapsed time: 3182 of 5000
elapsed time: 3185 of 5000
elapsed time: 3198 of 5000
elapsed time: 3212 of 5000
elapsed time: 3231 of 5000
elapsed time: 3248 of 5000
elapsed time: 3263 of 5000
elapsed time: 3277 of 5000
elapsed time: 3292 of 5000
elapsed time: 3308 of 5000
elapsed time: 3321 of 5000
elapsed time: 3323 of 5000
elapsed time: 3339 of 5000
elapsed time: 3353 of 5000
elapsed time: 3368 of 5000
elapsed time: 3383 of 5000
elapsed time: 3396 of 5000
elapsed time: 3414 of 5000
elapsed time: 3427 of 5000
elapsed time: 3440 of 5000
elapsed time: 3442 of 5000
elapsed time: 3456 of 5000
elapsed time: 3470 of 5000
elapsed time: 3493 of 5000
elapsed time: 3508 of 5000
elapsed time: 3521 of 5000
elapsed time: 3535 of 5000
elapsed time: 3553 of 5000
elapsed time: 3570 of 5000
elapsed time: 3584 of 5000
elapsed time: 3599 of 5000
elapsed time: 3613 of 5000
elapsed time: 3630 of 5000
elapsed time: 3645 of 5000
elapsed time: 3659 of 5000
elapsed time: 3674 of 5000
elapsed time: 3688 of 5000
elapsed time: 3703 of 5000
elapsed time: 3720 of 5000
elapsed time: 3735 of 5000
elapsed time: 3750 of 5000
elapsed time: 3762 of 5000
elapsed time: 3764 of 5000
elapsed time: 3780 of 5000
elapsed time: 3782 of 5000
elapsed time: 3798 of 5000
elapsed time: 3812 of 5000
elapsed time: 3817 of 5000
elapsed time: 3833 of 5000
elapsed time: 3846 of 5000
elapsed time: 3860 of 5000
elapsed time: 3875 of 5000
elapsed time: 3890 of 5000
elapsed time: 3917 of 5000
elapsed time: 3932 of 5000
elapsed time: 3938 of 5000
elapsed time: 3961 of 5000
elapsed time: 3975 of 5000
elapsed time: 3988 of 5000
elapsed time: 4002 of 5000
elapsed time: 4004 of 5000
elapsed time: 4020 of 5000
elapsed time: 4034 of 5000
elapsed time: 4047 of 5000
elapsed time: 4062 of 5000
elapsed time: 4078 of 5000
elapsed time: 4098 of 5000
elapsed time: 4114 of 5000
elapsed time: 4129 of 5000
elapsed time: 4143 of 5000
elapsed time: 4145 of 5000
elapsed time: 4160 of 5000
elapsed time: 4182 of 5000
elapsed time: 4202 of 5000
elapsed time: 4218 of 5000
elapsed time: 4232 of 5000
elapsed time: 4249 of 5000
elapsed time: 4261 of 5000
elapsed time: 4274 of 5000
elapsed time: 4288 of 5000
elapsed time: 4295 of 5000
elapsed time: 4297 of 5000
elapsed time: 4311 of 5000
elapsed time: 4327 of 5000
elapsed time: 4345 of 5000
elapsed time: 4358 of 5000
elapsed time: 4372 of 5000
elapsed time: 4385 of 5000
elapsed time: 4402 of 5000
elapsed time: 4418 of 5000
elapsed time: 4436 of 5000
elapsed time: 4448 of 5000
elapsed time: 4451 of 5000
elapsed time: 4464 of 5000
elapsed time: 4482 of 5000
elapsed time: 4497 of 5000
elapsed time: 4512 of 5000
elapsed time: 4526 of 5000
elapsed time: 4542 of 5000
elapsed time: 4560 of 5000
elapsed time: 4576 of 5000
elapsed time: 4590 of 5000
elapsed time: 4604 of 5000
elapsed time: 4620 of 5000
elapsed time: 4635 of 5000
elapsed time: 4637 of 5000
elapsed time: 4651 of 5000
elapsed time: 4665 of 5000
elapsed time: 4683 of 5000
elapsed time: 4698 of 5000
elapsed time: 4703 of 5000
elapsed time: 4719 of 5000
elapsed time: 4732 of 5000
elapsed time: 4747 of 5000
elapsed time: 4762 of 5000
elapsed time: 4775 of 5000
elapsed time: 4791 of 5000
elapsed time: 4808 of 5000
elapsed time: 4824 of 5000
elapsed time: 4839 of 5000
elapsed time: 4852 of 5000
elapsed time: 4867 of 5000
elapsed time: 4881 of 5000
elapsed time: 4898 of 5000
elapsed time: 4915 of 5000
elapsed time: 4928 of 5000
elapsed time: 4948 of 5000
elapsed time: 4964 of 5000
elapsed time: 4979 of 5000
elapsed time: 4994 of 5000
Done testing...
Start testing...
elapsed time: 280 of 5000
elapsed time: 1177 of 5000
elapsed time: 1301 of 5000
elapsed time: 1737 of 5000
elapsed time: 1869 of 5000
elapsed time: 1881 of 5000
elapsed time: 1940 of 5000
elapsed time: 2712 of 5000
elapsed time: 2728 of 5000
elapsed time: 2746 of 5000
elapsed time: 3131 of 5000
elapsed time: 3314 of 5000
elapsed time: 3517 of 5000
elapsed time: 3788 of 5000
elapsed time: 3802 of 5000
elapsed time: 3814 of 5000
elapsed time: 4192 of 5000
elapsed time: 4595 of 5000
elapsed time: 4610 of 5000
elapsed time: 4637 of 5000
elapsed time: 4871 of 5000
elapsed time: 4938 of 5000
Done testing...
Start testing...
elapsed time: 240 of 5000
elapsed time: 1230 of 5000
elapsed time: 1230 of 5000
elapsed time: 2763 of 5000
elapsed time: 3409 of 5000
elapsed time: 3409 of 5000
elapsed time: 3409 of 5000
elapsed time: 3409 of 5000
elapsed time: 3409 of 5000
elapsed time: 3692 of 5000
elapsed time: 3692 of 5000
elapsed time: 3692 of 5000
elapsed time: 3692 of 5000
elapsed time: 3886 of 5000
Done testing...
Start testing...
elapsed time: 13 of 5000
elapsed time: 23 of 5000
elapsed time: 30 of 5000
elapsed time: 40 of 5000
elapsed time: 47 of 5000
elapsed time: 55 of 5000
elapsed time: 62 of 5000
elapsed time: 70 of 5000
elapsed time: 77 of 5000
elapsed time: 84 of 5000
elapsed time: 91 of 5000
elapsed time: 97 of 5000
elapsed time: 103 of 5000
elapsed time: 111 of 5000
elapsed time: 119 of 5000
elapsed time: 125 of 5000
elapsed time: 134 of 5000
elapsed time: 142 of 5000
elapsed time: 150 of 5000
elapsed time: 157 of 5000
elapsed time: 163 of 5000
elapsed time: 170 of 5000
elapsed time: 177 of 5000
elapsed time: 183 of 5000
elapsed time: 190 of 5000
elapsed time: 199 of 5000
elapsed time: 206 of 5000
elapsed time: 216 of 5000
elapsed time: 223 of 5000
elapsed time: 229 of 5000
elapsed time: 235 of 5000
elapsed time: 241 of 5000
elapsed time: 245 of 5000
elapsed time: 251 of 5000
elapsed time: 258 of 5000
elapsed time: 263 of 5000
elapsed time: 270 of 5000
elapsed time: 275 of 5000
elapsed time: 281 of 5000
elapsed time: 287 of 5000
elapsed time: 293 of 5000
elapsed time: 298 of 5000
elapsed time: 304 of 5000
elapsed time: 309 of 5000
elapsed time: 314 of 5000
elapsed time: 320 of 5000
elapsed time: 324 of 5000
elapsed time: 328 of 5000
elapsed time: 334 of 5000
elapsed time: 341 of 5000
elapsed time: 348 of 5000
elapsed time: 354 of 5000
elapsed time: 360 of 5000
elapsed time: 366 of 5000
elapsed time: 374 of 5000
elapsed time: 381 of 5000
elapsed time: 387 of 5000
elapsed time: 394 of 5000
elapsed time: 400 of 5000
elapsed time: 404 of 5000
elapsed time: 410 of 5000
elapsed time: 415 of 5000
elapsed time: 422 of 5000
elapsed time: 428 of 5000
elapsed time: 432 of 5000
elapsed time: 440 of 5000
elapsed time: 446 of 5000
elapsed time: 453 of 5000
elapsed time: 457 of 5000
elapsed time: 462 of 5000
elapsed time: 467 of 5000
elapsed time: 474 of 5000
elapsed time: 480 of 5000
elapsed time: 484 of 5000
elapsed time: 490 of 5000
elapsed time: 497 of 5000
elapsed time: 501 of 5000
elapsed time: 508 of 5000
elapsed time: 514 of 5000
elapsed time: 522 of 5000
elapsed time: 527 of 5000
elapsed time: 534 of 5000
elapsed time: 539 of 5000
elapsed time: 545 of 5000
elapsed time: 549 of 5000
elapsed time: 554 of 5000
elapsed time: 561 of 5000
elapsed time: 566 of 5000
elapsed time: 572 of 5000
elapsed time: 578 of 5000
elapsed time: 585 of 5000
elapsed time: 591 of 5000
elapsed time: 598 of 5000
elapsed time: 605 of 5000
elapsed time: 609 of 5000
elapsed time: 616 of 5000
elapsed time: 622 of 5000
elapsed time: 627 of 5000
elapsed time: 632 of 5000
elapsed time: 638 of 5000
elapsed time: 643 of 5000
elapsed time: 647 of 5000
elapsed time: 653 of 5000
elapsed time: 659 of 5000
elapsed time: 664 of 5000
elapsed time: 670 of 5000
elapsed time: 676 of 5000
elapsed time: 681 of 5000
elapsed time: 688 of 5000
elapsed time: 694 of 5000
elapsed time: 699 of 5000
elapsed time: 705 of 5000
elapsed time: 709 of 5000
elapsed time: 716 of 5000
elapsed time: 723 of 5000
elapsed time: 726 of 5000
elapsed time: 731 of 5000
elapsed time: 738 of 5000
elapsed time: 742 of 5000
elapsed time: 748 of 5000
elapsed time: 754 of 5000
elapsed time: 760 of 5000
elapsed time: 766 of 5000
elapsed time: 772 of 5000
elapsed time: 777 of 5000
elapsed time: 783 of 5000
elapsed time: 788 of 5000
elapsed time: 794 of 5000
elapsed time: 799 of 5000
elapsed time: 805 of 5000
elapsed time: 810 of 5000
elapsed time: 814 of 5000
elapsed time: 820 of 5000
elapsed time: 825 of 5000
elapsed time: 830 of 5000
elapsed time: 837 of 5000
elapsed time: 841 of 5000
elapsed time: 848 of 5000
elapsed time: 855 of 5000
elapsed time: 860 of 5000
elapsed time: 865 of 5000
elapsed time: 870 of 5000
elapsed time: 880 of 5000
elapsed time: 892 of 5000
elapsed time: 899 of 5000
elapsed time: 905 of 5000
elapsed time: 911 of 5000
elapsed time: 917 of 5000
elapsed time: 923 of 5000
elapsed time: 929 of 5000
elapsed time: 934 of 5000
elapsed time: 939 of 5000
elapsed time: 946 of 5000
elapsed time: 951 of 5000
elapsed time: 957 of 5000
elapsed time: 964 of 5000
elapsed time: 971 of 5000
elapsed time: 977 of 5000
elapsed time: 984 of 5000
elapsed time: 990 of 5000
elapsed time: 997 of 5000
elapsed time: 1003 of 5000
elapsed time: 1009 of 5000
elapsed time: 1016 of 5000
elapsed time: 1022 of 5000
elapsed time: 1028 of 5000
elapsed time: 1034 of 5000
elapsed time: 1040 of 5000
elapsed time: 1044 of 5000
elapsed time: 1049 of 5000
elapsed time: 1055 of 5000
elapsed time: 1061 of 5000
elapsed time: 1067 of 5000
elapsed time: 1074 of 5000
elapsed time: 1081 of 5000
elapsed time: 1087 of 5000
elapsed time: 1092 of 5000
elapsed time: 1098 of 5000
elapsed time: 1104 of 5000
elapsed time: 1109 of 5000
elapsed time: 1114 of 5000
elapsed time: 1120 of 5000
elapsed time: 1126 of 5000
elapsed time: 1132 of 5000
elapsed time: 1135 of 5000
elapsed time: 1143 of 5000
elapsed time: 1149 of 5000
elapsed time: 1154 of 5000
elapsed time: 1161 of 5000
elapsed time: 1167 of 5000
elapsed time: 1173 of 5000
elapsed time: 1179 of 5000
elapsed time: 1184 of 5000
elapsed time: 1190 of 5000
elapsed time: 1195 of 5000
elapsed time: 1200 of 5000
elapsed time: 1206 of 5000
elapsed time: 1212 of 5000
elapsed time: 1216 of 5000
elapsed time: 1225 of 5000
elapsed time: 1230 of 5000
elapsed time: 1237 of 5000
elapsed time: 1243 of 5000
elapsed time: 1249 of 5000
elapsed time: 1255 of 5000
elapsed time: 1262 of 5000
elapsed time: 1266 of 5000
elapsed time: 1271 of 5000
elapsed time: 1275 of 5000
elapsed time: 1281 of 5000
elapsed time: 1285 of 5000
elapsed time: 1292 of 5000
elapsed time: 1298 of 5000
elapsed time: 1305 of 5000
elapsed time: 1311 of 5000
elapsed time: 1317 of 5000
elapsed time: 1323 of 5000
elapsed time: 1329 of 5000
elapsed time: 1334 of 5000
elapsed time: 1339 of 5000
elapsed time: 1344 of 5000
elapsed time: 1348 of 5000
elapsed time: 1353 of 5000
elapsed time: 1359 of 5000
elapsed time: 1365 of 5000
elapsed time: 1371 of 5000
elapsed time: 1376 of 5000
elapsed time: 1383 of 5000
elapsed time: 1388 of 5000
elapsed time: 1393 of 5000
elapsed time: 1400 of 5000
elapsed time: 1406 of 5000
elapsed time: 1413 of 5000
elapsed time: 1418 of 5000
elapsed time: 1423 of 5000
elapsed time: 1428 of 5000
elapsed time: 1432 of 5000
elapsed time: 1438 of 5000
elapsed time: 1444 of 5000
elapsed time: 1450 of 5000
elapsed time: 1455 of 5000
elapsed time: 1462 of 5000
elapsed time: 1467 of 5000
elapsed time: 1472 of 5000
elapsed time: 1480 of 5000
elapsed time: 1487 of 5000
elapsed time: 1495 of 5000
elapsed time: 1499 of 5000
elapsed time: 1508 of 5000
elapsed time: 1516 of 5000
elapsed time: 1522 of 5000
elapsed time: 1527 of 5000
elapsed time: 1533 of 5000
elapsed time: 1538 of 5000
elapsed time: 1545 of 5000
elapsed time: 1551 of 5000
elapsed time: 1557 of 5000
elapsed time: 1562 of 5000
elapsed time: 1569 of 5000
elapsed time: 1573 of 5000
elapsed time: 1578 of 5000
elapsed time: 1584 of 5000
elapsed time: 1589 of 5000
elapsed time: 1594 of 5000
elapsed time: 1600 of 5000
elapsed time: 1606 of 5000
elapsed time: 1611 of 5000
elapsed time: 1617 of 5000
elapsed time: 1624 of 5000
elapsed time: 1629 of 5000
elapsed time: 1634 of 5000
elapsed time: 1641 of 5000
elapsed time: 1648 of 5000
elapsed time: 1653 of 5000
elapsed time: 1659 of 5000
elapsed time: 1665 of 5000
elapsed time: 1670 of 5000
elapsed time: 1677 of 5000
elapsed time: 1683 of 5000
elapsed time: 1687 of 5000
elapsed time: 1693 of 5000
elapsed time: 1700 of 5000
elapsed time: 1706 of 5000
elapsed time: 1712 of 5000
elapsed time: 1719 of 5000
elapsed time: 1723 of 5000
elapsed time: 1730 of 5000
elapsed time: 1734 of 5000
elapsed time: 1741 of 5000
elapsed time: 1747 of 5000
elapsed time: 1751 of 5000
elapsed time: 1757 of 5000
elapsed time: 1763 of 5000
elapsed time: 1768 of 5000
elapsed time: 1774 of 5000
elapsed time: 1782 of 5000
elapsed time: 1786 of 5000
elapsed time: 1791 of 5000
elapsed time: 1799 of 5000
elapsed time: 1803 of 5000
elapsed time: 1809 of 5000
elapsed time: 1815 of 5000
elapsed time: 1823 of 5000
elapsed time: 1828 of 5000
elapsed time: 1834 of 5000
elapsed time: 1839 of 5000
elapsed time: 1846 of 5000
elapsed time: 1851 of 5000
elapsed time: 1855 of 5000
elapsed time: 1863 of 5000
elapsed time: 1867 of 5000
elapsed time: 1873 of 5000
elapsed time: 1880 of 5000
elapsed time: 1885 of 5000
elapsed time: 1891 of 5000
elapsed time: 1897 of 5000
elapsed time: 1901 of 5000
elapsed time: 1906 of 5000
elapsed time: 1911 of 5000
elapsed time: 1917 of 5000
elapsed time: 1923 of 5000
elapsed time: 1929 of 5000
elapsed time: 1933 of 5000
elapsed time: 1940 of 5000
elapsed time: 1946 of 5000
elapsed time: 1952 of 5000
elapsed time: 1958 of 5000
elapsed time: 1963 of 5000
elapsed time: 1971 of 5000
elapsed time: 1978 of 5000
elapsed time: 1983 of 5000
elapsed time: 1987 of 5000
elapsed time: 1991 of 5000
elapsed time: 1997 of 5000
elapsed time: 2002 of 5000
elapsed time: 2007 of 5000
elapsed time: 2012 of 5000
elapsed time: 2018 of 5000
elapsed time: 2024 of 5000
elapsed time: 2030 of 5000
elapsed time: 2037 of 5000
elapsed time: 2043 of 5000
elapsed time: 2049 of 5000
elapsed time: 2055 of 5000
elapsed time: 2061 of 5000
elapsed time: 2067 of 5000
elapsed time: 2072 of 5000
elapsed time: 2077 of 5000
elapsed time: 2082 of 5000
elapsed time: 2089 of 5000
elapsed time: 2095 of 5000
elapsed time: 2101 of 5000
elapsed time: 2107 of 5000
elapsed time: 2112 of 5000
elapsed time: 2118 of 5000
elapsed time: 2123 of 5000
elapsed time: 2129 of 5000
elapsed time: 2133 of 5000
elapsed time: 2138 of 5000
elapsed time: 2144 of 5000
elapsed time: 2151 of 5000
elapsed time: 2158 of 5000
elapsed time: 2165 of 5000
elapsed time: 2170 of 5000
elapsed time: 2175 of 5000
elapsed time: 2184 of 5000
elapsed time: 2189 of 5000
elapsed time: 2195 of 5000
elapsed time: 2200 of 5000
elapsed time: 2206 of 5000
elapsed time: 2211 of 5000
elapsed time: 2214 of 5000
elapsed time: 2221 of 5000
elapsed time: 2227 of 5000
elapsed time: 2232 of 5000
elapsed time: 2237 of 5000
elapsed time: 2245 of 5000
elapsed time: 2250 of 5000
elapsed time: 2257 of 5000
elapsed time: 2265 of 5000
elapsed time: 2273 of 5000
elapsed time: 2280 of 5000
elapsed time: 2287 of 5000
elapsed time: 2291 of 5000
elapsed time: 2298 of 5000
elapsed time: 2303 of 5000
elapsed time: 2308 of 5000
elapsed time: 2313 of 5000
elapsed time: 2318 of 5000
elapsed time: 2324 of 5000
elapsed time: 2331 of 5000
elapsed time: 2337 of 5000
elapsed time: 2344 of 5000
elapsed time: 2349 of 5000
elapsed time: 2355 of 5000
elapsed time: 2360 of 5000
elapsed time: 2367 of 5000
elapsed time: 2372 of 5000
elapsed time: 2377 of 5000
elapsed time: 2386 of 5000
elapsed time: 2390 of 5000
elapsed time: 2396 of 5000
elapsed time: 2402 of 5000
elapsed time: 2409 of 5000
elapsed time: 2415 of 5000
elapsed time: 2422 of 5000
elapsed time: 2427 of 5000
elapsed time: 2432 of 5000
elapsed time: 2438 of 5000
elapsed time: 2443 of 5000
elapsed time: 2449 of 5000
elapsed time: 2453 of 5000
elapsed time: 2460 of 5000
elapsed time: 2466 of 5000
elapsed time: 2471 of 5000
elapsed time: 2476 of 5000
elapsed time: 2481 of 5000
elapsed time: 2488 of 5000
elapsed time: 2494 of 5000
elapsed time: 2500 of 5000
elapsed time: 2505 of 5000
elapsed time: 2511 of 5000
elapsed time: 2517 of 5000
elapsed time: 2522 of 5000
elapsed time: 2528 of 5000
elapsed time: 2533 of 5000
elapsed time: 2540 of 5000
elapsed time: 2546 of 5000
elapsed time: 2550 of 5000
elapsed time: 2555 of 5000
elapsed time: 2561 of 5000
elapsed time: 2569 of 5000
elapsed time: 2574 of 5000
elapsed time: 2580 of 5000
elapsed time: 2585 of 5000
elapsed time: 2591 of 5000
elapsed time: 2596 of 5000
elapsed time: 2601 of 5000
elapsed time: 2610 of 5000
elapsed time: 2618 of 5000
elapsed time: 2627 of 5000
elapsed time: 2633 of 5000
elapsed time: 2638 of 5000
elapsed time: 2644 of 5000
elapsed time: 2650 of 5000
elapsed time: 2655 of 5000
elapsed time: 2662 of 5000
elapsed time: 2666 of 5000
elapsed time: 2673 of 5000
elapsed time: 2678 of 5000
elapsed time: 2684 of 5000
elapsed time: 2689 of 5000
elapsed time: 2693 of 5000
elapsed time: 2698 of 5000
elapsed time: 2705 of 5000
elapsed time: 2711 of 5000
elapsed time: 2716 of 5000
elapsed time: 2721 of 5000
elapsed time: 2728 of 5000
elapsed time: 2732 of 5000
elapsed time: 2739 of 5000
elapsed time: 2745 of 5000
elapsed time: 2750 of 5000
elapsed time: 2756 of 5000
elapsed time: 2763 of 5000
elapsed time: 2768 of 5000
elapsed time: 2773 of 5000
elapsed time: 2779 of 5000
elapsed time: 2786 of 5000
elapsed time: 2791 of 5000
elapsed time: 2797 of 5000
elapsed time: 2803 of 5000
elapsed time: 2809 of 5000
elapsed time: 2814 of 5000
elapsed time: 2821 of 5000
elapsed time: 2826 of 5000
elapsed time: 2833 of 5000
elapsed time: 2838 of 5000
elapsed time: 2845 of 5000
elapsed time: 2849 of 5000
elapsed time: 2852 of 5000
elapsed time: 2857 of 5000
elapsed time: 2863 of 5000
elapsed time: 2871 of 5000
elapsed time: 2876 of 5000
elapsed time: 2883 of 5000
elapsed time: 2889 of 5000
elapsed time: 2896 of 5000
elapsed time: 2902 of 5000
elapsed time: 2906 of 5000
elapsed time: 2913 of 5000
elapsed time: 2919 of 5000
elapsed time: 2925 of 5000
elapsed time: 2930 of 5000
elapsed time: 2934 of 5000
elapsed time: 2939 of 5000
elapsed time: 2945 of 5000
elapsed time: 2950 of 5000
elapsed time: 2956 of 5000
elapsed time: 2959 of 5000
elapsed time: 2966 of 5000
elapsed time: 2972 of 5000
elapsed time: 2978 of 5000
elapsed time: 2984 of 5000
elapsed time: 2989 of 5000
elapsed time: 2995 of 5000
elapsed time: 2999 of 5000
elapsed time: 3005 of 5000
elapsed time: 3010 of 5000
elapsed time: 3015 of 5000
elapsed time: 3021 of 5000
elapsed time: 3027 of 5000
elapsed time: 3033 of 5000
elapsed time: 3038 of 5000
elapsed time: 3045 of 5000
elapsed time: 3051 of 5000
elapsed time: 3057 of 5000
elapsed time: 3064 of 5000
elapsed time: 3070 of 5000
elapsed time: 3075 of 5000
elapsed time: 3081 of 5000
elapsed time: 3086 of 5000
elapsed time: 3091 of 5000
elapsed time: 3095 of 5000
elapsed time: 3101 of 5000
elapsed time: 3107 of 5000
elapsed time: 3114 of 5000
elapsed time: 3120 of 5000
elapsed time: 3127 of 5000
elapsed time: 3133 of 5000
elapsed time: 3138 of 5000
elapsed time: 3144 of 5000
elapsed time: 3149 of 5000
elapsed time: 3154 of 5000
elapsed time: 3159 of 5000
elapsed time: 3164 of 5000
elapsed time: 3169 of 5000
elapsed time: 3172 of 5000
elapsed time: 3178 of 5000
elapsed time: 3182 of 5000
elapsed time: 3188 of 5000
elapsed time: 3192 of 5000
elapsed time: 3199 of 5000
elapsed time: 3204 of 5000
elapsed time: 3210 of 5000
elapsed time: 3217 of 5000
elapsed time: 3224 of 5000
elapsed time: 3230 of 5000
elapsed time: 3234 of 5000
elapsed time: 3239 of 5000
elapsed time: 3246 of 5000
elapsed time: 3251 of 5000
elapsed time: 3255 of 5000
elapsed time: 3261 of 5000
elapsed time: 3270 of 5000
elapsed time: 3277 of 5000
elapsed time: 3281 of 5000
elapsed time: 3289 of 5000
elapsed time: 3296 of 5000
elapsed time: 3302 of 5000
elapsed time: 3306 of 5000
elapsed time: 3312 of 5000
elapsed time: 3317 of 5000
elapsed time: 3323 of 5000
elapsed time: 3329 of 5000
elapsed time: 3333 of 5000
elapsed time: 3338 of 5000
elapsed time: 3343 of 5000
elapsed time: 3350 of 5000
elapsed time: 3356 of 5000
elapsed time: 3361 of 5000
elapsed time: 3369 of 5000
elapsed time: 3375 of 5000
elapsed time: 3381 of 5000
elapsed time: 3387 of 5000
elapsed time: 3392 of 5000
elapsed time: 3396 of 5000
elapsed time: 3404 of 5000
elapsed time: 3410 of 5000
elapsed time: 3415 of 5000
elapsed time: 3421 of 5000
elapsed time: 3426 of 5000
elapsed time: 3433 of 5000
elapsed time: 3439 of 5000
elapsed time: 3446 of 5000
elapsed time: 3454 of 5000
elapsed time: 3460 of 5000
elapsed time: 3466 of 5000
elapsed time: 3472 of 5000
elapsed time: 3476 of 5000
elapsed time: 3480 of 5000
elapsed time: 3490 of 5000
elapsed time: 3496 of 5000
elapsed time: 3503 of 5000
elapsed time: 3510 of 5000
elapsed time: 3516 of 5000
elapsed time: 3521 of 5000
elapsed time: 3528 of 5000
elapsed time: 3533 of 5000
elapsed time: 3538 of 5000
elapsed time: 3544 of 5000
elapsed time: 3549 of 5000
elapsed time: 3555 of 5000
elapsed time: 3558 of 5000
elapsed time: 3565 of 5000
elapsed time: 3571 of 5000
elapsed time: 3574 of 5000
elapsed time: 3581 of 5000
elapsed time: 3586 of 5000
elapsed time: 3591 of 5000
elapsed time: 3598 of 5000
elapsed time: 3602 of 5000
elapsed time: 3609 of 5000
elapsed time: 3613 of 5000
elapsed time: 3617 of 5000
elapsed time: 3621 of 5000
elapsed time: 3625 of 5000
elapsed time: 3629 of 5000
elapsed time: 3633 of 5000
elapsed time: 3637 of 5000
elapsed time: 3641 of 5000
elapsed time: 3645 of 5000
elapsed time: 3649 of 5000
elapsed time: 3653 of 5000
elapsed time: 3657 of 5000
elapsed time: 3661 of 5000
elapsed time: 3665 of 5000
elapsed time: 3669 of 5000
elapsed time: 3673 of 5000
elapsed time: 3677 of 5000
elapsed time: 3681 of 5000
elapsed time: 3685 of 5000
elapsed time: 3689 of 5000
elapsed time: 3693 of 5000
elapsed time: 3697 of 5000
elapsed time: 3701 of 5000
elapsed time: 3705 of 5000
elapsed time: 3709 of 5000
elapsed time: 3713 of 5000
elapsed time: 3718 of 5000
elapsed time: 3722 of 5000
elapsed time: 3726 of 5000
elapsed time: 3730 of 5000
elapsed time: 3734 of 5000
elapsed time: 3738 of 5000
elapsed time: 3742 of 5000
elapsed time: 3746 of 5000
elapsed time: 3750 of 5000
elapsed time: 3754 of 5000
elapsed time: 3758 of 5000
elapsed time: 3762 of 5000
elapsed time: 3766 of 5000
elapsed time: 3770 of 5000
elapsed time: 3774 of 5000
elapsed time: 3778 of 5000
elapsed time: 3782 of 5000
elapsed time: 3786 of 5000
elapsed time: 3790 of 5000
elapsed time: 3794 of 5000
elapsed time: 3798 of 5000
elapsed time: 3802 of 5000
elapsed time: 3806 of 5000
elapsed time: 3810 of 5000
elapsed time: 3814 of 5000
elapsed time: 3818 of 5000
elapsed time: 3822 of 5000
elapsed time: 3827 of 5000
elapsed time: 3831 of 5000
elapsed time: 3835 of 5000
elapsed time: 3839 of 5000
elapsed time: 3843 of 5000
elapsed time: 3847 of 5000
elapsed time: 3851 of 5000
elapsed time: 3856 of 5000
elapsed time: 3860 of 5000
elapsed time: 3864 of 5000
elapsed time: 3868 of 5000
elapsed time: 3872 of 5000
elapsed time: 3876 of 5000
elapsed time: 3879 of 5000
elapsed time: 3883 of 5000
elapsed time: 3886 of 5000
elapsed time: 3889 of 5000
elapsed time: 3892 of 5000
elapsed time: 3896 of 5000
elapsed time: 3899 of 5000
elapsed time: 3902 of 5000
elapsed time: 3906 of 5000
elapsed time: 3909 of 5000
elapsed time: 3912 of 5000
elapsed time: 3915 of 5000
elapsed time: 3919 of 5000
elapsed time: 3922 of 5000
elapsed time: 3925 of 5000
elapsed time: 3929 of 5000
elapsed time: 3933 of 5000
elapsed time: 3936 of 5000
elapsed time: 3939 of 5000
elapsed time: 3942 of 5000
elapsed time: 3946 of 5000
elapsed time: 3949 of 5000
elapsed time: 3952 of 5000
elapsed time: 3956 of 5000
elapsed time: 3959 of 5000
elapsed time: 3962 of 5000
elapsed time: 3965 of 5000
elapsed time: 3969 of 5000
elapsed time: 3972 of 5000
elapsed time: 3975 of 5000
elapsed time: 3979 of 5000
elapsed time: 3982 of 5000
elapsed time: 3985 of 5000
elapsed time: 3989 of 5000
elapsed time: 3992 of 5000
elapsed time: 3995 of 5000
elapsed time: 3998 of 5000
elapsed time: 4002 of 5000
elapsed time: 4005 of 5000
elapsed time: 4008 of 5000
elapsed time: 4012 of 5000
elapsed time: 4015 of 5000
elapsed time: 4018 of 5000
elapsed time: 4022 of 5000
elapsed time: 4025 of 5000
elapsed time: 4028 of 5000
elapsed time: 4032 of 5000
elapsed time: 4035 of 5000
elapsed time: 4039 of 5000
elapsed time: 4042 of 5000
elapsed time: 4045 of 5000
elapsed time: 4049 of 5000
elapsed time: 4052 of 5000
elapsed time: 4055 of 5000
elapsed time: 4059 of 5000
elapsed time: 4062 of 5000
elapsed time: 4065 of 5000
elapsed time: 4069 of 5000
elapsed time: 4072 of 5000
elapsed time: 4075 of 5000
elapsed time: 4078 of 5000
elapsed time: 4082 of 5000
elapsed time: 4085 of 5000
elapsed time: 4088 of 5000
elapsed time: 4092 of 5000
elapsed time: 4095 of 5000
elapsed time: 4098 of 5000
elapsed time: 4101 of 5000
elapsed time: 4105 of 5000
elapsed time: 4108 of 5000
elapsed time: 4112 of 5000
elapsed time: 4115 of 5000
elapsed time: 4118 of 5000
elapsed time: 4122 of 5000
elapsed time: 4125 of 5000
elapsed time: 4128 of 5000
elapsed time: 4132 of 5000
elapsed time: 4136 of 5000
elapsed time: 4139 of 5000
elapsed time: 4142 of 5000
elapsed time: 4146 of 5000
elapsed time: 4149 of 5000
elapsed time: 4152 of 5000
elapsed time: 4156 of 5000
elapsed time: 4159 of 5000
elapsed time: 4163 of 5000
elapsed time: 4166 of 5000
elapsed time: 4169 of 5000
elapsed time: 4173 of 5000
elapsed time: 4176 of 5000
elapsed time: 4179 of 5000
elapsed time: 4183 of 5000
elapsed time: 4186 of 5000
elapsed time: 4189 of 5000
elapsed time: 4192 of 5000
elapsed time: 4196 of 5000
elapsed time: 4199 of 5000
elapsed time: 4202 of 5000
elapsed time: 4206 of 5000
elapsed time: 4209 of 5000
elapsed time: 4212 of 5000
elapsed time: 4216 of 5000
elapsed time: 4219 of 5000
elapsed time: 4222 of 5000
elapsed time: 4226 of 5000
elapsed time: 4229 of 5000
elapsed time: 4232 of 5000
elapsed time: 4236 of 5000
elapsed time: 4240 of 5000
elapsed time: 4243 of 5000
elapsed time: 4246 of 5000
elapsed time: 4250 of 5000
elapsed time: 4253 of 5000
elapsed time: 4257 of 5000
elapsed time: 4261 of 5000
elapsed time: 4265 of 5000
elapsed time: 4268 of 5000
elapsed time: 4275 of 5000
elapsed time: 4282 of 5000
elapsed time: 4288 of 5000
elapsed time: 4292 of 5000
elapsed time: 4295 of 5000
elapsed time: 4298 of 5000
elapsed time: 4302 of 5000
elapsed time: 4305 of 5000
elapsed time: 4308 of 5000
elapsed time: 4312 of 5000
elapsed time: 4315 of 5000
elapsed time: 4318 of 5000
elapsed time: 4322 of 5000
elapsed time: 4325 of 5000
elapsed time: 4328 of 5000
elapsed time: 4331 of 5000
elapsed time: 4335 of 5000
elapsed time: 4338 of 5000
elapsed time: 4341 of 5000
elapsed time: 4345 of 5000
elapsed time: 4348 of 5000
elapsed time: 4352 of 5000
elapsed time: 4355 of 5000
elapsed time: 4359 of 5000
elapsed time: 4362 of 5000
elapsed time: 4365 of 5000
elapsed time: 4368 of 5000
elapsed time: 4372 of 5000
elapsed time: 4375 of 5000
elapsed time: 4378 of 5000
elapsed time: 4382 of 5000
elapsed time: 4386 of 5000
elapsed time: 4389 of 5000
elapsed time: 4392 of 5000
elapsed time: 4395 of 5000
elapsed time: 4399 of 5000
elapsed time: 4402 of 5000
elapsed time: 4406 of 5000
elapsed time: 4409 of 5000
elapsed time: 4412 of 5000
elapsed time: 4415 of 5000
elapsed time: 4419 of 5000
elapsed time: 4422 of 5000
elapsed time: 4425 of 5000
elapsed time: 4429 of 5000
elapsed time: 4432 of 5000
elapsed time: 4435 of 5000
elapsed time: 4438 of 5000
elapsed time: 4442 of 5000
elapsed time: 4445 of 5000
elapsed time: 4448 of 5000
elapsed time: 4452 of 5000
elapsed time: 4456 of 5000
elapsed time: 4459 of 5000
elapsed time: 4462 of 5000
elapsed time: 4466 of 5000
elapsed time: 4469 of 5000
elapsed time: 4472 of 5000
elapsed time: 4476 of 5000
elapsed time: 4479 of 5000
elapsed time: 4483 of 5000
elapsed time: 4486 of 5000
elapsed time: 4490 of 5000
elapsed time: 4493 of 5000
elapsed time: 4496 of 5000
elapsed time: 4499 of 5000
elapsed time: 4503 of 5000
elapsed time: 4506 of 5000
elapsed time: 4510 of 5000
elapsed time: 4513 of 5000
elapsed time: 4516 of 5000
elapsed time: 4519 of 5000
elapsed time: 4523 of 5000
elapsed time: 4526 of 5000
elapsed time: 4529 of 5000
elapsed time: 4533 of 5000
elapsed time: 4536 of 5000
elapsed time: 4539 of 5000
elapsed time: 4542 of 5000
elapsed time: 4546 of 5000
elapsed time: 4549 of 5000
elapsed time: 4553 of 5000
elapsed time: 4556 of 5000
elapsed time: 4560 of 5000
elapsed time: 4563 of 5000
elapsed time: 4567 of 5000
elapsed time: 4571 of 5000
elapsed time: 4574 of 5000
elapsed time: 4578 of 5000
elapsed time: 4581 of 5000
elapsed time: 4585 of 5000
elapsed time: 4588 of 5000
elapsed time: 4592 of 5000
elapsed time: 4595 of 5000
elapsed time: 4599 of 5000
elapsed time: 4603 of 5000
elapsed time: 4606 of 5000
elapsed time: 4609 of 5000
elapsed time: 4613 of 5000
elapsed time: 4616 of 5000
elapsed time: 4620 of 5000
elapsed time: 4624 of 5000
elapsed time: 4627 of 5000
elapsed time: 4633 of 5000
elapsed time: 4638 of 5000
elapsed time: 4644 of 5000
elapsed time: 4651 of 5000
elapsed time: 4656 of 5000
elapsed time: 4661 of 5000
elapsed time: 4667 of 5000
elapsed time: 4673 of 5000
elapsed time: 4678 of 5000
elapsed time: 4684 of 5000
elapsed time: 4691 of 5000
elapsed time: 4697 of 5000
elapsed time: 4702 of 5000
elapsed time: 4709 of 5000
elapsed time: 4714 of 5000
elapsed time: 4720 of 5000
elapsed time: 4727 of 5000
elapsed time: 4731 of 5000
elapsed time: 4737 of 5000
elapsed time: 4742 of 5000
elapsed time: 4748 of 5000
elapsed time: 4754 of 5000
elapsed time: 4759 of 5000
elapsed time: 4764 of 5000
elapsed time: 4772 of 5000
elapsed time: 4777 of 5000
elapsed time: 4784 of 5000
elapsed time: 4791 of 5000
elapsed time: 4795 of 5000
elapsed time: 4803 of 5000
elapsed time: 4810 of 5000
elapsed time: 4816 of 5000
elapsed time: 4821 of 5000
elapsed time: 4826 of 5000
elapsed time: 4832 of 5000
elapsed time: 4838 of 5000
elapsed time: 4842 of 5000
elapsed time: 4846 of 5000
elapsed time: 4854 of 5000
elapsed time: 4860 of 5000
elapsed time: 4863 of 5000
elapsed time: 4872 of 5000
elapsed time: 4877 of 5000
elapsed time: 4882 of 5000
elapsed time: 4890 of 5000
elapsed time: 4895 of 5000
elapsed time: 4899 of 5000
elapsed time: 4903 of 5000
elapsed time: 4909 of 5000
elapsed time: 4916 of 5000
elapsed time: 4921 of 5000
elapsed time: 4926 of 5000
elapsed time: 4933 of 5000
elapsed time: 4939 of 5000
elapsed time: 4945 of 5000
elapsed time: 4952 of 5000
elapsed time: 4959 of 5000
elapsed time: 4965 of 5000
elapsed time: 4971 of 5000
elapsed time: 4977 of 5000
elapsed time: 4981 of 5000
elapsed time: 4988 of 5000
elapsed time: 4994 of 5000
elapsed time: 4998 of 5000
Done testing...
Start testing...
elapsed time: 71 of 5000
elapsed time: 98 of 5000
elapsed time: 247 of 5000
elapsed time: 676 of 5000
elapsed time: 687 of 5000
elapsed time: 699 of 5000
elapsed time: 724 of 5000
elapsed time: 762 of 5000
elapsed time: 1156 of 5000
elapsed time: 1171 of 5000
elapsed time: 1183 of 5000
elapsed time: 1473 of 5000
elapsed time: 1856 of 5000
elapsed time: 1883 of 5000
elapsed time: 1971 of 5000
elapsed time: 1983 of 5000
elapsed time: 2114 of 5000
elapsed time: 2166 of 5000
elapsed time: 2711 of 5000
elapsed time: 3055 of 5000
elapsed time: 3070 of 5000
elapsed time: 3083 of 5000
elapsed time: 3110 of 5000
elapsed time: 4245 of 5000
elapsed time: 4493 of 5000
elapsed time: 4507 of 5000
elapsed time: 4662 of 5000
Done testing...
Tests run: 7, Failures: 0, Errors: 0, Skipped: 0, Time elapsed: 34.999 sec
Running calendar.TimeTableTest
Tests run: 5, Failures: 0, Errors: 0, Skipped: 0, Time elapsed: 0.001 sec

Results :

Failed tests:   test01(calendar.ApptTest): expected:<30> but was:<21>

Tests run: 28, Failures: 1, Errors: 0, Skipped: 0

[INFO] ------------------------------------------------------------------------
[INFO] BUILD FAILURE
[INFO] ------------------------------------------------------------------------
[INFO] Total time: 01:56 min
[INFO] Finished at: 2018-03-09T21:00:59-08:00
[INFO] Final Memory: 10M/35M
[INFO] ------------------------------------------------------------------------
[ERROR] Failed to execute goal org.apache.maven.plugins:maven-surefire-plugin:2.12.4:test (default-test) on project Calendar: There are test failures.
[ERROR] 
[ERROR] Please refer to /Users/Matt/OSU/CS362/CS362-001-W2018/projects/bakermat/assignment-5/bakermat/Calendar/target/surefire-reports for the individual test results.
[ERROR] -> [Help 1]
org.apache.maven.lifecycle.LifecycleExecutionException: Failed to execute goal org.apache.maven.plugins:maven-surefire-plugin:2.12.4:test (default-test) on project Calendar: There are test failures.

Please refer to /Users/Matt/OSU/CS362/CS362-001-W2018/projects/bakermat/assignment-5/bakermat/Calendar/target/surefire-reports for the individual test results.
    at org.apache.maven.lifecycle.internal.MojoExecutor.execute (MojoExecutor.java:213)
    at org.apache.maven.lifecycle.internal.MojoExecutor.execute (MojoExecutor.java:154)
    at org.apache.maven.lifecycle.internal.MojoExecutor.execute (MojoExecutor.java:146)
    at org.apache.maven.lifecycle.internal.LifecycleModuleBuilder.buildProject (LifecycleModuleBuilder.java:117)
    at org.apache.maven.lifecycle.internal.LifecycleModuleBuilder.buildProject (LifecycleModuleBuilder.java:81)
    at org.apache.maven.lifecycle.internal.builder.singlethreaded.SingleThreadedBuilder.build (SingleThreadedBuilder.java:51)
    at org.apache.maven.lifecycle.internal.LifecycleStarter.execute (LifecycleStarter.java:128)
    at org.apache.maven.DefaultMaven.doExecute (DefaultMaven.java:309)
    at org.apache.maven.DefaultMaven.doExecute (DefaultMaven.java:194)
    at org.apache.maven.DefaultMaven.execute (DefaultMaven.java:107)
    at org.apache.maven.cli.MavenCli.execute (MavenCli.java:955)
    at org.apache.maven.cli.MavenCli.doMain (MavenCli.java:290)
    at org.apache.maven.cli.MavenCli.main (MavenCli.java:194)
    at jdk.internal.reflect.NativeMethodAccessorImpl.invoke0 (Native Method)
    at jdk.internal.reflect.NativeMethodAccessorImpl.invoke (NativeMethodAccessorImpl.java:62)
    at jdk.internal.reflect.DelegatingMethodAccessorImpl.invoke (DelegatingMethodAccessorImpl.java:43)
    at java.lang.reflect.Method.invoke (Method.java:564)
    at org.codehaus.plexus.classworlds.launcher.Launcher.launchEnhanced (Launcher.java:289)
    at org.codehaus.plexus.classworlds.launcher.Launcher.launch (Launcher.java:229)
    at org.codehaus.plexus.classworlds.launcher.Launcher.mainWithExitCode (Launcher.java:415)
    at org.codehaus.plexus.classworlds.launcher.Launcher.main (Launcher.java:356)
Caused by: org.apache.maven.plugin.MojoFailureException: There are test failures.

Please refer to /Users/Matt/OSU/CS362/CS362-001-W2018/projects/bakermat/assignment-5/bakermat/Calendar/target/surefire-reports for the individual test results.
    at org.apache.maven.plugin.surefire.SurefireHelper.reportExecution (SurefireHelper.java:83)
    at org.apache.maven.plugin.surefire.SurefirePlugin.writeSummary (SurefirePlugin.java:176)
    at org.apache.maven.plugin.surefire.SurefirePlugin.handleSummary (SurefirePlugin.java:150)
    at org.apache.maven.plugin.surefire.AbstractSurefireMojo.executeAfterPreconditionsChecked (AbstractSurefireMojo.java:650)
    at org.apache.maven.plugin.surefire.AbstractSurefireMojo.execute (AbstractSurefireMojo.java:586)
    at org.apache.maven.plugin.DefaultBuildPluginManager.executeMojo (DefaultBuildPluginManager.java:134)
    at org.apache.maven.lifecycle.internal.MojoExecutor.execute (MojoExecutor.java:208)
    at org.apache.maven.lifecycle.internal.MojoExecutor.execute (MojoExecutor.java:154)
    at org.apache.maven.lifecycle.internal.MojoExecutor.execute (MojoExecutor.java:146)
    at org.apache.maven.lifecycle.internal.LifecycleModuleBuilder.buildProject (LifecycleModuleBuilder.java:117)
    at org.apache.maven.lifecycle.internal.LifecycleModuleBuilder.buildProject (LifecycleModuleBuilder.java:81)
    at org.apache.maven.lifecycle.internal.builder.singlethreaded.SingleThreadedBuilder.build (SingleThreadedBuilder.java:51)
    at org.apache.maven.lifecycle.internal.LifecycleStarter.execute (LifecycleStarter.java:128)
    at org.apache.maven.DefaultMaven.doExecute (DefaultMaven.java:309)
    at org.apache.maven.DefaultMaven.doExecute (DefaultMaven.java:194)
    at org.apache.maven.DefaultMaven.execute (DefaultMaven.java:107)
    at org.apache.maven.cli.MavenCli.execute (MavenCli.java:955)
    at org.apache.maven.cli.MavenCli.doMain (MavenCli.java:290)
    at org.apache.maven.cli.MavenCli.main (MavenCli.java:194)
    at jdk.internal.reflect.NativeMethodAccessorImpl.invoke0 (Native Method)
    at jdk.internal.reflect.NativeMethodAccessorImpl.invoke (NativeMethodAccessorImpl.java:62)
    at jdk.internal.reflect.DelegatingMethodAccessorImpl.invoke (DelegatingMethodAccessorImpl.java:43)
    at java.lang.reflect.Method.invoke (Method.java:564)
    at org.codehaus.plexus.classworlds.launcher.Launcher.launchEnhanced (Launcher.java:289)
    at org.codehaus.plexus.classworlds.launcher.Launcher.launch (Launcher.java:229)
    at org.codehaus.plexus.classworlds.launcher.Launcher.mainWithExitCode (Launcher.java:415)
    at org.codehaus.plexus.classworlds.launcher.Launcher.main (Launcher.java:356)
[ERROR] 
[ERROR] Re-run Maven using the -X switch to enable full debug logging.
[ERROR] 
[ERROR] For more information about the errors and possible solutions, please read the following articles:
[ERROR] [Help 1] http://cwiki.apache.org/confluence/display/MAVEN/MojoFailureException
